2026-03-17 11:42:40.067 [info] [main] Log level: Info
2026-03-17 11:42:40.067 [info] [main] Validating found git in: "git"
2026-03-17 11:42:40.067 [info] [main] Using git "2.53.0" from "git"
2026-03-17 11:42:40.067 [info] [Model][doInitialScan] Initial repository scan started
2026-03-17 11:42:40.067 [info] > git rev-parse --show-toplevel [4ms]
2026-03-17 11:42:40.067 [info] > git rev-parse --git-dir --git-common-dir --show-superproject-working-tree [7ms]
2026-03-17 11:42:40.123 [info] [Model][openRepository] Opened repository (path): /home/avi
2026-03-17 11:42:40.123 [info] [Model][openRepository] Opened repository (real path): /home/avi
2026-03-17 11:42:40.123 [info] [Model][openRepository] Opened repository (kind): repository
2026-03-17 11:42:40.139 [info] > git config --get commit.template [7ms]
2026-03-17 11:42:40.145 [info] > git rev-parse --show-toplevel [8ms]
2026-03-17 11:42:40.156 [info] > git for-each-ref --format=%(refname)%00%(upstream:short)%00%(objectname)%00%(upstream:track)%00%(upstream:remotename)%00%(upstream:remoteref) refs/heads/main refs/remotes/main [6ms]
2026-03-17 11:42:40.170 [info] > git rev-parse --show-toplevel [15ms]
2026-03-17 11:42:40.177 [info] > git for-each-ref --sort -committerdate --format %(refname)%00%(objectname)%00%(*objectname) [9ms]
2026-03-17 11:42:40.179 [info] > git rev-parse --show-toplevel [2ms]
2026-03-17 11:42:40.188 [info] > git rev-parse --show-toplevel [2ms]
2026-03-17 11:42:40.194 [info] > git status -z -uall [32ms]
2026-03-17 11:42:40.230 [info] > git for-each-ref --format=%(refname)%00%(upstream:short)%00%(objectname)%00%(upstream:track)%00%(upstream:remotename)%00%(upstream:remoteref) refs/heads/main refs/remotes/main [13ms]
2026-03-17 11:42:40.237 [info] > git rev-parse --show-toplevel [44ms]
2026-03-17 11:42:40.237 [info] fatal: this operation must be run in a work tree
2026-03-17 11:42:40.246 [info] > git config --get --local branch.main.vscode-merge-base [9ms]
2026-03-17 11:42:40.252 [info] > git config --get commit.template [23ms]
2026-03-17 11:42:40.253 [info] > git rev-parse --show-toplevel [8ms]
2026-03-17 11:42:40.263 [info] > git for-each-ref --format=%(refname)%00%(upstream:short)%00%(objectname)%00%(upstream:track)%00%(upstream:remotename)%00%(upstream:remoteref) refs/heads/origin/main refs/remotes/origin/main [12ms]
2026-03-17 11:42:40.266 [info] > git rev-parse --show-toplevel [3ms]
2026-03-17 11:42:40.266 [info] > git for-each-ref --format=%(refname)%00%(upstream:short)%00%(objectname)%00%(upstream:track)%00%(upstream:remotename)%00%(upstream:remoteref) refs/heads/main refs/remotes/main [8ms]
2026-03-17 11:42:40.282 [info] > git status -z -uall [11ms]
2026-03-17 11:42:40.282 [info] > git for-each-ref --sort -committerdate --format %(refname)%00%(objectname)%00%(*objectname) [7ms]
2026-03-17 11:42:40.288 [info] > git rev-parse --show-toplevel [8ms]
2026-03-17 11:42:40.295 [info] > git rev-parse --show-toplevel [3ms]
2026-03-17 11:42:40.303 [info] > git rev-parse --show-toplevel [3ms]
2026-03-17 11:42:40.321 [info] > git rev-parse --show-toplevel [13ms]
2026-03-17 11:42:40.328 [info] > git rev-parse --show-toplevel [1ms]
2026-03-17 11:42:40.333 [info] > git rev-parse --show-toplevel [1ms]
2026-03-17 11:42:40.342 [info] > git rev-parse --git-dir --git-common-dir --show-superproject-working-tree [4ms]
2026-03-17 11:42:40.355 [info] [Model][openRepository] Opened repository (path): /home/avi/.oh-my-zsh
2026-03-17 11:42:40.355 [info] [Model][openRepository] Opened repository (real path): /home/avi/.oh-my-zsh
2026-03-17 11:42:40.355 [info] [Model][openRepository] Opened repository (kind): repository
2026-03-17 11:42:40.367 [info] > git config --get commit.template [6ms]
2026-03-17 11:42:40.369 [info] > git rev-parse --show-toplevel [3ms]
2026-03-17 11:42:40.379 [info] > git for-each-ref --format=%(refname)%00%(upstream:short)%00%(objectname)%00%(upstream:track)%00%(upstream:remotename)%00%(upstream:remoteref) refs/heads/master refs/remotes/master [6ms]
2026-03-17 11:42:40.380 [info] > git rev-parse --show-toplevel [2ms]
2026-03-17 11:42:40.388 [info] > git rev-parse --show-toplevel [3ms]
2026-03-17 11:42:40.406 [info] > git for-each-ref --sort -committerdate --format %(refname)%00%(objectname)%00%(*objectname) [6ms]
2026-03-17 11:42:40.408 [info] > git rev-parse --show-toplevel [3ms]
2026-03-17 11:42:40.416 [info] > git rev-parse --show-toplevel [1ms]
2026-03-17 11:42:40.423 [info] > git rev-parse --show-toplevel [2ms]
2026-03-17 11:42:40.429 [info] > git rev-parse --show-toplevel [1ms]
2026-03-17 11:42:40.435 [info] > git rev-parse --show-toplevel [1ms]
2026-03-17 11:42:40.441 [info] > git rev-parse --show-toplevel [1ms]
2026-03-17 11:42:40.447 [info] > git rev-parse --show-toplevel [2ms]
2026-03-17 11:42:40.453 [info] > git rev-parse --show-toplevel [2ms]
2026-03-17 11:42:40.460 [info] > git rev-parse --show-toplevel [1ms]
2026-03-17 11:42:40.469 [info] > git rev-parse --show-toplevel [5ms]
2026-03-17 11:42:40.477 [info] > git rev-parse --git-dir --git-common-dir --show-superproject-working-tree [3ms]
2026-03-17 11:42:40.483 [info] [Model][openRepository] Opened repository (path): /home/avi/WinSur-dark-cursors
2026-03-17 11:42:40.483 [info] [Model][openRepository] Opened repository (real path): /home/avi/WinSur-dark-cursors
2026-03-17 11:42:40.483 [info] [Model][openRepository] Opened repository (kind): repository
2026-03-17 11:42:40.494 [info] > git config --get commit.template [6ms]
2026-03-17 11:42:40.496 [info] > git rev-parse --show-toplevel [3ms]
2026-03-17 11:42:40.508 [info] > git for-each-ref --format=%(refname)%00%(upstream:short)%00%(objectname)%00%(upstream:track)%00%(upstream:remotename)%00%(upstream:remoteref) refs/heads/master refs/remotes/master [6ms]
2026-03-17 11:42:40.513 [warning] [Git][revParse] Unable to read file: ENOENT: no such file or directory, open '/home/avi/WinSur-dark-cursors/.git/refs/remotes/origin/master'
2026-03-17 11:42:40.556 [info] > git status -z -uall [162ms]
2026-03-17 11:42:40.556 [info] > git rev-parse refs/remotes/origin/master [43ms]
2026-03-17 11:42:40.599 [info] > git rev-parse --git-dir --git-common-dir --show-superproject-working-tree [92ms]
2026-03-17 11:42:40.611 [info] > git for-each-ref --format=%(refname)%00%(upstream:short)%00%(objectname)%00%(upstream:track)%00%(upstream:remotename)%00%(upstream:remoteref) refs/heads/master refs/remotes/master [35ms]
2026-03-17 11:42:40.616 [info] > git for-each-ref --sort -committerdate --format %(refname)%00%(objectname)%00%(*objectname) [49ms]
2026-03-17 11:42:40.618 [info] > git config --get commit.template [7ms]
2026-03-17 11:42:40.618 [info] > git config --get --local branch.master.vscode-merge-base [2ms]
2026-03-17 11:42:40.629 [info] > git for-each-ref --format=%(refname)%00%(upstream:short)%00%(objectname)%00%(upstream:track)%00%(upstream:remotename)%00%(upstream:remoteref) refs/heads/origin/master refs/remotes/origin/master [5ms]
2026-03-17 11:42:40.636 [info] > git status -z -uall [74ms]
2026-03-17 11:42:40.662 [info] > git for-each-ref --format=%(refname)%00%(upstream:short)%00%(objectname)%00%(upstream:track)%00%(upstream:remotename)%00%(upstream:remoteref) refs/heads/master refs/remotes/master [34ms]
2026-03-17 11:42:40.668 [info] > git for-each-ref --format=%(refname)%00%(upstream:short)%00%(objectname)%00%(upstream:track)%00%(upstream:remotename)%00%(upstream:remoteref) refs/heads/master refs/remotes/master [24ms]
2026-03-17 11:42:40.674 [info] > git merge-base refs/heads/master refs/remotes/origin/master [39ms]
2026-03-17 11:42:40.687 [info] [Model][openRepository] Opened repository (path): /home/avi/bash-git
2026-03-17 11:42:40.687 [info] [Model][openRepository] Opened repository (real path): /home/avi/bash-git
2026-03-17 11:42:40.687 [info] [Model][openRepository] Opened repository (kind): repository
2026-03-17 11:42:40.719 [info] > git diff --raw --numstat --diff-filter=ADMR -z --find-renames=50% e0766905519fbc7982a590a195ee7c3e8bb594e8...refs/remotes/origin/master -- [39ms]
2026-03-17 11:42:40.720 [info] > git config --get --local branch.master.vscode-merge-base [46ms]
2026-03-17 11:42:40.726 [info] > git config --get commit.template [59ms]
2026-03-17 11:42:40.739 [info] > git check-ignore -v -z --stdin [7ms]
2026-03-17 11:42:40.740 [info] > git for-each-ref --format=%(refname)%00%(upstream:short)%00%(objectname)%00%(upstream:track)%00%(upstream:remotename)%00%(upstream:remoteref) refs/heads/origin/master refs/remotes/origin/master [14ms]
2026-03-17 11:42:40.748 [info] > git rev-parse --show-toplevel [47ms]
2026-03-17 11:42:40.748 [info] > git config --get commit.template [53ms]
2026-03-17 11:42:40.780 [info] > git merge-base refs/heads/master refs/remotes/origin/master [33ms]
2026-03-17 11:42:40.797 [info] > git rev-parse --show-toplevel [18ms]
2026-03-17 11:42:40.798 [info] > git for-each-ref --sort -committerdate --format %(refname)%00%(objectname)%00%(*objectname) [25ms]
2026-03-17 11:42:40.798 [info] > git for-each-ref --format=%(refname)%00%(upstream:short)%00%(objectname)%00%(upstream:track)%00%(upstream:remotename)%00%(upstream:remoteref) refs/heads/master refs/remotes/master [40ms]
2026-03-17 11:42:40.809 [warning] [Git][revParse] Unable to read file: ENOENT: no such file or directory, open '/home/avi/WinSur-dark-cursors/.git/refs/remotes/origin/master'
2026-03-17 11:42:40.810 [info] > git for-each-ref --format=%(refname)%00%(upstream:short)%00%(objectname)%00%(upstream:track)%00%(upstream:remotename)%00%(upstream:remoteref) refs/heads/master refs/remotes/master [17ms]
2026-03-17 11:42:40.810 [info] > git diff --raw --numstat --diff-filter=ADMR -z --find-renames=50% 022b4aa0a1f8f90d4cd88ed1a16dc7bcd5f87cc8...refs/remotes/origin/master -- [24ms]
2026-03-17 11:42:40.816 [warning] [Git][revParse] Unable to read file: ENOENT: no such file or directory, open '/home/avi/bash-git/.git/refs/remotes/origin/master'
2026-03-17 11:42:40.816 [info] > git status -z -uall [51ms]
2026-03-17 11:42:40.817 [info] > git rev-parse refs/remotes/origin/master [8ms]
2026-03-17 11:42:40.828 [info] > git rev-parse --show-toplevel [24ms]
2026-03-17 11:42:40.836 [info] > git rev-parse refs/remotes/origin/master [20ms]
2026-03-17 11:42:40.853 [info] > git status -z -uall [30ms]
2026-03-17 11:42:40.853 [info] > git status -z -uall [12ms]
2026-03-17 11:42:40.853 [info] > git for-each-ref --sort -committerdate --format %(refname)%00%(objectname)%00%(*objectname) [5ms]
2026-03-17 11:42:40.864 [info] > git rev-parse --show-toplevel [29ms]
2026-03-17 11:42:40.865 [info] > git for-each-ref --sort -committerdate --format %(refname)%00%(objectname)%00%(*objectname) [37ms]
2026-03-17 11:42:40.878 [info] > git for-each-ref --format=%(refname)%00%(upstream:short)%00%(objectname)%00%(upstream:track)%00%(upstream:remotename)%00%(upstream:remoteref) refs/heads/master refs/remotes/master [16ms]
2026-03-17 11:42:40.886 [info] > git config --get --local branch.master.vscode-merge-base [3ms]
2026-03-17 11:42:40.886 [warning] [Git][config] git config failed: Failed to execute git
2026-03-17 11:42:40.892 [info] > git rev-parse --git-dir --git-common-dir --show-superproject-working-tree [15ms]
2026-03-17 11:42:40.892 [info] > git config --get commit.template [20ms]
2026-03-17 11:42:40.901 [info] > git reflog master --grep-reflog=branch: Created from *. [9ms]
2026-03-17 11:42:40.908 [info] > git for-each-ref --format=%(refname)%00%(upstream:short)%00%(objectname)%00%(upstream:track)%00%(upstream:remotename)%00%(upstream:remoteref) refs/heads/master refs/remotes/master [8ms]
2026-03-17 11:42:40.914 [warning] [Git][revParse] Unable to read file: ENOENT: no such file or directory, open '/home/avi/bash-git/.git/refs/remotes/origin/master'
2026-03-17 11:42:40.915 [info] > git symbolic-ref --short refs/remotes/origin/HEAD [8ms]
2026-03-17 11:42:40.926 [info] [Model][openRepository] Opened repository (path): /home/avi/powerlevel10k
2026-03-17 11:42:40.926 [info] [Model][openRepository] Opened repository (real path): /home/avi/powerlevel10k
2026-03-17 11:42:40.926 [info] [Model][openRepository] Opened repository (kind): repository
2026-03-17 11:42:40.939 [info] > git for-each-ref --format=%(refname)%00%(upstream:short)%00%(objectname)%00%(upstream:track)%00%(upstream:remotename)%00%(upstream:remoteref) refs/heads/origin/master refs/remotes/origin/master [19ms]
2026-03-17 11:42:40.945 [info] > git rev-parse refs/remotes/origin/master [31ms]
2026-03-17 11:42:40.957 [info] > git status -z -uall [7ms]
2026-03-17 11:42:40.957 [info] > git config --add --local branch.master.vscode-merge-base origin/master [12ms]
2026-03-17 11:42:40.958 [info] > git for-each-ref --sort -committerdate --format %(refname)%00%(objectname)%00%(*objectname) [3ms] (cancelled)
2026-03-17 11:42:40.959 [info] > git rev-parse --show-toplevel [21ms]
2026-03-17 11:42:40.959 [info] > git config --get commit.template [27ms]
2026-03-17 11:42:40.980 [info] > git config --get commit.template [12ms]
2026-03-17 11:42:40.981 [info] > git rev-parse --git-dir --git-common-dir --show-superproject-working-tree [8ms]
2026-03-17 11:42:40.987 [info] > git for-each-ref --format=%(refname)%00%(upstream:short)%00%(objectname)%00%(upstream:track)%00%(upstream:remotename)%00%(upstream:remoteref) refs/heads/master refs/remotes/master [8ms]
2026-03-17 11:42:40.995 [warning] [Git][revParse] Unable to read file: ENOENT: no such file or directory, open '/home/avi/powerlevel10k/.git/refs/remotes/origin/master'
2026-03-17 11:42:40.995 [info] > git for-each-ref --format=%(refname)%00%(upstream:short)%00%(objectname)%00%(upstream:track)%00%(upstream:remotename)%00%(upstream:remoteref) refs/heads/master refs/remotes/master [9ms]
2026-03-17 11:42:41.002 [warning] [Git][revParse] Unable to read file: ENOENT: no such file or directory, open '/home/avi/bash-git/.git/refs/remotes/origin/master'
2026-03-17 11:42:41.002 [info] > git rev-parse refs/remotes/origin/master [7ms]
2026-03-17 11:42:41.014 [info] > git rev-parse refs/remotes/origin/master [12ms]
2026-03-17 11:42:41.029 [info] [Model][openRepository] Opened repository (path): /home/avi/rar
2026-03-17 11:42:41.029 [info] [Model][openRepository] Opened repository (real path): /home/avi/rar
2026-03-17 11:42:41.029 [info] [Model][openRepository] Opened repository (kind): repository
2026-03-17 11:42:41.041 [info] > git status -z -uall [34ms]
2026-03-17 11:42:41.041 [info] > git status -z -uall [22ms]
2026-03-17 11:42:41.041 [info] > git for-each-ref --sort -committerdate --format %(refname)%00%(objectname)%00%(*objectname) [17ms]
2026-03-17 11:42:41.054 [info] > git for-each-ref --sort -committerdate --format %(refname)%00%(objectname)%00%(*objectname) [41ms]
2026-03-17 11:42:41.092 [info] > git for-each-ref --format=%(refname)%00%(upstream:short)%00%(objectname)%00%(upstream:track)%00%(upstream:remotename)%00%(upstream:remoteref) refs/heads/master refs/remotes/master [30ms]
2026-03-17 11:42:41.098 [info] > git merge-base refs/heads/master refs/remotes/origin/master [45ms]
2026-03-17 11:42:41.104 [info] > git merge-base refs/heads/master refs/remotes/origin/master [56ms]
2026-03-17 11:42:41.110 [info] > git rev-parse --show-toplevel [70ms]
2026-03-17 11:42:41.110 [info] > git config --get commit.template [75ms]
2026-03-17 11:42:41.134 [info] > git diff --raw --numstat --diff-filter=ADMR -z --find-renames=50% aea57649bee138f0d5fee0d4c24f1177e36596b0...refs/remotes/origin/master -- [24ms]
2026-03-17 11:42:41.134 [info] > git diff --raw --numstat --diff-filter=ADMR -z --find-renames=50% aea57649bee138f0d5fee0d4c24f1177e36596b0...refs/remotes/origin/master -- [30ms]
2026-03-17 11:42:41.135 [info] > git config --get --local branch.master.vscode-merge-base [38ms]
2026-03-17 11:42:41.141 [info] > git config --get commit.template [53ms]
2026-03-17 11:42:41.152 [info] > git for-each-ref --format=%(refname)%00%(upstream:short)%00%(objectname)%00%(upstream:track)%00%(upstream:remotename)%00%(upstream:remoteref) refs/heads/origin/master refs/remotes/origin/master [12ms]
2026-03-17 11:42:41.160 [info] > git rev-parse --show-toplevel [40ms]
2026-03-17 11:42:41.181 [info] > git merge-base refs/heads/master refs/remotes/origin/master [22ms]
2026-03-17 11:42:41.188 [info] > git for-each-ref --format=%(refname)%00%(upstream:short)%00%(objectname)%00%(upstream:track)%00%(upstream:remotename)%00%(upstream:remoteref) refs/heads/master refs/remotes/master [39ms]
2026-03-17 11:42:41.194 [warning] [Git][revParse] Unable to read file: ENOENT: no such file or directory, open '/home/avi/rar/.git/refs/remotes/origin/master'
2026-03-17 11:42:41.199 [info] > git rev-parse --git-dir --git-common-dir --show-superproject-working-tree [18ms]
2026-03-17 11:42:41.199 [info] > git for-each-ref --format=%(refname)%00%(upstream:short)%00%(objectname)%00%(upstream:track)%00%(upstream:remotename)%00%(upstream:remoteref) refs/heads/master refs/remotes/master [28ms]
2026-03-17 11:42:41.206 [warning] [Git][revParse] Unable to read file: ENOENT: no such file or directory, open '/home/avi/powerlevel10k/.git/refs/remotes/origin/master'
2026-03-17 11:42:41.208 [info] > git rev-parse refs/remotes/origin/master [14ms]
2026-03-17 11:42:41.221 [info] > git diff --raw --numstat --diff-filter=ADMR -z --find-renames=50% b97926675aba2d8465325d786cc69de9d9fdec84...refs/remotes/origin/master -- [33ms]
2026-03-17 11:42:41.226 [info] > git status -z -uall [12ms]
2026-03-17 11:42:41.226 [info] > git for-each-ref --sort -committerdate --format %(refname)%00%(objectname)%00%(*objectname) [5ms]
2026-03-17 11:42:41.238 [info] > git rev-parse refs/remotes/origin/master [32ms]
2026-03-17 11:42:41.258 [info] > git status -z -uall [15ms]
2026-03-17 11:42:41.258 [info] > git for-each-ref --sort -committerdate --format %(refname)%00%(objectname)%00%(*objectname) [10ms]
2026-03-17 11:42:41.258 [info] > git for-each-ref --format=%(refname)%00%(upstream:short)%00%(objectname)%00%(upstream:track)%00%(upstream:remotename)%00%(upstream:remoteref) refs/heads/master refs/remotes/master [22ms]
2026-03-17 11:42:41.273 [info] > git check-ignore -v -z --stdin [3ms]
2026-03-17 11:42:41.274 [info] > git config --get --local branch.master.vscode-merge-base [10ms]
2026-03-17 11:42:41.279 [info] > git config --get commit.template [22ms]
2026-03-17 11:42:41.284 [info] > git for-each-ref --format=%(refname)%00%(upstream:short)%00%(objectname)%00%(upstream:track)%00%(upstream:remotename)%00%(upstream:remoteref) refs/heads/origin/master refs/remotes/origin/master [5ms]
2026-03-17 11:42:41.302 [info] > git merge-base refs/heads/master refs/remotes/origin/master [11ms]
2026-03-17 11:42:41.315 [info] [Model][openRepository] Opened repository (path): /home/avi/snapd
2026-03-17 11:42:41.315 [info] [Model][openRepository] Opened repository (real path): /home/avi/snapd
2026-03-17 11:42:41.315 [info] [Model][openRepository] Opened repository (kind): repository
2026-03-17 11:42:41.329 [info] > git diff --raw --numstat --diff-filter=ADMR -z --find-renames=50% a15c06ecadcc31c7e659ff27f59592ef2325a68b...refs/remotes/origin/master -- [21ms]
2026-03-17 11:42:41.330 [info] > git for-each-ref --format=%(refname)%00%(upstream:short)%00%(objectname)%00%(upstream:track)%00%(upstream:remotename)%00%(upstream:remoteref) refs/heads/master refs/remotes/master [28ms]
2026-03-17 11:42:41.337 [warning] [Git][revParse] Unable to read file: ENOENT: no such file or directory, open '/home/avi/rar/.git/refs/remotes/origin/master'
2026-03-17 11:42:41.337 [info] > git rev-parse --show-toplevel [9ms]
2026-03-17 11:42:41.338 [info] > git config --get commit.template [14ms]
2026-03-17 11:42:41.344 [info] > git rev-parse refs/remotes/origin/master [7ms]
2026-03-17 11:42:41.360 [info] > git status -z -uall [11ms]
2026-03-17 11:42:41.361 [info] > git rev-parse --git-dir --git-common-dir --show-superproject-working-tree [17ms]
2026-03-17 11:42:41.361 [info] > git for-each-ref --sort -committerdate --format %(refname)%00%(objectname)%00%(*objectname) [7ms]
2026-03-17 11:42:41.364 [info] > git for-each-ref --format=%(refname)%00%(upstream:short)%00%(objectname)%00%(upstream:track)%00%(upstream:remotename)%00%(upstream:remoteref) refs/heads/master refs/remotes/master [4ms]
2026-03-17 11:42:41.370 [warning] [Git][revParse] Unable to read file: ENOENT: no such file or directory, open '/home/avi/snapd/.git/refs/remotes/origin/master'
2026-03-17 11:42:41.372 [info] > git rev-parse refs/remotes/origin/master [1ms]
2026-03-17 11:42:41.385 [info] > git status -z -uall [8ms]
2026-03-17 11:42:41.385 [info] > git for-each-ref --sort -committerdate --format %(refname)%00%(objectname)%00%(*objectname) [3ms]
2026-03-17 11:42:41.403 [info] > git for-each-ref --format=%(refname)%00%(upstream:short)%00%(objectname)%00%(upstream:track)%00%(upstream:remotename)%00%(upstream:remoteref) refs/heads/master refs/remotes/master [9ms]
2026-03-17 11:42:41.414 [info] [Model][openRepository] Opened repository (path): /home/avi/yay
2026-03-17 11:42:41.414 [info] [Model][openRepository] Opened repository (real path): /home/avi/yay
2026-03-17 11:42:41.414 [info] [Model][openRepository] Opened repository (kind): repository
2026-03-17 11:42:41.426 [info] > git config --get --local branch.master.vscode-merge-base [17ms]
2026-03-17 11:42:41.431 [info] > git config --get commit.template [28ms]
2026-03-17 11:42:41.434 [info] > git for-each-ref --format=%(refname)%00%(upstream:short)%00%(objectname)%00%(upstream:track)%00%(upstream:remotename)%00%(upstream:remoteref) refs/heads/origin/master refs/remotes/origin/master [3ms]
2026-03-17 11:42:41.441 [info] > git rev-parse --show-toplevel [15ms]
2026-03-17 11:42:41.441 [info] [Model][doInitialScan] Initial repository scan completed - repositories (8), closed repositories (0), parent repositories (0), unsafe repositories (0)
2026-03-17 11:42:41.442 [info] > git config --get commit.template [22ms]
2026-03-17 11:42:41.449 [info] > git merge-base refs/heads/master refs/remotes/origin/master [9ms]
2026-03-17 11:42:41.463 [info] > git diff --raw --numstat --diff-filter=ADMR -z --find-renames=50% 773e6e121654eae297bfc121ad2e2431cac84a94...refs/remotes/origin/master -- [8ms]
2026-03-17 11:42:41.465 [info] > git for-each-ref --format=%(refname)%00%(upstream:short)%00%(objectname)%00%(upstream:track)%00%(upstream:remotename)%00%(upstream:remoteref) refs/heads/master refs/remotes/master [17ms]
2026-03-17 11:42:41.471 [warning] [Git][revParse] Unable to read file: ENOENT: no such file or directory, open '/home/avi/snapd/.git/refs/remotes/origin/master'
2026-03-17 11:42:41.473 [info] > git rev-parse refs/remotes/origin/master [2ms]
2026-03-17 11:42:41.484 [info] > git for-each-ref --format=%(refname)%00%(upstream:short)%00%(objectname)%00%(upstream:track)%00%(upstream:remotename)%00%(upstream:remoteref) refs/heads/master refs/remotes/master [22ms]
2026-03-17 11:42:41.492 [warning] [Git][revParse] Unable to read file: ENOENT: no such file or directory, open '/home/avi/yay/.git/refs/remotes/origin/master'
2026-03-17 11:42:41.492 [info] > git status -z -uall [14ms]
2026-03-17 11:42:41.493 [info] > git for-each-ref --sort -committerdate --format %(refname)%00%(objectname)%00%(*objectname) [9ms]
2026-03-17 11:42:41.495 [info] > git rev-parse refs/remotes/origin/master [3ms]
2026-03-17 11:42:41.509 [info] > git status -z -uall [8ms]
2026-03-17 11:42:41.509 [info] > git for-each-ref --sort -committerdate --format %(refname)%00%(objectname)%00%(*objectname) [3ms]
2026-03-17 11:42:41.526 [info] > git for-each-ref --format=%(refname)%00%(upstream:short)%00%(objectname)%00%(upstream:track)%00%(upstream:remotename)%00%(upstream:remoteref) refs/heads/master refs/remotes/master [9ms]
2026-03-17 11:42:41.533 [info] > git config --get commit.template [7ms]
2026-03-17 11:42:41.534 [info] > git config --get --local branch.master.vscode-merge-base [2ms]
2026-03-17 11:42:41.546 [info] > git for-each-ref --format=%(refname)%00%(upstream:short)%00%(objectname)%00%(upstream:track)%00%(upstream:remotename)%00%(upstream:remoteref) refs/heads/origin/master refs/remotes/origin/master [7ms]
2026-03-17 11:42:41.555 [info] > git merge-base refs/heads/master refs/remotes/origin/master [3ms]
2026-03-17 11:42:41.561 [info] > git for-each-ref --format=%(refname)%00%(upstream:short)%00%(objectname)%00%(upstream:track)%00%(upstream:remotename)%00%(upstream:remoteref) refs/heads/master refs/remotes/master [17ms]
2026-03-17 11:42:41.566 [warning] [Git][revParse] Unable to read file: ENOENT: no such file or directory, open '/home/avi/yay/.git/refs/remotes/origin/master'
2026-03-17 11:42:41.568 [info] > git rev-parse refs/remotes/origin/master [2ms]
2026-03-17 11:42:41.579 [info] > git diff --raw --numstat --diff-filter=ADMR -z --find-renames=50% 1a092538ebdfa373ddb641ab1fe564a2ed62877d...refs/remotes/origin/master -- [19ms]
2026-03-17 11:42:41.580 [info] > git status -z -uall [7ms]
2026-03-17 11:42:41.582 [info] > git for-each-ref --sort -committerdate --format %(refname)%00%(objectname)%00%(*objectname) [3ms]
2026-03-17 11:42:41.762 [info] > git check-ignore -v -z --stdin [2ms]
2026-03-17 11:42:41.777 [info] > git show --textconv :.config/hypr/hyprland.conf [7ms]
2026-03-17 11:42:41.778 [info] > git ls-files --stage -- .config/hypr/hyprland.conf [1ms]
2026-03-17 11:42:41.785 [info] > git cat-file -s 306f4d7ab20a18265bc277c4d299fde60d4bafb2 [1ms]
2026-03-17 11:42:41.891 [info] > git check-ignore -v -z --stdin [2ms]
2026-03-17 11:42:55.314 [info] > git check-ignore -v -z --stdin [2ms]
2026-03-17 11:42:56.091 [info] > git log --format=%H%n%aN%n%aE%n%at%n%ct%n%P%n%D%n%B -z --shortstat --diff-merges=first-parent -n50 --skip=0 --topo-order --decorate=full --stdin [4ms]
2026-03-17 11:42:56.323 [info] > git merge-base master origin/master [2ms]
2026-03-17 11:43:13.041 [info] > git log --format=%H%n%aN%n%aE%n%at%n%ct%n%P%n%D%n%B -z --shortstat --diff-merges=first-parent -n50 --skip=50 --topo-order --decorate=full --stdin [4ms]
2026-03-17 11:43:27.827 [info] > git log --oneline --cherry master...master@{upstream} -- [3ms]
2026-03-17 11:43:28.941 [info] > git pull --tags origin master [1106ms]
2026-03-17 11:43:28.941 [info] From https://aur.archlinux.org/yay
 * branch            master     -> FETCH_HEAD
2026-03-17 11:43:28.953 [info] > git config --get commit.template [6ms]
2026-03-17 11:43:28.954 [info] > git for-each-ref --format=%(refname)%00%(upstream:short)%00%(objectname)%00%(upstream:track)%00%(upstream:remotename)%00%(upstream:remoteref) refs/heads/master refs/remotes/master [2ms]
2026-03-17 11:43:28.959 [warning] [Git][revParse] Unable to read file: ENOENT: no such file or directory, open '/home/avi/yay/.git/refs/remotes/origin/master'
2026-03-17 11:43:28.960 [info] > git rev-parse refs/remotes/origin/master [1ms]
2026-03-17 11:43:28.970 [info] > git status -z -uall [5ms]
2026-03-17 11:43:28.971 [info] > git for-each-ref --sort -committerdate --format %(refname)%00%(objectname)%00%(*objectname) [1ms]
2026-03-17 11:44:32.926 [info] > git config --get commit.template [6ms]
2026-03-17 11:44:32.927 [info] > git for-each-ref --format=%(refname)%00%(upstream:short)%00%(objectname)%00%(upstream:track)%00%(upstream:remotename)%00%(upstream:remoteref) refs/heads/main refs/remotes/main [2ms]
2026-03-17 11:44:32.938 [info] > git for-each-ref --sort -committerdate --format %(refname)%00%(objectname)%00%(*objectname) [1ms]
2026-03-17 11:44:32.941 [info] > git status -z -uall [10ms]
2026-03-17 11:44:37.968 [info] > git config --get commit.template [6ms]
2026-03-17 11:44:37.993 [info] > git for-each-ref --format=%(refname)%00%(upstream:short)%00%(objectname)%00%(upstream:track)%00%(upstream:remotename)%00%(upstream:remoteref) refs/heads/main refs/remotes/main [26ms]
2026-03-17 11:44:38.029 [info] > git status -z -uall [30ms]
2026-03-17 11:44:38.030 [info] > git for-each-ref --sort -committerdate --format %(refname)%00%(objectname)%00%(*objectname) [24ms]
2026-03-17 11:44:38.741 [info] > git check-ignore -v -z --stdin [2ms]
2026-03-17 11:44:43.048 [info] > git config --get commit.template [6ms]
2026-03-17 11:44:43.049 [info] > git for-each-ref --format=%(refname)%00%(upstream:short)%00%(objectname)%00%(upstream:track)%00%(upstream:remotename)%00%(upstream:remoteref) refs/heads/main refs/remotes/main [2ms]
2026-03-17 11:44:43.060 [info] > git for-each-ref --sort -committerdate --format %(refname)%00%(objectname)%00%(*objectname) [2ms]
2026-03-17 11:44:43.063 [info] > git status -z -uall [10ms]
2026-03-17 11:44:43.167 [info] > git check-ignore -v -z --stdin [2ms]
2026-03-17 11:44:48.080 [info] > git config --get commit.template [6ms]
2026-03-17 11:44:48.081 [info] > git for-each-ref --format=%(refname)%00%(upstream:short)%00%(objectname)%00%(upstream:track)%00%(upstream:remotename)%00%(upstream:remoteref) refs/heads/main refs/remotes/main [2ms]
2026-03-17 11:44:48.094 [info] > git for-each-ref --sort -committerdate --format %(refname)%00%(objectname)%00%(*objectname) [2ms]
2026-03-17 11:44:48.097 [info] > git status -z -uall [10ms]
2026-03-17 11:44:53.118 [info] > git config --get commit.template [8ms]
2026-03-17 11:44:53.118 [info] > git for-each-ref --format=%(refname)%00%(upstream:short)%00%(objectname)%00%(upstream:track)%00%(upstream:remotename)%00%(upstream:remoteref) refs/heads/main refs/remotes/main [2ms]
2026-03-17 11:44:53.130 [info] > git for-each-ref --sort -committerdate --format %(refname)%00%(objectname)%00%(*objectname) [1ms]
2026-03-17 11:44:53.134 [info] > git status -z -uall [11ms]
2026-03-17 11:44:58.154 [info] > git config --get commit.template [7ms]
2026-03-17 11:44:58.155 [info] > git for-each-ref --format=%(refname)%00%(upstream:short)%00%(objectname)%00%(upstream:track)%00%(upstream:remotename)%00%(upstream:remoteref) refs/heads/main refs/remotes/main [2ms]
2026-03-17 11:44:58.167 [info] > git for-each-ref --sort -committerdate --format %(refname)%00%(objectname)%00%(*objectname) [2ms]
2026-03-17 11:44:58.170 [info] > git status -z -uall [9ms]
2026-03-17 11:45:03.186 [info] > git config --get commit.template [7ms]
2026-03-17 11:45:03.187 [info] > git for-each-ref --format=%(refname)%00%(upstream:short)%00%(objectname)%00%(upstream:track)%00%(upstream:remotename)%00%(upstream:remoteref) refs/heads/main refs/remotes/main [2ms]
2026-03-17 11:45:03.199 [info] > git for-each-ref --sort -committerdate --format %(refname)%00%(objectname)%00%(*objectname) [1ms]
2026-03-17 11:45:03.202 [info] > git status -z -uall [10ms]
2026-03-17 11:45:27.920 [info] > git config --get commit.template [7ms]
2026-03-17 11:45:27.920 [info] > git for-each-ref --format=%(refname)%00%(upstream:short)%00%(objectname)%00%(upstream:track)%00%(upstream:remotename)%00%(upstream:remoteref) refs/heads/main refs/remotes/main [1ms]
2026-03-17 11:45:27.934 [info] > git for-each-ref --sort -committerdate --format %(refname)%00%(objectname)%00%(*objectname) [2ms]
2026-03-17 11:45:27.937 [info] > git status -z -uall [11ms]
2026-03-17 11:45:33.344 [info] > git config --get commit.template [8ms]
2026-03-17 11:45:33.345 [info] > git for-each-ref --format=%(refname)%00%(upstream:short)%00%(objectname)%00%(upstream:track)%00%(upstream:remotename)%00%(upstream:remoteref) refs/heads/main refs/remotes/main [2ms]
2026-03-17 11:45:33.357 [info] > git for-each-ref --sort -committerdate --format %(refname)%00%(objectname)%00%(*objectname) [1ms]
2026-03-17 11:45:33.360 [info] > git status -z -uall [9ms]
2026-03-17 11:45:38.814 [info] > git config --get commit.template [8ms]
2026-03-17 11:45:38.815 [info] > git for-each-ref --format=%(refname)%00%(upstream:short)%00%(objectname)%00%(upstream:track)%00%(upstream:remotename)%00%(upstream:remoteref) refs/heads/main refs/remotes/main [2ms]
2026-03-17 11:45:38.827 [info] > git for-each-ref --sort -committerdate --format %(refname)%00%(objectname)%00%(*objectname) [2ms]
2026-03-17 11:45:38.831 [info] > git status -z -uall [11ms]
2026-03-17 11:45:43.848 [info] > git config --get commit.template [7ms]
2026-03-17 11:45:43.849 [info] > git for-each-ref --format=%(refname)%00%(upstream:short)%00%(objectname)%00%(upstream:track)%00%(upstream:remotename)%00%(upstream:remoteref) refs/heads/main refs/remotes/main [2ms]
2026-03-17 11:45:43.862 [info] > git for-each-ref --sort -committerdate --format %(refname)%00%(objectname)%00%(*objectname) [2ms]
2026-03-17 11:45:43.865 [info] > git status -z -uall [11ms]
2026-03-17 11:45:48.876 [info] > git config --get commit.template [2ms]
2026-03-17 11:45:48.883 [info] > git for-each-ref --format=%(refname)%00%(upstream:short)%00%(objectname)%00%(upstream:track)%00%(upstream:remotename)%00%(upstream:remoteref) refs/heads/main refs/remotes/main [1ms]
2026-03-17 11:45:48.896 [info] > git for-each-ref --sort -committerdate --format %(refname)%00%(objectname)%00%(*objectname) [1ms]
2026-03-17 11:45:48.898 [info] > git status -z -uall [10ms]
2026-03-17 11:45:53.915 [info] > git config --get commit.template [6ms]
2026-03-17 11:45:53.915 [info] > git for-each-ref --format=%(refname)%00%(upstream:short)%00%(objectname)%00%(upstream:track)%00%(upstream:remotename)%00%(upstream:remoteref) refs/heads/main refs/remotes/main [1ms]
2026-03-17 11:45:53.927 [info] > git for-each-ref --sort -committerdate --format %(refname)%00%(objectname)%00%(*objectname) [2ms]
2026-03-17 11:45:53.930 [info] > git status -z -uall [10ms]
2026-03-17 11:45:58.950 [info] > git config --get commit.template [7ms]
2026-03-17 11:45:58.951 [info] > git for-each-ref --format=%(refname)%00%(upstream:short)%00%(objectname)%00%(upstream:track)%00%(upstream:remotename)%00%(upstream:remoteref) refs/heads/main refs/remotes/main [2ms]
2026-03-17 11:45:58.965 [info] > git for-each-ref --sort -committerdate --format %(refname)%00%(objectname)%00%(*objectname) [2ms]
2026-03-17 11:45:58.968 [info] > git status -z -uall [12ms]
2026-03-17 11:46:03.986 [info] > git config --get commit.template [7ms]
2026-03-17 11:46:03.987 [info] > git for-each-ref --format=%(refname)%00%(upstream:short)%00%(objectname)%00%(upstream:track)%00%(upstream:remotename)%00%(upstream:remoteref) refs/heads/main refs/remotes/main [2ms]
2026-03-17 11:46:04.000 [info] > git for-each-ref --sort -committerdate --format %(refname)%00%(objectname)%00%(*objectname) [2ms]
2026-03-17 11:46:04.003 [info] > git status -z -uall [10ms]
2026-03-17 11:46:09.025 [info] > git config --get commit.template [7ms]
2026-03-17 11:46:09.025 [info] > git for-each-ref --format=%(refname)%00%(upstream:short)%00%(objectname)%00%(upstream:track)%00%(upstream:remotename)%00%(upstream:remoteref) refs/heads/main refs/remotes/main [2ms]
2026-03-17 11:46:09.039 [info] > git for-each-ref --sort -committerdate --format %(refname)%00%(objectname)%00%(*objectname) [2ms]
2026-03-17 11:46:09.042 [info] > git status -z -uall [12ms]
2026-03-17 11:46:14.062 [info] > git config --get commit.template [7ms]
2026-03-17 11:46:14.062 [info] > git for-each-ref --format=%(refname)%00%(upstream:short)%00%(objectname)%00%(upstream:track)%00%(upstream:remotename)%00%(upstream:remoteref) refs/heads/main refs/remotes/main [1ms]
2026-03-17 11:46:14.075 [info] > git for-each-ref --sort -committerdate --format %(refname)%00%(objectname)%00%(*objectname) [2ms]
2026-03-17 11:46:14.078 [info] > git status -z -uall [10ms]
2026-03-17 11:46:19.101 [info] > git config --get commit.template [8ms]
2026-03-17 11:46:19.102 [info] > git for-each-ref --format=%(refname)%00%(upstream:short)%00%(objectname)%00%(upstream:track)%00%(upstream:remotename)%00%(upstream:remoteref) refs/heads/main refs/remotes/main [2ms]
2026-03-17 11:46:19.113 [info] > git for-each-ref --sort -committerdate --format %(refname)%00%(objectname)%00%(*objectname) [1ms]
2026-03-17 11:46:19.116 [info] > git status -z -uall [9ms]
2026-03-17 11:46:38.482 [info] > git config --get commit.template [7ms]
2026-03-17 11:46:38.482 [info] > git for-each-ref --format=%(refname)%00%(upstream:short)%00%(objectname)%00%(upstream:track)%00%(upstream:remotename)%00%(upstream:remoteref) refs/heads/main refs/remotes/main [2ms]
2026-03-17 11:46:38.495 [info] > git for-each-ref --sort -committerdate --format %(refname)%00%(objectname)%00%(*objectname) [2ms]
2026-03-17 11:46:38.498 [info] > git status -z -uall [10ms]
2026-03-17 11:46:43.518 [info] > git config --get commit.template [7ms]
2026-03-17 11:46:43.519 [info] > git for-each-ref --format=%(refname)%00%(upstream:short)%00%(objectname)%00%(upstream:track)%00%(upstream:remotename)%00%(upstream:remoteref) refs/heads/main refs/remotes/main [2ms]
2026-03-17 11:46:43.540 [info] > git for-each-ref --sort -committerdate --format %(refname)%00%(objectname)%00%(*objectname) [2ms]
2026-03-17 11:46:43.543 [info] > git status -z -uall [10ms]
2026-03-17 11:50:28.438 [info] > git config --get commit.template [2ms]
2026-03-17 11:50:28.453 [info] > git ls-files --stage -- .config/hypr/hyprland.conf [8ms]
2026-03-17 11:50:28.460 [info] > git for-each-ref --format=%(refname)%00%(upstream:short)%00%(objectname)%00%(upstream:track)%00%(upstream:remotename)%00%(upstream:remoteref) refs/heads/main refs/remotes/main [7ms]
2026-03-17 11:50:28.471 [info] > git cat-file -s 306f4d7ab20a18265bc277c4d299fde60d4bafb2 [12ms]
2026-03-17 11:50:28.472 [info] > git for-each-ref --sort -committerdate --format %(refname)%00%(objectname)%00%(*objectname) [2ms]
2026-03-17 11:50:28.479 [info] > git status -z -uall [15ms]
2026-03-17 11:50:28.482 [info] > git show --textconv :.config/hypr/hyprland.conf [4ms]
2026-03-17 11:53:35.305 [info] > git config --get commit.template [8ms]
2026-03-17 11:53:35.306 [info] > git for-each-ref --format=%(refname)%00%(upstream:short)%00%(objectname)%00%(upstream:track)%00%(upstream:remotename)%00%(upstream:remoteref) refs/heads/main refs/remotes/main [2ms]
2026-03-17 11:53:35.323 [info] > git for-each-ref --sort -committerdate --format %(refname)%00%(objectname)%00%(*objectname) [3ms]
2026-03-17 11:53:35.326 [info] > git status -z -uall [13ms]
