2026-02-25 10:37:55.081 [info] Reading sessions from keychain...
2026-02-25 10:37:55.081 [info] Getting sessions for all scopes...
2026-02-25 10:37:55.081 [info] Got stored sessions!
2026-02-25 10:37:55.081 [info] Got 1 verified sessions.
2026-02-25 10:37:55.081 [info] Got 1 sessions for ...
2026-02-25 10:37:55.081 [info] Getting sessions for all scopes...
2026-02-25 10:37:55.081 [info] Got 1 sessions for ...
2026-02-25 10:37:55.081 [info] Getting sessions for all scopes...
2026-02-25 10:37:55.081 [info] Got 1 sessions for ...
2026-02-25 10:37:55.081 [info] Getting sessions for all scopes...
2026-02-25 10:37:55.081 [info] Got 1 sessions for ...
2026-02-25 10:37:59.850 [info] Getting sessions for all scopes...
2026-02-25 10:37:59.851 [info] Got 1 sessions for ...
2026-02-25 10:38:12.189 [info] Reading sessions from keychain...
2026-02-25 10:38:12.189 [info] Getting sessions for all scopes...
2026-02-25 10:38:12.189 [info] Got stored sessions!
2026-02-25 10:38:12.189 [info] Got 1 verified sessions.
2026-02-25 10:38:12.189 [info] Got 1 sessions for ...
2026-02-25 10:38:12.189 [info] Getting sessions for all scopes...
2026-02-25 10:38:12.189 [info] Got 1 sessions for ...
2026-02-25 10:38:12.189 [info] Getting sessions for all scopes...
2026-02-25 10:38:12.189 [info] Got 1 sessions for ...
2026-02-25 10:38:12.189 [info] Getting sessions for all scopes...
2026-02-25 10:38:12.189 [info] Got 1 sessions for ...
2026-02-25 10:38:12.189 [info] Getting sessions for all scopes...
2026-02-25 10:38:12.189 [info] Got 1 sessions for ...
2026-02-25 10:38:14.118 [info] Getting sessions for all scopes...
2026-02-25 10:38:14.118 [info] Got 1 sessions for ...
2026-02-25 10:38:21.467 [info] Getting sessions for read:user,repo,user:email,workflow...
2026-02-25 10:38:21.467 [info] Got 1 sessions for read:user,repo,user:email,workflow...
2026-02-25 10:39:02.785 [info] Reading sessions from keychain...
2026-02-25 10:39:02.785 [info] Getting sessions for all scopes...
2026-02-25 10:39:02.789 [info] Got stored sessions!
2026-02-25 10:39:02.789 [info] Got 1 verified sessions.
2026-02-25 10:39:02.789 [info] Got 1 sessions for ...
2026-02-25 10:39:02.789 [info] Getting sessions for all scopes...
2026-02-25 10:39:02.789 [info] Got 1 sessions for ...
2026-02-25 10:39:02.800 [info] Getting sessions for all scopes...
2026-02-25 10:39:02.800 [info] Got 1 sessions for ...
2026-02-25 10:39:03.085 [info] Getting sessions for all scopes...
2026-02-25 10:39:03.085 [info] Got 1 sessions for ...
2026-02-25 10:39:03.149 [info] Getting sessions for read:user,repo,user:email,workflow...
2026-02-25 10:39:03.149 [info] Got 1 sessions for read:user,repo,user:email,workflow...
2026-02-25 10:39:04.654 [info] Getting sessions for all scopes...
2026-02-25 10:39:04.654 [info] Got 1 sessions for ...
