2026-03-17 08:17:47.164 [info] [main] Log level: Info
2026-03-17 08:17:47.164 [info] [main] Validating found git in: "git"
2026-03-17 08:17:47.164 [info] [main] Using git "2.53.0" from "git"
2026-03-17 08:17:47.164 [info] [Model][doInitialScan] Initial repository scan started
2026-03-17 08:17:47.164 [info] > git rev-parse --show-toplevel [9ms]
2026-03-17 08:17:47.164 [info] > git rev-parse --git-dir --git-common-dir --show-superproject-working-tree [5ms]
2026-03-17 08:17:47.164 [info] [Model][openRepository] Opened repository (path): /home/avi
2026-03-17 08:17:47.164 [info] [Model][openRepository] Opened repository (real path): /home/avi
2026-03-17 08:17:47.164 [info] [Model][openRepository] Opened repository (kind): repository
2026-03-17 08:17:47.164 [info] > git rev-parse --show-toplevel [2ms]
2026-03-17 08:17:47.164 [info] > git config --get commit.template [6ms]
2026-03-17 08:17:47.170 [info] > git rev-parse --show-toplevel [3ms]
2026-03-17 08:17:47.170 [info] > git for-each-ref --format=%(refname)%00%(upstream:short)%00%(objectname)%00%(upstream:track)%00%(upstream:remotename)%00%(upstream:remoteref) refs/heads/main refs/remotes/main [7ms]
2026-03-17 08:17:47.185 [info] > git for-each-ref --sort -committerdate --format %(refname)%00%(objectname)%00%(*objectname) [4ms]
2026-03-17 08:17:47.187 [info] > git rev-parse --show-toplevel [3ms]
2026-03-17 08:17:47.216 [info] > git rev-parse --show-toplevel [5ms]
2026-03-17 08:17:47.222 [info] > git status -z -uall [47ms]
2026-03-17 08:17:47.250 [info] > git for-each-ref --format=%(refname)%00%(upstream:short)%00%(objectname)%00%(upstream:track)%00%(upstream:remotename)%00%(upstream:remoteref) refs/heads/main refs/remotes/main [9ms]
2026-03-17 08:17:47.255 [info] > git rev-parse --show-toplevel [34ms]
2026-03-17 08:17:47.255 [info] fatal: this operation must be run in a work tree
2026-03-17 08:17:47.262 [info] > git config --get --local branch.main.vscode-merge-base [7ms]
2026-03-17 08:17:47.266 [info] > git config --get commit.template [16ms]
2026-03-17 08:17:47.267 [info] > git rev-parse --show-toplevel [6ms]
2026-03-17 08:17:47.275 [info] > git for-each-ref --format=%(refname)%00%(upstream:short)%00%(objectname)%00%(upstream:track)%00%(upstream:remotename)%00%(upstream:remoteref) refs/heads/origin/main refs/remotes/origin/main [9ms]
2026-03-17 08:17:47.277 [info] > git rev-parse --show-toplevel [2ms]
2026-03-17 08:17:47.278 [info] > git for-each-ref --format=%(refname)%00%(upstream:short)%00%(objectname)%00%(upstream:track)%00%(upstream:remotename)%00%(upstream:remoteref) refs/heads/main refs/remotes/main [7ms]
2026-03-17 08:17:47.291 [info] > git for-each-ref --sort -committerdate --format %(refname)%00%(objectname)%00%(*objectname) [6ms]
2026-03-17 08:17:47.292 [info] > git rev-parse --show-toplevel [2ms]
2026-03-17 08:17:47.297 [info] > git rev-parse --show-toplevel [1ms]
2026-03-17 08:17:47.297 [info] > git status -z -uall [16ms]
2026-03-17 08:17:47.305 [info] > git rev-parse --show-toplevel [1ms]
2026-03-17 08:17:47.309 [info] > git rev-parse --show-toplevel [1ms]
2026-03-17 08:17:47.314 [info] > git rev-parse --show-toplevel [1ms]
2026-03-17 08:17:47.319 [info] > git rev-parse --show-toplevel [1ms]
2026-03-17 08:17:47.325 [info] > git rev-parse --git-dir --git-common-dir --show-superproject-working-tree [3ms]
2026-03-17 08:17:47.359 [info] [Model][openRepository] Opened repository (path): /home/avi/.oh-my-zsh
2026-03-17 08:17:47.359 [info] [Model][openRepository] Opened repository (real path): /home/avi/.oh-my-zsh
2026-03-17 08:17:47.359 [info] [Model][openRepository] Opened repository (kind): repository
2026-03-17 08:17:47.368 [info] > git config --get commit.template [5ms]
2026-03-17 08:17:47.378 [info] > git rev-parse --show-toplevel [11ms]
2026-03-17 08:17:47.387 [info] > git rev-parse --show-toplevel [2ms]
2026-03-17 08:17:47.387 [info] > git for-each-ref --format=%(refname)%00%(upstream:short)%00%(objectname)%00%(upstream:track)%00%(upstream:remotename)%00%(upstream:remoteref) refs/heads/master refs/remotes/master [5ms]
2026-03-17 08:17:47.401 [info] > git rev-parse --show-toplevel [10ms]
2026-03-17 08:17:47.405 [info] > git for-each-ref --sort -committerdate --format %(refname)%00%(objectname)%00%(*objectname) [6ms]
2026-03-17 08:17:47.406 [info] > git rev-parse --show-toplevel [1ms]
2026-03-17 08:17:47.412 [info] > git rev-parse --show-toplevel [2ms]
2026-03-17 08:17:47.417 [info] > git rev-parse --show-toplevel [1ms]
2026-03-17 08:17:47.422 [info] > git rev-parse --show-toplevel [2ms]
2026-03-17 08:17:47.427 [info] > git rev-parse --show-toplevel [1ms]
2026-03-17 08:17:47.431 [info] > git rev-parse --show-toplevel [1ms]
2026-03-17 08:17:47.438 [info] > git rev-parse --show-toplevel [2ms]
2026-03-17 08:17:47.444 [info] > git rev-parse --show-toplevel [1ms]
2026-03-17 08:17:47.450 [info] > git rev-parse --show-toplevel [2ms]
2026-03-17 08:17:47.456 [info] > git rev-parse --show-toplevel [2ms]
2026-03-17 08:17:47.464 [info] > git rev-parse --git-dir --git-common-dir --show-superproject-working-tree [3ms]
2026-03-17 08:17:47.480 [info] [Model][openRepository] Opened repository (path): /home/avi/WinSur-dark-cursors
2026-03-17 08:17:47.480 [info] [Model][openRepository] Opened repository (real path): /home/avi/WinSur-dark-cursors
2026-03-17 08:17:47.480 [info] [Model][openRepository] Opened repository (kind): repository
2026-03-17 08:17:47.488 [info] > git config --get commit.template [4ms]
2026-03-17 08:17:47.493 [info] > git rev-parse --show-toplevel [6ms]
2026-03-17 08:17:47.498 [info] > git for-each-ref --format=%(refname)%00%(upstream:short)%00%(objectname)%00%(upstream:track)%00%(upstream:remotename)%00%(upstream:remoteref) refs/heads/master refs/remotes/master [7ms]
2026-03-17 08:17:47.501 [warning] [Git][revParse] Unable to read file: ENOENT: no such file or directory, open '/home/avi/WinSur-dark-cursors/.git/refs/remotes/origin/master'
2026-03-17 08:17:47.502 [info] > git rev-parse --show-toplevel [5ms]
2026-03-17 08:17:47.506 [info] > git rev-parse refs/remotes/origin/master [5ms]
2026-03-17 08:17:47.512 [info] > git status -z -uall [117ms]
2026-03-17 08:17:47.513 [info] > git rev-parse --show-toplevel [8ms]
2026-03-17 08:17:47.527 [info] > git for-each-ref --format=%(refname)%00%(upstream:short)%00%(objectname)%00%(upstream:track)%00%(upstream:remotename)%00%(upstream:remoteref) refs/heads/master refs/remotes/master [9ms]
2026-03-17 08:17:47.531 [info] > git for-each-ref --sort -committerdate --format %(refname)%00%(objectname)%00%(*objectname) [19ms]
2026-03-17 08:17:47.532 [info] > git config --get --local branch.master.vscode-merge-base [1ms]
2026-03-17 08:17:47.537 [info] > git config --get commit.template [10ms]
2026-03-17 08:17:47.537 [info] > git rev-parse --show-toplevel [13ms]
2026-03-17 08:17:47.546 [info] > git for-each-ref --format=%(refname)%00%(upstream:short)%00%(objectname)%00%(upstream:track)%00%(upstream:remotename)%00%(upstream:remoteref) refs/heads/origin/master refs/remotes/origin/master [10ms]
2026-03-17 08:17:47.591 [info] > git status -z -uall [82ms]
2026-03-17 08:17:47.591 [info] > git merge-base refs/heads/master refs/remotes/origin/master [41ms]
2026-03-17 08:17:47.595 [info] > git for-each-ref --format=%(refname)%00%(upstream:short)%00%(objectname)%00%(upstream:track)%00%(upstream:remotename)%00%(upstream:remoteref) refs/heads/master refs/remotes/master [50ms]
2026-03-17 08:17:47.614 [info] > git rev-parse --git-dir --git-common-dir --show-superproject-working-tree [73ms]
2026-03-17 08:17:47.621 [info] > git for-each-ref --format=%(refname)%00%(upstream:short)%00%(objectname)%00%(upstream:track)%00%(upstream:remotename)%00%(upstream:remoteref) refs/heads/master refs/remotes/master [20ms]
2026-03-17 08:17:47.625 [info] > git diff --raw --numstat --diff-filter=ADMR -z --find-renames=50% e0766905519fbc7982a590a195ee7c3e8bb594e8...refs/remotes/origin/master -- [30ms]
2026-03-17 08:17:47.627 [info] > git config --get --local branch.master.vscode-merge-base [2ms]
2026-03-17 08:17:47.631 [info] > git config --get commit.template [10ms]
2026-03-17 08:17:47.644 [info] > git for-each-ref --sort -committerdate --format %(refname)%00%(objectname)%00%(*objectname) [5ms]
2026-03-17 08:17:47.645 [info] > git for-each-ref --format=%(refname)%00%(upstream:short)%00%(objectname)%00%(upstream:track)%00%(upstream:remotename)%00%(upstream:remoteref) refs/heads/origin/master refs/remotes/origin/master [15ms]
2026-03-17 08:17:47.654 [info] > git merge-base refs/heads/master refs/remotes/origin/master [5ms]
2026-03-17 08:17:47.659 [info] > git for-each-ref --format=%(refname)%00%(upstream:short)%00%(objectname)%00%(upstream:track)%00%(upstream:remotename)%00%(upstream:remoteref) refs/heads/master refs/remotes/master [16ms]
2026-03-17 08:17:47.667 [warning] [Git][revParse] Unable to read file: ENOENT: no such file or directory, open '/home/avi/WinSur-dark-cursors/.git/refs/remotes/origin/master'
2026-03-17 08:17:47.693 [info] [Model][openRepository] Opened repository (path): /home/avi/powerlevel10k
2026-03-17 08:17:47.693 [info] [Model][openRepository] Opened repository (real path): /home/avi/powerlevel10k
2026-03-17 08:17:47.693 [info] [Model][openRepository] Opened repository (kind): repository
2026-03-17 08:17:47.708 [info] > git status -z -uall [73ms]
2026-03-17 08:17:47.708 [info] > git check-ignore -v -z --stdin [21ms]
2026-03-17 08:17:47.709 [info] > git rev-parse refs/remotes/origin/master [43ms]
2026-03-17 08:17:47.719 [info] > git diff --raw --numstat --diff-filter=ADMR -z --find-renames=50% 022b4aa0a1f8f90d4cd88ed1a16dc7bcd5f87cc8...refs/remotes/origin/master -- [60ms]
2026-03-17 08:17:47.721 [info] > git for-each-ref --sort -committerdate --format %(refname)%00%(objectname)%00%(*objectname) [5ms]
2026-03-17 08:17:47.721 [info] > git rev-parse --show-toplevel [17ms]
2026-03-17 08:17:47.721 [info] > git config --get commit.template [22ms]
2026-03-17 08:17:47.731 [info] > git status -z -uall [19ms]
2026-03-17 08:17:47.733 [info] > git rev-parse --git-dir --git-common-dir --show-superproject-working-tree [7ms]
2026-03-17 08:17:47.734 [info] > git for-each-ref --format=%(refname)%00%(upstream:short)%00%(objectname)%00%(upstream:track)%00%(upstream:remotename)%00%(upstream:remoteref) refs/heads/master refs/remotes/master [4ms]
2026-03-17 08:17:47.738 [warning] [Git][revParse] Unable to read file: ENOENT: no such file or directory, open '/home/avi/powerlevel10k/.git/refs/remotes/origin/master'
2026-03-17 08:17:47.739 [info] > git rev-parse refs/remotes/origin/master [1ms]
2026-03-17 08:17:47.750 [info] > git for-each-ref --sort -committerdate --format %(refname)%00%(objectname)%00%(*objectname) [3ms]
2026-03-17 08:17:47.757 [info] [Model][openRepository] Opened repository (path): /home/avi/rar
2026-03-17 08:17:47.757 [info] [Model][openRepository] Opened repository (real path): /home/avi/rar
2026-03-17 08:17:47.757 [info] [Model][openRepository] Opened repository (kind): repository
2026-03-17 08:17:47.766 [info] > git status -z -uall [23ms]
2026-03-17 08:17:47.766 [info] > git config --get commit.template [4ms]
2026-03-17 08:17:47.792 [info] > git for-each-ref --format=%(refname)%00%(upstream:short)%00%(objectname)%00%(upstream:track)%00%(upstream:remotename)%00%(upstream:remoteref) refs/heads/master refs/remotes/master [19ms]
2026-03-17 08:17:47.797 [info] > git rev-parse --show-toplevel [32ms]
2026-03-17 08:17:47.808 [info] > git config --get --local branch.master.vscode-merge-base [12ms]
2026-03-17 08:17:47.812 [info] > git config --get commit.template [20ms]
2026-03-17 08:17:47.813 [info] > git for-each-ref --format=%(refname)%00%(upstream:short)%00%(objectname)%00%(upstream:track)%00%(upstream:remotename)%00%(upstream:remoteref) refs/heads/origin/master refs/remotes/origin/master [1ms]
2026-03-17 08:17:47.817 [info] > git rev-parse --show-toplevel [10ms]
2026-03-17 08:17:47.817 [info] > git for-each-ref --format=%(refname)%00%(upstream:short)%00%(objectname)%00%(upstream:track)%00%(upstream:remotename)%00%(upstream:remoteref) refs/heads/master refs/remotes/master [14ms]
2026-03-17 08:17:47.827 [warning] [Git][revParse] Unable to read file: ENOENT: no such file or directory, open '/home/avi/rar/.git/refs/remotes/origin/master'
2026-03-17 08:17:47.828 [info] > git rev-parse --git-dir --git-common-dir --show-superproject-working-tree [4ms]
2026-03-17 08:17:47.828 [info] > git for-each-ref --format=%(refname)%00%(upstream:short)%00%(objectname)%00%(upstream:track)%00%(upstream:remotename)%00%(upstream:remoteref) refs/heads/master refs/remotes/master [7ms]
2026-03-17 08:17:47.828 [info] > git merge-base refs/heads/master refs/remotes/origin/master [11ms]
2026-03-17 08:17:47.835 [warning] [Git][revParse] Unable to read file: ENOENT: no such file or directory, open '/home/avi/powerlevel10k/.git/refs/remotes/origin/master'
2026-03-17 08:17:47.836 [info] > git rev-parse refs/remotes/origin/master [9ms]
2026-03-17 08:17:47.844 [info] > git status -z -uall [5ms]
2026-03-17 08:17:47.844 [info] > git rev-parse refs/remotes/origin/master [9ms]
2026-03-17 08:17:47.853 [info] > git diff --raw --numstat --diff-filter=ADMR -z --find-renames=50% b97926675aba2d8465325d786cc69de9d9fdec84...refs/remotes/origin/master -- [20ms]
2026-03-17 08:17:47.854 [info] > git for-each-ref --sort -committerdate --format %(refname)%00%(objectname)%00%(*objectname) [11ms]
2026-03-17 08:17:47.869 [info] > git status -z -uall [21ms]
2026-03-17 08:17:47.869 [info] > git for-each-ref --format=%(refname)%00%(upstream:short)%00%(objectname)%00%(upstream:track)%00%(upstream:remotename)%00%(upstream:remoteref) refs/heads/master refs/remotes/master [9ms]
2026-03-17 08:17:47.873 [info] > git for-each-ref --sort -committerdate --format %(refname)%00%(objectname)%00%(*objectname) [21ms]
2026-03-17 08:17:47.877 [info] > git config --get --local branch.master.vscode-merge-base [4ms]
2026-03-17 08:17:47.882 [info] > git config --get commit.template [15ms]
2026-03-17 08:17:47.886 [info] [Model][openRepository] Opened repository (path): /home/avi/snapd
2026-03-17 08:17:47.886 [info] [Model][openRepository] Opened repository (real path): /home/avi/snapd
2026-03-17 08:17:47.886 [info] [Model][openRepository] Opened repository (kind): repository
2026-03-17 08:17:47.897 [info] > git for-each-ref --format=%(refname)%00%(upstream:short)%00%(objectname)%00%(upstream:track)%00%(upstream:remotename)%00%(upstream:remoteref) refs/heads/origin/master refs/remotes/origin/master [16ms]
2026-03-17 08:17:47.906 [info] > git rev-parse --show-toplevel [12ms]
2026-03-17 08:17:47.906 [info] > git config --get commit.template [16ms]
2026-03-17 08:17:47.912 [info] > git for-each-ref --format=%(refname)%00%(upstream:short)%00%(objectname)%00%(upstream:track)%00%(upstream:remotename)%00%(upstream:remoteref) refs/heads/master refs/remotes/master [7ms]
2026-03-17 08:17:47.912 [info] > git merge-base refs/heads/master refs/remotes/origin/master [11ms]
2026-03-17 08:17:47.924 [warning] [Git][revParse] Unable to read file: ENOENT: no such file or directory, open '/home/avi/rar/.git/refs/remotes/origin/master'
2026-03-17 08:17:47.924 [info] > git rev-parse --git-dir --git-common-dir --show-superproject-working-tree [13ms]
2026-03-17 08:17:47.925 [info] > git for-each-ref --format=%(refname)%00%(upstream:short)%00%(objectname)%00%(upstream:track)%00%(upstream:remotename)%00%(upstream:remoteref) refs/heads/master refs/remotes/master [5ms]
2026-03-17 08:17:47.925 [info] > git diff --raw --numstat --diff-filter=ADMR -z --find-renames=50% a15c06ecadcc31c7e659ff27f59592ef2325a68b...refs/remotes/origin/master -- [10ms]
2026-03-17 08:17:47.930 [warning] [Git][revParse] Unable to read file: ENOENT: no such file or directory, open '/home/avi/snapd/.git/refs/remotes/origin/master'
2026-03-17 08:17:47.930 [info] > git rev-parse refs/remotes/origin/master [6ms]
2026-03-17 08:17:47.946 [info] > git status -z -uall [12ms]
2026-03-17 08:17:47.946 [info] > git for-each-ref --sort -committerdate --format %(refname)%00%(objectname)%00%(*objectname) [6ms]
2026-03-17 08:17:47.948 [info] > git rev-parse refs/remotes/origin/master [18ms]
2026-03-17 08:17:47.958 [info] > git status -z -uall [6ms]
2026-03-17 08:17:47.961 [info] > git for-each-ref --sort -committerdate --format %(refname)%00%(objectname)%00%(*objectname) [4ms]
2026-03-17 08:17:47.972 [info] > git for-each-ref --format=%(refname)%00%(upstream:short)%00%(objectname)%00%(upstream:track)%00%(upstream:remotename)%00%(upstream:remoteref) refs/heads/master refs/remotes/master [6ms]
2026-03-17 08:17:47.978 [info] > git config --get commit.template [6ms]
2026-03-17 08:17:47.981 [info] [Model][openRepository] Opened repository (path): /home/avi/yay
2026-03-17 08:17:47.981 [info] [Model][openRepository] Opened repository (real path): /home/avi/yay
2026-03-17 08:17:47.981 [info] [Model][openRepository] Opened repository (kind): repository
2026-03-17 08:17:47.989 [info] > git config --get --local branch.master.vscode-merge-base [12ms]
2026-03-17 08:17:47.998 [info] > git rev-parse --show-toplevel [9ms]
2026-03-17 08:17:47.998 [info] [Model][doInitialScan] Initial repository scan completed - repositories (7), closed repositories (0), parent repositories (0), unsafe repositories (0)
2026-03-17 08:17:47.999 [info] > git config --get commit.template [14ms]
2026-03-17 08:17:47.999 [info] > git for-each-ref --format=%(refname)%00%(upstream:short)%00%(objectname)%00%(upstream:track)%00%(upstream:remotename)%00%(upstream:remoteref) refs/heads/master refs/remotes/master [1ms]
2026-03-17 08:17:47.999 [info] > git for-each-ref --format=%(refname)%00%(upstream:short)%00%(objectname)%00%(upstream:track)%00%(upstream:remotename)%00%(upstream:remoteref) refs/heads/origin/master refs/remotes/origin/master [6ms]
2026-03-17 08:17:48.012 [warning] [Git][revParse] Unable to read file: ENOENT: no such file or directory, open '/home/avi/snapd/.git/refs/remotes/origin/master'
2026-03-17 08:17:48.013 [info] > git rev-parse refs/remotes/origin/master [1ms]
2026-03-17 08:17:48.022 [info] > git for-each-ref --format=%(refname)%00%(upstream:short)%00%(objectname)%00%(upstream:track)%00%(upstream:remotename)%00%(upstream:remoteref) refs/heads/master refs/remotes/master [13ms]
2026-03-17 08:17:48.022 [info] > git merge-base refs/heads/master refs/remotes/origin/master [18ms]
2026-03-17 08:17:48.030 [warning] [Git][revParse] Unable to read file: ENOENT: no such file or directory, open '/home/avi/yay/.git/refs/remotes/origin/master'
2026-03-17 08:17:48.039 [info] > git status -z -uall [22ms]
2026-03-17 08:17:48.040 [info] > git for-each-ref --sort -committerdate --format %(refname)%00%(objectname)%00%(*objectname) [19ms]
2026-03-17 08:17:48.051 [info] > git merge-base refs/heads/master refs/remotes/origin/master [5ms]
2026-03-17 08:17:48.057 [info] > git rev-parse refs/remotes/origin/master [26ms]
2026-03-17 08:17:48.066 [info] > git diff --raw --numstat --diff-filter=ADMR -z --find-renames=50% 773e6e121654eae297bfc121ad2e2431cac84a94...refs/remotes/origin/master -- [41ms]
2026-03-17 08:17:48.072 [info] > git status -z -uall [11ms]
2026-03-17 08:17:48.072 [info] > git for-each-ref --sort -committerdate --format %(refname)%00%(objectname)%00%(*objectname) [6ms]
2026-03-17 08:17:48.081 [info] > git diff --raw --numstat --diff-filter=ADMR -z --find-renames=50% 773e6e121654eae297bfc121ad2e2431cac84a94...refs/remotes/origin/master -- [25ms]
2026-03-17 08:17:48.089 [info] > git for-each-ref --format=%(refname)%00%(upstream:short)%00%(objectname)%00%(upstream:track)%00%(upstream:remotename)%00%(upstream:remoteref) refs/heads/master refs/remotes/master [10ms]
2026-03-17 08:17:48.096 [info] > git config --get --local branch.master.vscode-merge-base [2ms]
2026-03-17 08:17:48.101 [info] > git config --get commit.template [13ms]
2026-03-17 08:17:48.109 [info] > git for-each-ref --format=%(refname)%00%(upstream:short)%00%(objectname)%00%(upstream:track)%00%(upstream:remotename)%00%(upstream:remoteref) refs/heads/origin/master refs/remotes/origin/master [8ms]
2026-03-17 08:17:48.115 [info] > git for-each-ref --format=%(refname)%00%(upstream:short)%00%(objectname)%00%(upstream:track)%00%(upstream:remotename)%00%(upstream:remoteref) refs/heads/master refs/remotes/master [8ms]
2026-03-17 08:17:48.119 [warning] [Git][revParse] Unable to read file: ENOENT: no such file or directory, open '/home/avi/yay/.git/refs/remotes/origin/master'
2026-03-17 08:17:48.120 [info] > git merge-base refs/heads/master refs/remotes/origin/master [7ms]
2026-03-17 08:17:48.124 [info] > git rev-parse refs/remotes/origin/master [5ms]
2026-03-17 08:17:48.133 [info] > git status -z -uall [5ms]
2026-03-17 08:17:48.133 [info] > git for-each-ref --sort -committerdate --format %(refname)%00%(objectname)%00%(*objectname) [2ms]
2026-03-17 08:17:48.139 [info] > git diff --raw --numstat --diff-filter=ADMR -z --find-renames=50% 1a092538ebdfa373ddb641ab1fe564a2ed62877d...refs/remotes/origin/master -- [16ms]
2026-03-17 08:17:48.140 [info] > git merge-base refs/heads/master refs/remotes/origin/master [2ms]
2026-03-17 08:17:48.146 [info] > git diff --raw --numstat --diff-filter=ADMR -z --find-renames=50% 1a092538ebdfa373ddb641ab1fe564a2ed62877d...refs/remotes/origin/master -- [1ms]
2026-03-17 08:17:48.256 [info] > git check-ignore -v -z --stdin [2ms]
2026-03-17 08:17:48.296 [info] > git check-ignore -v -z --stdin [1ms]
2026-03-17 08:17:48.307 [info] > git show --textconv :.config/hypr/hyprland.conf [4ms]
2026-03-17 08:17:48.308 [info] > git ls-files --stage -- .config/hypr/hyprland.conf [1ms]
2026-03-17 08:17:48.312 [info] > git cat-file -s 306f4d7ab20a18265bc277c4d299fde60d4bafb2 [1ms]
2026-03-17 08:18:01.657 [info] > git check-ignore -v -z --stdin [29ms]
2026-03-17 08:18:01.657 [info] > git check-ignore -v -z --stdin [25ms]
2026-03-17 08:18:01.657 [info] > git check-ignore -v -z --stdin [20ms]
2026-03-17 08:18:01.657 [info] > git check-ignore -v -z --stdin [16ms]
2026-03-17 08:18:01.658 [info] > git check-ignore -v -z --stdin [12ms]
2026-03-17 08:18:01.658 [info] > git check-ignore -v -z --stdin [8ms]
2026-03-17 08:18:01.658 [info] > git check-ignore -v -z --stdin [3ms]
2026-03-17 08:18:07.850 [info] > git check-ignore -v -z --stdin [2ms]
2026-03-17 08:18:09.789 [info] > git check-ignore -v -z --stdin [3ms]
2026-03-17 08:23:11.424 [info] > git check-ignore -v -z --stdin [2ms]
