2026-01-30 18:29:32.550 [info] [main] Log level: Info
2026-01-30 18:29:32.551 [info] [main] Validating found git in: "git"
2026-01-30 18:29:32.551 [info] [main] Using git "2.52.0" from "git"
2026-01-30 18:29:32.551 [info] [Model][doInitialScan] Initial repository scan started
2026-01-30 18:29:32.551 [info] [Model][doInitialScan] Initial repository scan completed - repositories (0), closed repositories (0), parent repositories (0), unsafe repositories (0)
2026-01-30 18:30:29.754 [info] [main] Log level: Info
2026-01-30 18:30:29.754 [info] [main] Validating found git in: "git"
2026-01-30 18:30:29.754 [info] [main] Using git "2.52.0" from "git"
2026-01-30 18:30:29.754 [info] [Model][doInitialScan] Initial repository scan started
2026-01-30 18:30:29.754 [info] > git rev-parse --show-toplevel [10ms]
2026-01-30 18:30:29.766 [info] > git rev-parse --git-dir --git-common-dir --show-superproject-working-tree [4ms]
2026-01-30 18:30:29.783 [info] [Model][openRepository] Opened repository (path): /home/avi
2026-01-30 18:30:29.783 [info] [Model][openRepository] Opened repository (real path): /home/avi
2026-01-30 18:30:29.783 [info] [Model][openRepository] Opened repository (kind): repository
2026-01-30 18:30:29.798 [info] > git config --get commit.template [4ms]
2026-01-30 18:30:29.809 [info] > git for-each-ref --format=%(refname)%00%(upstream:short)%00%(objectname)%00%(upstream:track)%00%(upstream:remotename)%00%(upstream:remoteref) refs/heads/main refs/remotes/main [3ms]
2026-01-30 18:30:29.809 [warning] [Git][getBranch] No such branch: main
2026-01-30 18:30:29.827 [info] > git status -z -uall [11ms]
2026-01-30 18:30:29.833 [info] > git for-each-ref --sort -committerdate --format %(refname)%00%(objectname)%00%(*objectname) [9ms]
2026-01-30 18:30:29.862 [info] > git for-each-ref --format=%(refname)%00%(upstream:short)%00%(objectname)%00%(upstream:track)%00%(upstream:remotename)%00%(upstream:remoteref) refs/heads/main refs/remotes/main [11ms]
2026-01-30 18:30:29.863 [warning] [Git][getBranch] No such branch: main
2026-01-30 18:30:29.863 [error] [GitHistoryProvider][resolveHEADMergeBase] Failed to resolve merge base for main: Error: No such branch: main.
2026-01-30 18:30:29.866 [info] > git config --get commit.template [4ms]
2026-01-30 18:30:29.946 [info] > git for-each-ref --format=%(refname)%00%(upstream:short)%00%(objectname)%00%(upstream:track)%00%(upstream:remotename)%00%(upstream:remoteref) refs/heads/main refs/remotes/main [71ms]
2026-01-30 18:30:29.946 [warning] [Git][getBranch] No such branch: main
2026-01-30 18:30:29.959 [info] > git status -z -uall [7ms]
2026-01-30 18:30:29.962 [info] > git for-each-ref --sort -committerdate --format %(refname)%00%(objectname)%00%(*objectname) [5ms]
2026-01-30 18:30:29.979 [info] > git rev-parse --show-toplevel [3ms]
2026-01-30 18:30:29.987 [info] > git rev-parse --show-toplevel [2ms]
2026-01-30 18:30:29.995 [info] > git rev-parse --show-toplevel [2ms]
2026-01-30 18:30:30.005 [info] > git rev-parse --show-toplevel [2ms]
2026-01-30 18:30:30.005 [info] fatal: this operation must be run in a work tree
2026-01-30 18:30:30.014 [info] > git rev-parse --show-toplevel [3ms]
2026-01-30 18:30:30.022 [info] > git rev-parse --show-toplevel [2ms]
2026-01-30 18:30:30.029 [info] > git rev-parse --show-toplevel [1ms]
2026-01-30 18:30:30.036 [info] > git rev-parse --show-toplevel [1ms]
2026-01-30 18:30:30.044 [info] > git rev-parse --show-toplevel [2ms]
2026-01-30 18:30:30.051 [info] > git rev-parse --show-toplevel [2ms]
2026-01-30 18:30:30.058 [info] > git rev-parse --show-toplevel [1ms]
2026-01-30 18:30:30.112 [info] > git rev-parse --show-toplevel [48ms]
2026-01-30 18:30:30.123 [info] > git rev-parse --git-dir --git-common-dir --show-superproject-working-tree [5ms]
2026-01-30 18:30:30.129 [info] [Model][openRepository] Opened repository (path): /home/avi/.oh-my-zsh
2026-01-30 18:30:30.129 [info] [Model][openRepository] Opened repository (real path): /home/avi/.oh-my-zsh
2026-01-30 18:30:30.129 [info] [Model][openRepository] Opened repository (kind): repository
2026-01-30 18:30:30.145 [info] > git config --get commit.template [8ms]
2026-01-30 18:30:30.146 [info] > git rev-parse --show-toplevel [3ms]
2026-01-30 18:30:30.161 [info] > git for-each-ref --format=%(refname)%00%(upstream:short)%00%(objectname)%00%(upstream:track)%00%(upstream:remotename)%00%(upstream:remoteref) refs/heads/master refs/remotes/master [8ms]
2026-01-30 18:30:30.164 [info] > git rev-parse --show-toplevel [4ms]
2026-01-30 18:30:30.183 [info] > git rev-parse --show-toplevel [13ms]
2026-01-30 18:30:30.190 [info] > git for-each-ref --sort -committerdate --format %(refname)%00%(objectname)%00%(*objectname) [8ms]
2026-01-30 18:30:30.191 [info] > git rev-parse --show-toplevel [2ms]
2026-01-30 18:30:30.199 [info] > git rev-parse --show-toplevel [2ms]
2026-01-30 18:30:30.206 [info] > git rev-parse --show-toplevel [1ms]
2026-01-30 18:30:30.213 [info] > git rev-parse --show-toplevel [1ms]
2026-01-30 18:30:30.221 [info] > git rev-parse --show-toplevel [2ms]
2026-01-30 18:30:30.228 [info] > git rev-parse --show-toplevel [2ms]
2026-01-30 18:30:30.235 [info] > git rev-parse --show-toplevel [1ms]
2026-01-30 18:30:30.244 [info] > git rev-parse --show-toplevel [2ms]
2026-01-30 18:30:30.252 [info] > git rev-parse --show-toplevel [2ms]
2026-01-30 18:30:30.259 [info] > git rev-parse --show-toplevel [1ms]
2026-01-30 18:30:30.268 [info] > git rev-parse --show-toplevel [3ms]
2026-01-30 18:30:30.278 [info] > git rev-parse --git-dir --git-common-dir --show-superproject-working-tree [4ms]
2026-01-30 18:30:30.284 [info] [Model][openRepository] Opened repository (path): /home/avi/powerlevel10k
2026-01-30 18:30:30.284 [info] [Model][openRepository] Opened repository (real path): /home/avi/powerlevel10k
2026-01-30 18:30:30.284 [info] [Model][openRepository] Opened repository (kind): repository
2026-01-30 18:30:30.299 [info] > git config --get commit.template [8ms]
2026-01-30 18:30:30.302 [info] > git rev-parse --show-toplevel [4ms]
2026-01-30 18:30:30.316 [info] > git status -z -uall [140ms]
2026-01-30 18:30:30.316 [info] > git for-each-ref --format=%(refname)%00%(upstream:short)%00%(objectname)%00%(upstream:track)%00%(upstream:remotename)%00%(upstream:remoteref) refs/heads/master refs/remotes/master [8ms]
2026-01-30 18:30:30.338 [warning] [Git][revParse] Unable to read file: ENOENT: no such file or directory, open '/home/avi/powerlevel10k/.git/refs/remotes/origin/master'
2026-01-30 18:30:30.344 [info] > git for-each-ref --format=%(refname)%00%(upstream:short)%00%(objectname)%00%(upstream:track)%00%(upstream:remotename)%00%(upstream:remoteref) refs/heads/master refs/remotes/master [17ms]
2026-01-30 18:30:30.352 [info] > git rev-parse --show-toplevel [38ms]
2026-01-30 18:30:30.361 [info] > git config --get --local branch.master.vscode-merge-base [10ms]
2026-01-30 18:30:30.361 [warning] [Git][config] git config failed: Failed to execute git
2026-01-30 18:30:30.368 [info] > git config --get commit.template [24ms]
2026-01-30 18:30:30.368 [info] > git rev-parse refs/remotes/origin/master [30ms]
2026-01-30 18:30:30.385 [info] > git reflog master --grep-reflog=branch: Created from *. [17ms]
2026-01-30 18:30:30.391 [info] > git rev-parse --git-dir --git-common-dir --show-superproject-working-tree [31ms]
2026-01-30 18:30:30.397 [info] [Model][openRepository] Opened repository (path): /home/avi/yay
2026-01-30 18:30:30.397 [info] [Model][openRepository] Opened repository (real path): /home/avi/yay
2026-01-30 18:30:30.397 [info] [Model][openRepository] Opened repository (kind): repository
2026-01-30 18:30:30.398 [info] [Model][doInitialScan] Initial repository scan completed - repositories (4), closed repositories (0), parent repositories (0), unsafe repositories (0)
2026-01-30 18:30:30.413 [info] > git status -z -uall [37ms]
2026-01-30 18:30:30.413 [info] > git for-each-ref --format=%(refname)%00%(upstream:short)%00%(objectname)%00%(upstream:track)%00%(upstream:remotename)%00%(upstream:remoteref) refs/heads/origin/master refs/remotes/origin/master [22ms]
2026-01-30 18:30:30.420 [info] > git for-each-ref --sort -committerdate --format %(refname)%00%(objectname)%00%(*objectname) [37ms]
2026-01-30 18:30:30.423 [info] > git config --add --local branch.master.vscode-merge-base origin/master [3ms]
2026-01-30 18:30:30.424 [info] > git config --get commit.template [12ms]
2026-01-30 18:30:30.424 [info] > git for-each-ref --format=%(refname)%00%(upstream:short)%00%(objectname)%00%(upstream:track)%00%(upstream:remotename)%00%(upstream:remoteref) refs/heads/master refs/remotes/master [17ms]
2026-01-30 18:30:30.451 [info] > git for-each-ref --format=%(refname)%00%(upstream:short)%00%(objectname)%00%(upstream:track)%00%(upstream:remotename)%00%(upstream:remoteref) refs/heads/master refs/remotes/master [17ms]
2026-01-30 18:30:30.465 [info] > git config --get commit.template [14ms]
2026-01-30 18:30:30.466 [info] > git config --get commit.template [21ms]
2026-01-30 18:30:30.466 [info] > git config --get --local branch.master.vscode-merge-base [8ms]
2026-01-30 18:30:30.467 [warning] [Git][config] git config failed: Failed to execute git
2026-01-30 18:30:30.486 [info] > git for-each-ref --format=%(refname)%00%(upstream:short)%00%(objectname)%00%(upstream:track)%00%(upstream:remotename)%00%(upstream:remoteref) refs/heads/master refs/remotes/master [22ms]
2026-01-30 18:30:30.492 [warning] [Git][revParse] Unable to read file: ENOENT: no such file or directory, open '/home/avi/yay/.git/refs/remotes/origin/master'
2026-01-30 18:30:30.493 [info] > git for-each-ref --format=%(refname)%00%(upstream:short)%00%(objectname)%00%(upstream:track)%00%(upstream:remotename)%00%(upstream:remoteref) refs/heads/master refs/remotes/master [15ms]
2026-01-30 18:30:30.493 [info] > git reflog master --grep-reflog=branch: Created from *. [21ms]
2026-01-30 18:30:30.502 [info] > git rev-parse refs/remotes/origin/master [10ms]
2026-01-30 18:30:30.514 [info] > git for-each-ref --format=%(refname)%00%(upstream:short)%00%(objectname)%00%(upstream:track)%00%(upstream:remotename)%00%(upstream:remoteref) refs/heads/master refs/remotes/master [29ms]
2026-01-30 18:30:30.520 [warning] [Git][revParse] Unable to read file: ENOENT: no such file or directory, open '/home/avi/powerlevel10k/.git/refs/remotes/origin/master'
2026-01-30 18:30:30.521 [info] > git status -z -uall [14ms]
2026-01-30 18:30:30.521 [info] > git symbolic-ref --short refs/remotes/origin/HEAD [22ms]
2026-01-30 18:30:30.528 [info] > git rev-parse refs/remotes/origin/master [8ms]
2026-01-30 18:30:30.540 [info] > git for-each-ref --sort -committerdate --format %(refname)%00%(objectname)%00%(*objectname) [26ms]
2026-01-30 18:30:30.572 [info] > git status -z -uall [39ms]
2026-01-30 18:30:30.572 [info] > git for-each-ref --format=%(refname)%00%(upstream:short)%00%(objectname)%00%(upstream:track)%00%(upstream:remotename)%00%(upstream:remoteref) refs/heads/master refs/remotes/master [23ms]
2026-01-30 18:30:30.579 [info] > git for-each-ref --sort -committerdate --format %(refname)%00%(objectname)%00%(*objectname) [39ms]
2026-01-30 18:30:30.584 [info] > git for-each-ref --format=%(refname)%00%(upstream:short)%00%(objectname)%00%(upstream:track)%00%(upstream:remotename)%00%(upstream:remoteref) refs/heads/origin/master refs/remotes/origin/master [57ms]
2026-01-30 18:30:30.593 [info] > git config --add --local branch.master.vscode-merge-base origin/master [2ms]
2026-01-30 18:30:30.593 [info] > git config --get --local branch.master.vscode-merge-base [14ms]
2026-01-30 18:30:30.593 [warning] [Git][config] git config failed: Failed to execute git
2026-01-30 18:30:30.599 [info] > git config --get commit.template [28ms]
2026-01-30 18:30:30.599 [info] > git for-each-ref --sort -committerdate --format %(refname)%00%(objectname)%00%(*objectname) [35ms]
2026-01-30 18:30:30.608 [info] > git reflog master --grep-reflog=branch: Created from *. [9ms]
2026-01-30 18:30:30.620 [info] > git status -z -uall [62ms]
2026-01-30 18:30:30.620 [info] > git config --get commit.template [13ms]
2026-01-30 18:30:30.636 [info] > git merge-base refs/heads/master refs/remotes/origin/master [8ms]
2026-01-30 18:30:30.642 [info] > git for-each-ref --format=%(refname)%00%(upstream:short)%00%(objectname)%00%(upstream:track)%00%(upstream:remotename)%00%(upstream:remoteref) refs/heads/master refs/remotes/master [23ms]
2026-01-30 18:30:30.642 [info] > git symbolic-ref --short refs/remotes/origin/HEAD [28ms]
2026-01-30 18:30:30.658 [warning] [Git][revParse] Unable to read file: ENOENT: no such file or directory, open '/home/avi/yay/.git/refs/remotes/origin/master'
2026-01-30 18:30:30.659 [info] > git diff --name-status -z --diff-filter=ADMR --find-renames=50% e0766905519fbc7982a590a195ee7c3e8bb594e8...refs/remotes/origin/master -- [17ms]
2026-01-30 18:30:30.660 [info] > git merge-base refs/heads/master refs/remotes/origin/master [26ms]
2026-01-30 18:30:30.668 [info] > git rev-parse refs/remotes/origin/master [10ms]
2026-01-30 18:30:30.679 [info] > git for-each-ref --format=%(refname)%00%(upstream:short)%00%(objectname)%00%(upstream:track)%00%(upstream:remotename)%00%(upstream:remoteref) refs/heads/master refs/remotes/master [26ms]
2026-01-30 18:30:30.680 [info] > git for-each-ref --format=%(refname)%00%(upstream:short)%00%(objectname)%00%(upstream:track)%00%(upstream:remotename)%00%(upstream:remoteref) refs/heads/origin/master refs/remotes/origin/master [33ms]
2026-01-30 18:30:30.691 [warning] [Git][revParse] Unable to read file: ENOENT: no such file or directory, open '/home/avi/powerlevel10k/.git/refs/remotes/origin/master'
2026-01-30 18:30:30.692 [info] > git status -z -uall [19ms]
2026-01-30 18:30:30.692 [info] > git for-each-ref --sort -committerdate --format %(refname)%00%(objectname)%00%(*objectname) [13ms]
2026-01-30 18:30:30.695 [info] > git diff --name-status -z --diff-filter=ADMR --find-renames=50% e0766905519fbc7982a590a195ee7c3e8bb594e8...refs/remotes/origin/master -- [29ms]
2026-01-30 18:30:30.697 [info] > git rev-parse refs/remotes/origin/master [6ms]
2026-01-30 18:30:30.710 [info] > git config --add --local branch.master.vscode-merge-base origin/master [25ms]
2026-01-30 18:30:30.719 [info] > git status -z -uall [16ms]
2026-01-30 18:30:30.719 [info] > git for-each-ref --sort -committerdate --format %(refname)%00%(objectname)%00%(*objectname) [9ms]
2026-01-30 18:30:30.721 [info] > git config --get commit.template [3ms]
2026-01-30 18:30:30.737 [info] > git merge-base refs/heads/master refs/remotes/origin/master [8ms]
2026-01-30 18:30:30.752 [info] > git merge-base refs/heads/master refs/remotes/origin/master [16ms]
2026-01-30 18:30:30.759 [info] > git for-each-ref --format=%(refname)%00%(upstream:short)%00%(objectname)%00%(upstream:track)%00%(upstream:remotename)%00%(upstream:remoteref) refs/heads/master refs/remotes/master [8ms]
2026-01-30 18:30:30.760 [info] > git diff --name-status -z --diff-filter=ADMR --find-renames=50% b97926675aba2d8465325d786cc69de9d9fdec84...refs/remotes/origin/master -- [17ms]
2026-01-30 18:30:30.766 [warning] [Git][revParse] Unable to read file: ENOENT: no such file or directory, open '/home/avi/yay/.git/refs/remotes/origin/master'
2026-01-30 18:30:30.767 [info] > git diff --name-status -z --diff-filter=ADMR --find-renames=50% b97926675aba2d8465325d786cc69de9d9fdec84...refs/remotes/origin/master -- [9ms]
2026-01-30 18:30:30.769 [info] > git rev-parse refs/remotes/origin/master [3ms]
2026-01-30 18:30:30.782 [info] > git status -z -uall [7ms]
2026-01-30 18:30:30.784 [info] > git for-each-ref --sort -committerdate --format %(refname)%00%(objectname)%00%(*objectname) [3ms]
2026-01-30 18:30:30.801 [info] > git merge-base refs/heads/master refs/remotes/origin/master [8ms]
2026-01-30 18:30:30.810 [info] > git diff --name-status -z --diff-filter=ADMR --find-renames=50% 1a092538ebdfa373ddb641ab1fe564a2ed62877d...refs/remotes/origin/master -- [3ms]
2026-01-30 18:30:30.811 [info] > git merge-base refs/heads/master refs/remotes/origin/master [11ms]
2026-01-30 18:30:30.819 [info] > git diff --name-status -z --diff-filter=ADMR --find-renames=50% 1a092538ebdfa373ddb641ab1fe564a2ed62877d...refs/remotes/origin/master -- [2ms]
2026-01-30 18:30:30.965 [info] > git check-ignore -v -z --stdin [20ms]
2026-01-30 18:30:30.966 [info] > git check-ignore -v -z --stdin [14ms]
2026-01-30 18:30:30.967 [info] > git check-ignore -v -z --stdin [9ms]
2026-01-30 18:30:30.967 [info] > git check-ignore -v -z --stdin [4ms]
2026-01-30 18:30:32.767 [info] > git check-ignore -v -z --stdin [2ms]
2026-01-30 18:30:39.198 [info] > git check-ignore -v -z --stdin [2ms]
2026-01-30 18:30:41.401 [info] > git check-ignore -v -z --stdin [2ms]
2026-01-30 18:30:49.607 [info] > git check-ignore -v -z --stdin [1ms]
2026-01-30 18:36:20.478 [info] > git config --get commit.template [12ms]
2026-01-30 18:36:20.487 [info] > git for-each-ref --format=%(refname)%00%(upstream:short)%00%(objectname)%00%(upstream:track)%00%(upstream:remotename)%00%(upstream:remoteref) refs/heads/main refs/remotes/main [11ms]
2026-01-30 18:36:20.487 [warning] [Git][getBranch] No such branch: main
2026-01-30 18:36:20.507 [info] > git status -z -uall [11ms]
2026-01-30 18:36:20.510 [info] > git for-each-ref --sort -committerdate --format %(refname)%00%(objectname)%00%(*objectname) [5ms]
2026-01-30 18:36:25.528 [info] > git config --get commit.template [2ms]
2026-01-30 18:36:25.535 [info] > git for-each-ref --format=%(refname)%00%(upstream:short)%00%(objectname)%00%(upstream:track)%00%(upstream:remotename)%00%(upstream:remoteref) refs/heads/main refs/remotes/main [1ms]
2026-01-30 18:36:25.535 [warning] [Git][getBranch] No such branch: main
2026-01-30 18:36:25.547 [info] > git status -z -uall [6ms]
2026-01-30 18:36:25.549 [info] > git for-each-ref --sort -committerdate --format %(refname)%00%(objectname)%00%(*objectname) [3ms]
2026-01-30 18:36:30.570 [info] > git config --get commit.template [6ms]
2026-01-30 18:36:30.571 [info] > git for-each-ref --format=%(refname)%00%(upstream:short)%00%(objectname)%00%(upstream:track)%00%(upstream:remotename)%00%(upstream:remoteref) refs/heads/main refs/remotes/main [2ms]
2026-01-30 18:36:30.571 [warning] [Git][getBranch] No such branch: main
2026-01-30 18:36:30.583 [info] > git status -z -uall [6ms]
2026-01-30 18:36:30.586 [info] > git for-each-ref --sort -committerdate --format %(refname)%00%(objectname)%00%(*objectname) [4ms]
2026-01-30 18:36:51.882 [info] > git config --get commit.template [2ms]
2026-01-30 18:36:51.894 [info] > git for-each-ref --format=%(refname)%00%(upstream:short)%00%(objectname)%00%(upstream:track)%00%(upstream:remotename)%00%(upstream:remoteref) refs/heads/main refs/remotes/main [3ms]
2026-01-30 18:36:51.894 [warning] [Git][getBranch] No such branch: main
2026-01-30 18:36:51.911 [info] > git status -z -uall [9ms]
2026-01-30 18:36:51.913 [info] > git for-each-ref --sort -committerdate --format %(refname)%00%(objectname)%00%(*objectname) [3ms]
2026-01-30 18:36:58.304 [info] > git config --get commit.template [3ms]
2026-01-30 18:36:58.316 [info] > git for-each-ref --format=%(refname)%00%(upstream:short)%00%(objectname)%00%(upstream:track)%00%(upstream:remotename)%00%(upstream:remoteref) refs/heads/main refs/remotes/main [2ms]
2026-01-30 18:36:58.316 [warning] [Git][getBranch] No such branch: main
2026-01-30 18:36:58.333 [info] > git status -z -uall [8ms]
2026-01-30 18:36:58.335 [info] > git for-each-ref --sort -committerdate --format %(refname)%00%(objectname)%00%(*objectname) [2ms]
2026-01-30 18:37:03.357 [info] > git config --get commit.template [8ms]
2026-01-30 18:37:03.358 [info] > git for-each-ref --format=%(refname)%00%(upstream:short)%00%(objectname)%00%(upstream:track)%00%(upstream:remotename)%00%(upstream:remoteref) refs/heads/main refs/remotes/main [2ms]
2026-01-30 18:37:03.358 [warning] [Git][getBranch] No such branch: main
2026-01-30 18:37:03.371 [info] > git status -z -uall [7ms]
2026-01-30 18:37:03.373 [info] > git for-each-ref --sort -committerdate --format %(refname)%00%(objectname)%00%(*objectname) [2ms]
2026-01-30 18:38:34.585 [info] > git config --get commit.template [11ms]
2026-01-30 18:38:34.586 [info] > git for-each-ref --format=%(refname)%00%(upstream:short)%00%(objectname)%00%(upstream:track)%00%(upstream:remotename)%00%(upstream:remoteref) refs/heads/main refs/remotes/main [2ms]
2026-01-30 18:38:34.586 [warning] [Git][getBranch] No such branch: main
2026-01-30 18:38:34.607 [info] > git status -z -uall [12ms]
2026-01-30 18:38:34.610 [info] > git for-each-ref --sort -committerdate --format %(refname)%00%(objectname)%00%(*objectname) [4ms]
2026-01-30 18:42:46.828 [info] > git config --get commit.template [13ms]
2026-01-30 18:42:46.829 [info] > git for-each-ref --format=%(refname)%00%(upstream:short)%00%(objectname)%00%(upstream:track)%00%(upstream:remotename)%00%(upstream:remoteref) refs/heads/main refs/remotes/main [3ms]
2026-01-30 18:42:46.829 [warning] [Git][getBranch] No such branch: main
2026-01-30 18:42:46.855 [info] > git status -z -uall [15ms]
2026-01-30 18:42:46.858 [info] > git for-each-ref --sort -committerdate --format %(refname)%00%(objectname)%00%(*objectname) [4ms]
2026-01-30 18:42:51.885 [info] > git config --get commit.template [8ms]
2026-01-30 18:42:51.886 [info] > git for-each-ref --format=%(refname)%00%(upstream:short)%00%(objectname)%00%(upstream:track)%00%(upstream:remotename)%00%(upstream:remoteref) refs/heads/main refs/remotes/main [2ms]
2026-01-30 18:42:51.886 [warning] [Git][getBranch] No such branch: main
2026-01-30 18:42:51.903 [info] > git status -z -uall [10ms]
2026-01-30 18:42:51.905 [info] > git for-each-ref --sort -committerdate --format %(refname)%00%(objectname)%00%(*objectname) [4ms]
2026-01-30 18:42:56.933 [info] > git config --get commit.template [8ms]
2026-01-30 18:42:56.933 [info] > git for-each-ref --format=%(refname)%00%(upstream:short)%00%(objectname)%00%(upstream:track)%00%(upstream:remotename)%00%(upstream:remoteref) refs/heads/main refs/remotes/main [1ms]
2026-01-30 18:42:56.941 [warning] [Git][getBranch] No such branch: main
2026-01-30 18:42:56.956 [info] > git status -z -uall [9ms]
2026-01-30 18:42:56.959 [info] > git for-each-ref --sort -committerdate --format %(refname)%00%(objectname)%00%(*objectname) [5ms]
2026-01-30 18:42:59.844 [info] > git init -b main [12ms]
2026-01-30 18:42:59.844 [info] warning: re-init: ignored --initial-branch=main
2026-01-30 18:42:59.912 [info] > git add -A -- . [56ms]
2026-01-30 18:42:59.912 [info] warning: adding embedded git repository: .config/yazi/flavors/tokyo-night.yazi
hint: You've added another git repository inside your current repository.
hint: Clones of the outer repository will not contain the contents of
hint: the embedded repository and will not know how to obtain it.
hint: If you meant to add a submodule, use:
hint:
hint: 	git submodule add <url> .config/yazi/flavors/tokyo-night.yazi
hint:
hint: If you added this path by mistake, you can remove it from the
hint: index with:
hint:
hint: 	git rm --cached .config/yazi/flavors/tokyo-night.yazi
hint:
hint: See "git help submodule" for more information.
hint: Disable this message with "git config set advice.addEmbeddedRepo false"
warning: adding embedded git repository: grimoire/ /home/avi/.oh-my-zsh/custom/themes/powerlevel10k
2026-01-30 18:42:59.934 [info] > git -c user.useConfigOnly=true commit --quiet --allow-empty-message --file - --allow-empty-message [13ms]
2026-01-30 18:42:59.945 [info] > git config --get commit.template [2ms]
2026-01-30 18:42:59.958 [info] > git config --get commit.template [3ms]
2026-01-30 18:42:59.967 [info] > git for-each-ref --format=%(refname)%00%(upstream:short)%00%(objectname)%00%(upstream:track)%00%(upstream:remotename)%00%(upstream:remoteref) refs/heads/main refs/remotes/main [2ms]
2026-01-30 18:42:59.982 [info] > git for-each-ref --sort -committerdate --format %(refname)%00%(objectname)%00%(*objectname) [3ms]
2026-01-30 18:43:00.018 [info] > git status -z -uall [45ms]
2026-01-30 18:43:00.060 [info] > git config --get commit.template [2ms]
2026-01-30 18:43:00.069 [info] > git for-each-ref --format=%(refname)%00%(upstream:short)%00%(objectname)%00%(upstream:track)%00%(upstream:remotename)%00%(upstream:remoteref) refs/heads/main refs/remotes/main [3ms]
2026-01-30 18:43:00.084 [info] > git for-each-ref --sort -committerdate --format %(refname)%00%(objectname)%00%(*objectname) [2ms]
2026-01-30 18:43:00.103 [info] > git status -z -uall [27ms]
2026-01-30 18:43:00.118 [info] > git remote add origin https://github.com/avinavarcher12/avi.git [2ms]
2026-01-30 18:43:00.119 [info] error: remote origin already exists.
2026-01-30 18:43:00.139 [info] > git config --get commit.template [10ms]
2026-01-30 18:43:00.140 [info] > git for-each-ref --format=%(refname)%00%(upstream:short)%00%(objectname)%00%(upstream:track)%00%(upstream:remotename)%00%(upstream:remoteref) refs/heads/main refs/remotes/main [2ms]
2026-01-30 18:43:00.159 [info] > git for-each-ref --sort -committerdate --format %(refname)%00%(objectname)%00%(*objectname) [3ms]
2026-01-30 18:43:00.177 [info] > git status -z -uall [28ms]
2026-01-30 18:43:00.513 [info] > git show --textconv :.config/hypr/hyprland.conf [11ms]
2026-01-30 18:43:00.514 [info] > git ls-files --stage -- .config/hypr/hyprland.conf [2ms]
2026-01-30 18:43:00.523 [info] > git cat-file -s 306f4d7ab20a18265bc277c4d299fde60d4bafb2 [2ms]
2026-01-30 18:43:01.420 [info] > git ls-files --stage -- .config/hypr/hyprland.conf [2ms]
2026-01-30 18:43:01.429 [info] > git cat-file -s 306f4d7ab20a18265bc277c4d299fde60d4bafb2 [2ms]
2026-01-30 18:43:01.439 [info] > git show --textconv :.config/hypr/hyprland.conf [2ms]
2026-01-30 18:45:17.639 [info] > git config --get commit.template [18ms]
2026-01-30 18:45:17.640 [info] > git for-each-ref --format=%(refname)%00%(upstream:short)%00%(objectname)%00%(upstream:track)%00%(upstream:remotename)%00%(upstream:remoteref) refs/heads/main refs/remotes/main [4ms]
2026-01-30 18:45:17.668 [info] > git for-each-ref --sort -committerdate --format %(refname)%00%(objectname)%00%(*objectname) [2ms]
2026-01-30 18:45:17.687 [info] > git status -z -uall [33ms]
2026-01-30 18:45:22.710 [info] > git config --get commit.template [9ms]
2026-01-30 18:45:22.710 [info] > git for-each-ref --format=%(refname)%00%(upstream:short)%00%(objectname)%00%(upstream:track)%00%(upstream:remotename)%00%(upstream:remoteref) refs/heads/main refs/remotes/main [2ms]
2026-01-30 18:45:22.724 [info] > git for-each-ref --sort -committerdate --format %(refname)%00%(objectname)%00%(*objectname) [2ms]
2026-01-30 18:45:22.742 [info] > git status -z -uall [26ms]
2026-01-30 18:45:27.763 [info] > git config --get commit.template [8ms]
2026-01-30 18:45:27.763 [info] > git for-each-ref --format=%(refname)%00%(upstream:short)%00%(objectname)%00%(upstream:track)%00%(upstream:remotename)%00%(upstream:remoteref) refs/heads/main refs/remotes/main [2ms]
2026-01-30 18:45:27.781 [info] > git for-each-ref --sort -committerdate --format %(refname)%00%(objectname)%00%(*objectname) [2ms]
2026-01-30 18:45:27.800 [info] > git status -z -uall [30ms]
2026-01-30 18:45:30.029 [info] > git check-ignore -v -z --stdin [2ms]
2026-01-30 18:45:32.821 [info] > git config --get commit.template [7ms]
2026-01-30 18:45:32.822 [info] > git for-each-ref --format=%(refname)%00%(upstream:short)%00%(objectname)%00%(upstream:track)%00%(upstream:remotename)%00%(upstream:remoteref) refs/heads/main refs/remotes/main [2ms]
2026-01-30 18:45:32.837 [info] > git for-each-ref --sort -committerdate --format %(refname)%00%(objectname)%00%(*objectname) [2ms]
2026-01-30 18:45:32.856 [info] > git status -z -uall [28ms]
2026-01-30 18:45:37.879 [info] > git config --get commit.template [7ms]
2026-01-30 18:45:37.880 [info] > git for-each-ref --format=%(refname)%00%(upstream:short)%00%(objectname)%00%(upstream:track)%00%(upstream:remotename)%00%(upstream:remoteref) refs/heads/main refs/remotes/main [2ms]
2026-01-30 18:45:37.895 [info] > git for-each-ref --sort -committerdate --format %(refname)%00%(objectname)%00%(*objectname) [3ms]
2026-01-30 18:45:37.914 [info] > git status -z -uall [28ms]
2026-01-30 18:46:25.739 [info] > git config --get commit.template [7ms]
2026-01-30 18:46:25.741 [info] > git for-each-ref --format=%(refname)%00%(upstream:short)%00%(objectname)%00%(upstream:track)%00%(upstream:remotename)%00%(upstream:remoteref) refs/heads/main refs/remotes/main [3ms]
2026-01-30 18:46:25.756 [info] > git for-each-ref --sort -committerdate --format %(refname)%00%(objectname)%00%(*objectname) [3ms]
2026-01-30 18:46:25.773 [info] > git status -z -uall [25ms]
2026-01-30 18:46:30.794 [info] > git config --get commit.template [8ms]
2026-01-30 18:46:30.795 [info] > git for-each-ref --format=%(refname)%00%(upstream:short)%00%(objectname)%00%(upstream:track)%00%(upstream:remotename)%00%(upstream:remoteref) refs/heads/main refs/remotes/main [2ms]
2026-01-30 18:46:30.810 [info] > git for-each-ref --sort -committerdate --format %(refname)%00%(objectname)%00%(*objectname) [2ms]
2026-01-30 18:46:30.828 [info] > git status -z -uall [27ms]
2026-01-30 18:47:14.347 [info] > git config --get commit.template [8ms]
2026-01-30 18:47:14.348 [info] > git for-each-ref --format=%(refname)%00%(upstream:short)%00%(objectname)%00%(upstream:track)%00%(upstream:remotename)%00%(upstream:remoteref) refs/heads/main refs/remotes/main [2ms]
2026-01-30 18:47:14.362 [info] > git for-each-ref --sort -committerdate --format %(refname)%00%(objectname)%00%(*objectname) [2ms]
2026-01-30 18:47:14.380 [info] > git status -z -uall [26ms]
2026-01-30 18:47:35.498 [info] > git config --get commit.template [7ms]
2026-01-30 18:47:35.499 [info] > git for-each-ref --format=%(refname)%00%(upstream:short)%00%(objectname)%00%(upstream:track)%00%(upstream:remotename)%00%(upstream:remoteref) refs/heads/main refs/remotes/main [2ms]
2026-01-30 18:47:35.514 [info] > git for-each-ref --sort -committerdate --format %(refname)%00%(objectname)%00%(*objectname) [2ms]
2026-01-30 18:47:35.532 [info] > git status -z -uall [27ms]
2026-01-30 18:47:40.554 [info] > git config --get commit.template [9ms]
2026-01-30 18:47:40.555 [info] > git for-each-ref --format=%(refname)%00%(upstream:short)%00%(objectname)%00%(upstream:track)%00%(upstream:remotename)%00%(upstream:remoteref) refs/heads/main refs/remotes/main [3ms]
2026-01-30 18:47:40.570 [info] > git for-each-ref --sort -committerdate --format %(refname)%00%(objectname)%00%(*objectname) [3ms]
2026-01-30 18:47:40.587 [info] > git status -z -uall [27ms]
2026-01-30 18:48:32.168 [info] > git config --get commit.template [7ms]
2026-01-30 18:48:32.169 [info] > git for-each-ref --format=%(refname)%00%(upstream:short)%00%(objectname)%00%(upstream:track)%00%(upstream:remotename)%00%(upstream:remoteref) refs/heads/main refs/remotes/main [2ms]
2026-01-30 18:48:32.184 [info] > git for-each-ref --sort -committerdate --format %(refname)%00%(objectname)%00%(*objectname) [2ms]
2026-01-30 18:48:32.204 [info] > git status -z -uall [29ms]
2026-01-30 18:48:49.953 [info] > git config --get commit.template [8ms]
2026-01-30 18:48:49.954 [info] > git for-each-ref --format=%(refname)%00%(upstream:short)%00%(objectname)%00%(upstream:track)%00%(upstream:remotename)%00%(upstream:remoteref) refs/heads/main refs/remotes/main [2ms]
2026-01-30 18:48:49.969 [info] > git for-each-ref --sort -committerdate --format %(refname)%00%(objectname)%00%(*objectname) [2ms]
2026-01-30 18:48:49.987 [info] > git status -z -uall [27ms]
2026-01-30 18:49:17.245 [info] > git config --get commit.template [8ms]
2026-01-30 18:49:17.246 [info] > git for-each-ref --format=%(refname)%00%(upstream:short)%00%(objectname)%00%(upstream:track)%00%(upstream:remotename)%00%(upstream:remoteref) refs/heads/main refs/remotes/main [2ms]
2026-01-30 18:49:17.261 [info] > git for-each-ref --sort -committerdate --format %(refname)%00%(objectname)%00%(*objectname) [2ms]
2026-01-30 18:49:17.279 [info] > git status -z -uall [27ms]
2026-01-30 18:49:32.054 [info] > git config --get commit.template [7ms]
2026-01-30 18:49:32.056 [info] > git for-each-ref --format=%(refname)%00%(upstream:short)%00%(objectname)%00%(upstream:track)%00%(upstream:remotename)%00%(upstream:remoteref) refs/heads/main refs/remotes/main [2ms]
2026-01-30 18:49:32.070 [info] > git for-each-ref --sort -committerdate --format %(refname)%00%(objectname)%00%(*objectname) [2ms]
2026-01-30 18:49:32.088 [info] > git status -z -uall [26ms]
2026-01-30 18:50:10.573 [info] > git ls-files --stage -- .config/hypr/hyprland.conf [2ms]
2026-01-30 18:50:10.582 [info] > git cat-file -s 306f4d7ab20a18265bc277c4d299fde60d4bafb2 [2ms]
2026-01-30 18:50:10.595 [info] > git show --textconv :.config/hypr/hyprland.conf [3ms]
2026-01-30 18:50:11.735 [info] > git config --get commit.template [8ms]
2026-01-30 18:50:11.736 [info] > git for-each-ref --format=%(refname)%00%(upstream:short)%00%(objectname)%00%(upstream:track)%00%(upstream:remotename)%00%(upstream:remoteref) refs/heads/main refs/remotes/main [2ms]
2026-01-30 18:50:11.752 [info] > git for-each-ref --sort -committerdate --format %(refname)%00%(objectname)%00%(*objectname) [3ms]
2026-01-30 18:50:11.770 [info] > git status -z -uall [26ms]
2026-01-30 18:50:11.830 [info] > git ls-files --stage -- .config/hypr/hyprland.conf [2ms]
2026-01-30 18:50:11.838 [info] > git cat-file -s 306f4d7ab20a18265bc277c4d299fde60d4bafb2 [3ms]
2026-01-30 18:50:11.848 [info] > git show --textconv :.config/hypr/hyprland.conf [3ms]
2026-01-30 18:50:45.531 [info] > git config --get commit.template [14ms]
2026-01-30 18:50:45.532 [info] > git for-each-ref --format=%(refname)%00%(upstream:short)%00%(objectname)%00%(upstream:track)%00%(upstream:remotename)%00%(upstream:remoteref) refs/heads/main refs/remotes/main [3ms]
2026-01-30 18:50:45.560 [info] > git for-each-ref --sort -committerdate --format %(refname)%00%(objectname)%00%(*objectname) [3ms]
2026-01-30 18:50:45.577 [info] > git status -z -uall [31ms]
2026-01-30 18:50:50.600 [info] > git config --get commit.template [9ms]
2026-01-30 18:50:50.602 [info] > git for-each-ref --format=%(refname)%00%(upstream:short)%00%(objectname)%00%(upstream:track)%00%(upstream:remotename)%00%(upstream:remoteref) refs/heads/main refs/remotes/main [3ms]
2026-01-30 18:50:50.617 [info] > git for-each-ref --sort -committerdate --format %(refname)%00%(objectname)%00%(*objectname) [3ms]
2026-01-30 18:50:50.636 [info] > git status -z -uall [28ms]
2026-01-30 18:50:55.655 [info] > git config --get commit.template [8ms]
2026-01-30 18:50:55.656 [info] > git for-each-ref --format=%(refname)%00%(upstream:short)%00%(objectname)%00%(upstream:track)%00%(upstream:remotename)%00%(upstream:remoteref) refs/heads/main refs/remotes/main [2ms]
2026-01-30 18:50:55.672 [info] > git for-each-ref --sort -committerdate --format %(refname)%00%(objectname)%00%(*objectname) [2ms]
2026-01-30 18:50:55.691 [info] > git status -z -uall [28ms]
2026-01-30 18:51:02.807 [info] > git config --get commit.template [4ms]
2026-01-30 18:51:02.825 [info] > git for-each-ref --format=%(refname)%00%(upstream:short)%00%(objectname)%00%(upstream:track)%00%(upstream:remotename)%00%(upstream:remoteref) refs/heads/main refs/remotes/main [3ms]
2026-01-30 18:51:02.853 [info] > git for-each-ref --sort -committerdate --format %(refname)%00%(objectname)%00%(*objectname) [4ms]
2026-01-30 18:51:02.869 [info] > git status -z -uall [33ms]
2026-01-30 18:51:04.794 [info] > git log --format=%H%n%aN%n%aE%n%at%n%ct%n%P%n%D%n%B -z --shortstat --diff-merges=first-parent -n50 --skip=0 --topo-order --decorate=full --stdin [22ms]
2026-01-30 18:51:07.890 [info] > git config --get commit.template [9ms]
2026-01-30 18:51:07.892 [info] > git for-each-ref --format=%(refname)%00%(upstream:short)%00%(objectname)%00%(upstream:track)%00%(upstream:remotename)%00%(upstream:remoteref) refs/heads/main refs/remotes/main [2ms]
2026-01-30 18:51:07.909 [info] > git for-each-ref --sort -committerdate --format %(refname)%00%(objectname)%00%(*objectname) [3ms]
2026-01-30 18:51:07.928 [info] > git status -z -uall [29ms]
2026-01-30 18:51:12.950 [info] > git config --get commit.template [9ms]
2026-01-30 18:51:12.952 [info] > git for-each-ref --format=%(refname)%00%(upstream:short)%00%(objectname)%00%(upstream:track)%00%(upstream:remotename)%00%(upstream:remoteref) refs/heads/main refs/remotes/main [3ms]
2026-01-30 18:51:12.969 [info] > git for-each-ref --sort -committerdate --format %(refname)%00%(objectname)%00%(*objectname) [2ms]
2026-01-30 18:51:12.988 [info] > git status -z -uall [28ms]
2026-01-30 18:51:20.074 [info] > git config --get commit.template [15ms]
2026-01-30 18:51:20.076 [info] > git for-each-ref --format=%(refname)%00%(upstream:short)%00%(objectname)%00%(upstream:track)%00%(upstream:remotename)%00%(upstream:remoteref) refs/heads/main refs/remotes/main [4ms]
2026-01-30 18:51:20.104 [info] > git for-each-ref --sort -committerdate --format %(refname)%00%(objectname)%00%(*objectname) [2ms]
2026-01-30 18:51:20.121 [info] > git status -z -uall [33ms]
2026-01-30 18:51:25.146 [info] > git config --get commit.template [9ms]
2026-01-30 18:51:25.148 [info] > git for-each-ref --format=%(refname)%00%(upstream:short)%00%(objectname)%00%(upstream:track)%00%(upstream:remotename)%00%(upstream:remoteref) refs/heads/main refs/remotes/main [3ms]
2026-01-30 18:51:25.166 [info] > git for-each-ref --sort -committerdate --format %(refname)%00%(objectname)%00%(*objectname) [3ms]
2026-01-30 18:51:25.185 [info] > git status -z -uall [30ms]
2026-01-30 18:51:30.209 [info] > git config --get commit.template [9ms]
2026-01-30 18:51:30.210 [info] > git for-each-ref --format=%(refname)%00%(upstream:short)%00%(objectname)%00%(upstream:track)%00%(upstream:remotename)%00%(upstream:remoteref) refs/heads/main refs/remotes/main [2ms]
2026-01-30 18:51:30.227 [info] > git for-each-ref --sort -committerdate --format %(refname)%00%(objectname)%00%(*objectname) [2ms]
2026-01-30 18:51:30.244 [info] > git status -z -uall [27ms]
2026-01-30 18:51:36.450 [info] > git config --get commit.template [16ms]
2026-01-30 18:51:36.451 [info] > git for-each-ref --format=%(refname)%00%(upstream:short)%00%(objectname)%00%(upstream:track)%00%(upstream:remotename)%00%(upstream:remoteref) refs/heads/main refs/remotes/main [3ms]
2026-01-30 18:51:36.479 [info] > git for-each-ref --sort -committerdate --format %(refname)%00%(objectname)%00%(*objectname) [4ms]
2026-01-30 18:51:36.495 [info] > git status -z -uall [34ms]
2026-01-30 18:51:49.896 [info] > git config --get commit.template [15ms]
2026-01-30 18:51:49.897 [info] > git for-each-ref --format=%(refname)%00%(upstream:short)%00%(objectname)%00%(upstream:track)%00%(upstream:remotename)%00%(upstream:remoteref) refs/heads/main refs/remotes/main [3ms]
2026-01-30 18:51:49.925 [info] > git for-each-ref --sort -committerdate --format %(refname)%00%(objectname)%00%(*objectname) [3ms]
2026-01-30 18:51:49.944 [info] > git status -z -uall [34ms]
2026-01-30 18:51:54.967 [info] > git config --get commit.template [10ms]
2026-01-30 18:51:54.968 [info] > git for-each-ref --format=%(refname)%00%(upstream:short)%00%(objectname)%00%(upstream:track)%00%(upstream:remotename)%00%(upstream:remoteref) refs/heads/main refs/remotes/main [2ms]
2026-01-30 18:51:54.987 [info] > git for-each-ref --sort -committerdate --format %(refname)%00%(objectname)%00%(*objectname) [3ms]
2026-01-30 18:51:55.006 [info] > git status -z -uall [30ms]
2026-01-30 18:52:00.028 [info] > git config --get commit.template [9ms]
2026-01-30 18:52:00.030 [info] > git for-each-ref --format=%(refname)%00%(upstream:short)%00%(objectname)%00%(upstream:track)%00%(upstream:remotename)%00%(upstream:remoteref) refs/heads/main refs/remotes/main [3ms]
2026-01-30 18:52:00.049 [info] > git for-each-ref --sort -committerdate --format %(refname)%00%(objectname)%00%(*objectname) [2ms]
2026-01-30 18:52:00.067 [info] > git status -z -uall [28ms]
2026-01-30 18:52:05.091 [info] > git config --get commit.template [9ms]
2026-01-30 18:52:05.093 [info] > git for-each-ref --format=%(refname)%00%(upstream:short)%00%(objectname)%00%(upstream:track)%00%(upstream:remotename)%00%(upstream:remoteref) refs/heads/main refs/remotes/main [3ms]
2026-01-30 18:52:05.111 [info] > git for-each-ref --sort -committerdate --format %(refname)%00%(objectname)%00%(*objectname) [3ms]
2026-01-30 18:52:05.129 [info] > git status -z -uall [29ms]
2026-01-30 18:52:12.707 [info] > git config --get commit.template [11ms]
2026-01-30 18:52:12.708 [info] > git for-each-ref --format=%(refname)%00%(upstream:short)%00%(objectname)%00%(upstream:track)%00%(upstream:remotename)%00%(upstream:remoteref) refs/heads/main refs/remotes/main [3ms]
2026-01-30 18:52:12.728 [info] > git for-each-ref --sort -committerdate --format %(refname)%00%(objectname)%00%(*objectname) [3ms]
2026-01-30 18:52:12.744 [info] > git status -z -uall [28ms]
2026-01-30 18:52:18.952 [info] > git config --get commit.template [9ms]
2026-01-30 18:52:18.954 [info] > git for-each-ref --format=%(refname)%00%(upstream:short)%00%(objectname)%00%(upstream:track)%00%(upstream:remotename)%00%(upstream:remoteref) refs/heads/main refs/remotes/main [3ms]
2026-01-30 18:52:18.971 [info] > git for-each-ref --sort -committerdate --format %(refname)%00%(objectname)%00%(*objectname) [3ms]
2026-01-30 18:52:18.989 [info] > git status -z -uall [28ms]
2026-01-30 18:52:42.577 [info] > git config --get commit.template [15ms]
2026-01-30 18:52:42.578 [info] > git for-each-ref --format=%(refname)%00%(upstream:short)%00%(objectname)%00%(upstream:track)%00%(upstream:remotename)%00%(upstream:remoteref) refs/heads/main refs/remotes/main [2ms]
2026-01-30 18:52:42.604 [info] > git for-each-ref --sort -committerdate --format %(refname)%00%(objectname)%00%(*objectname) [3ms]
2026-01-30 18:52:42.625 [info] > git status -z -uall [34ms]
2026-01-30 18:53:02.031 [info] > git config --get commit.template [3ms]
2026-01-30 18:53:02.047 [info] > git for-each-ref --format=%(refname)%00%(upstream:short)%00%(objectname)%00%(upstream:track)%00%(upstream:remotename)%00%(upstream:remoteref) refs/heads/main refs/remotes/main [4ms]
2026-01-30 18:53:02.072 [info] > git for-each-ref --sort -committerdate --format %(refname)%00%(objectname)%00%(*objectname) [3ms]
2026-01-30 18:53:02.093 [info] > git status -z -uall [35ms]
2026-01-30 18:53:08.105 [info] > git config --get commit.template [14ms]
2026-01-30 18:53:08.107 [info] > git for-each-ref --format=%(refname)%00%(upstream:short)%00%(objectname)%00%(upstream:track)%00%(upstream:remotename)%00%(upstream:remoteref) refs/heads/main refs/remotes/main [4ms]
2026-01-30 18:53:08.132 [info] > git for-each-ref --sort -committerdate --format %(refname)%00%(objectname)%00%(*objectname) [4ms]
2026-01-30 18:53:08.151 [info] > git status -z -uall [35ms]
2026-01-30 18:53:13.175 [info] > git config --get commit.template [10ms]
2026-01-30 18:53:13.176 [info] > git for-each-ref --format=%(refname)%00%(upstream:short)%00%(objectname)%00%(upstream:track)%00%(upstream:remotename)%00%(upstream:remoteref) refs/heads/main refs/remotes/main [2ms]
2026-01-30 18:53:13.196 [info] > git for-each-ref --sort -committerdate --format %(refname)%00%(objectname)%00%(*objectname) [2ms]
2026-01-30 18:53:13.213 [info] > git status -z -uall [28ms]
2026-01-30 18:53:15.194 [info] > git ls-files --stage -- .config/hypr/hyprland.conf [2ms]
2026-01-30 18:53:15.202 [info] > git cat-file -s 306f4d7ab20a18265bc277c4d299fde60d4bafb2 [2ms]
2026-01-30 18:53:15.213 [info] > git show --textconv :.config/hypr/hyprland.conf [2ms]
2026-01-30 18:53:18.237 [info] > git config --get commit.template [10ms]
2026-01-30 18:53:18.238 [info] > git for-each-ref --format=%(refname)%00%(upstream:short)%00%(objectname)%00%(upstream:track)%00%(upstream:remotename)%00%(upstream:remoteref) refs/heads/main refs/remotes/main [2ms]
2026-01-30 18:53:18.256 [info] > git for-each-ref --sort -committerdate --format %(refname)%00%(objectname)%00%(*objectname) [2ms]
2026-01-30 18:53:18.274 [info] > git status -z -uall [29ms]
2026-01-30 18:53:26.869 [info] > git config --get commit.template [3ms]
2026-01-30 18:53:26.883 [info] > git for-each-ref --format=%(refname)%00%(upstream:short)%00%(objectname)%00%(upstream:track)%00%(upstream:remotename)%00%(upstream:remoteref) refs/heads/main refs/remotes/main [3ms]
2026-01-30 18:53:26.907 [info] > git for-each-ref --sort -committerdate --format %(refname)%00%(objectname)%00%(*objectname) [4ms]
2026-01-30 18:53:26.928 [info] > git status -z -uall [33ms]
2026-01-30 18:53:31.953 [info] > git config --get commit.template [10ms]
2026-01-30 18:53:31.955 [info] > git for-each-ref --format=%(refname)%00%(upstream:short)%00%(objectname)%00%(upstream:track)%00%(upstream:remotename)%00%(upstream:remoteref) refs/heads/main refs/remotes/main [3ms]
2026-01-30 18:53:31.973 [info] > git for-each-ref --sort -committerdate --format %(refname)%00%(objectname)%00%(*objectname) [2ms]
2026-01-30 18:53:31.991 [info] > git status -z -uall [29ms]
2026-01-30 18:53:38.637 [info] > git config --get commit.template [13ms]
2026-01-30 18:53:38.638 [info] > git for-each-ref --format=%(refname)%00%(upstream:short)%00%(objectname)%00%(upstream:track)%00%(upstream:remotename)%00%(upstream:remoteref) refs/heads/main refs/remotes/main [2ms]
2026-01-30 18:53:38.663 [info] > git for-each-ref --sort -committerdate --format %(refname)%00%(objectname)%00%(*objectname) [2ms]
2026-01-30 18:53:38.682 [info] > git status -z -uall [31ms]
2026-01-30 18:53:43.704 [info] > git config --get commit.template [10ms]
2026-01-30 18:53:43.705 [info] > git for-each-ref --format=%(refname)%00%(upstream:short)%00%(objectname)%00%(upstream:track)%00%(upstream:remotename)%00%(upstream:remoteref) refs/heads/main refs/remotes/main [3ms]
2026-01-30 18:53:43.724 [info] > git for-each-ref --sort -committerdate --format %(refname)%00%(objectname)%00%(*objectname) [3ms]
2026-01-30 18:53:43.741 [info] > git status -z -uall [28ms]
2026-01-30 18:53:57.353 [info] > git config --get commit.template [10ms]
2026-01-30 18:53:57.354 [info] > git for-each-ref --format=%(refname)%00%(upstream:short)%00%(objectname)%00%(upstream:track)%00%(upstream:remotename)%00%(upstream:remoteref) refs/heads/main refs/remotes/main [2ms]
2026-01-30 18:53:57.372 [info] > git for-each-ref --sort -committerdate --format %(refname)%00%(objectname)%00%(*objectname) [3ms]
2026-01-30 18:53:57.390 [info] > git status -z -uall [28ms]
2026-01-30 18:54:02.415 [info] > git config --get commit.template [9ms]
2026-01-30 18:54:02.416 [info] > git for-each-ref --format=%(refname)%00%(upstream:short)%00%(objectname)%00%(upstream:track)%00%(upstream:remotename)%00%(upstream:remoteref) refs/heads/main refs/remotes/main [3ms]
2026-01-30 18:54:02.435 [info] > git for-each-ref --sort -committerdate --format %(refname)%00%(objectname)%00%(*objectname) [2ms]
2026-01-30 18:54:02.452 [info] > git status -z -uall [28ms]
2026-01-30 18:54:07.553 [info] > git config --get commit.template [9ms]
2026-01-30 18:54:07.555 [info] > git for-each-ref --format=%(refname)%00%(upstream:short)%00%(objectname)%00%(upstream:track)%00%(upstream:remotename)%00%(upstream:remoteref) refs/heads/main refs/remotes/main [3ms]
2026-01-30 18:54:07.573 [info] > git for-each-ref --sort -committerdate --format %(refname)%00%(objectname)%00%(*objectname) [2ms]
2026-01-30 18:54:07.591 [info] > git status -z -uall [28ms]
2026-01-30 18:54:12.623 [info] > git config --get commit.template [17ms]
2026-01-30 18:54:12.625 [info] > git for-each-ref --format=%(refname)%00%(upstream:short)%00%(objectname)%00%(upstream:track)%00%(upstream:remotename)%00%(upstream:remoteref) refs/heads/main refs/remotes/main [3ms]
2026-01-30 18:54:12.651 [info] > git for-each-ref --sort -committerdate --format %(refname)%00%(objectname)%00%(*objectname) [3ms]
2026-01-30 18:54:12.670 [info] > git status -z -uall [34ms]
2026-01-30 18:54:17.685 [info] > git config --get commit.template [2ms]
2026-01-30 18:54:17.696 [info] > git for-each-ref --format=%(refname)%00%(upstream:short)%00%(objectname)%00%(upstream:track)%00%(upstream:remotename)%00%(upstream:remoteref) refs/heads/main refs/remotes/main [3ms]
2026-01-30 18:54:17.712 [info] > git for-each-ref --sort -committerdate --format %(refname)%00%(objectname)%00%(*objectname) [2ms]
2026-01-30 18:54:17.730 [info] > git status -z -uall [27ms]
2026-01-30 18:54:41.483 [info] > git config --get commit.template [15ms]
2026-01-30 18:54:41.484 [info] > git for-each-ref --format=%(refname)%00%(upstream:short)%00%(objectname)%00%(upstream:track)%00%(upstream:remotename)%00%(upstream:remoteref) refs/heads/main refs/remotes/main [3ms]
2026-01-30 18:54:41.511 [info] > git for-each-ref --sort -committerdate --format %(refname)%00%(objectname)%00%(*objectname) [2ms]
2026-01-30 18:54:41.531 [info] > git status -z -uall [34ms]
2026-01-30 18:54:45.469 [info] > git push -u origin main [1259ms]
2026-01-30 18:54:45.469 [info] remote: Permission to notarkhit/dotfiles.git denied to avinavarcher12.
fatal: unable to access 'https://github.com/notarkhit/dotfiles.git/': The requested URL returned error: 403
2026-01-30 18:54:51.300 [info] > git config --get commit.template [11ms]
2026-01-30 18:54:51.301 [info] > git for-each-ref --format=%(refname)%00%(upstream:short)%00%(objectname)%00%(upstream:track)%00%(upstream:remotename)%00%(upstream:remoteref) refs/heads/main refs/remotes/main [3ms]
2026-01-30 18:54:51.324 [info] > git for-each-ref --sort -committerdate --format %(refname)%00%(objectname)%00%(*objectname) [3ms]
2026-01-30 18:54:51.340 [info] > git status -z -uall [31ms]
2026-01-30 18:54:51.366 [info] > git config --get commit.template [11ms]
2026-01-30 18:54:51.367 [info] > git for-each-ref --format=%(refname)%00%(upstream:short)%00%(objectname)%00%(upstream:track)%00%(upstream:remotename)%00%(upstream:remoteref) refs/heads/main refs/remotes/main [2ms]
2026-01-30 18:54:51.389 [info] > git for-each-ref --sort -committerdate --format %(refname)%00%(objectname)%00%(*objectname) [2ms]
2026-01-30 18:54:51.406 [info] > git status -z -uall [29ms]
2026-01-30 18:54:56.431 [info] > git config --get commit.template [11ms]
2026-01-30 18:54:56.432 [info] > git for-each-ref --format=%(refname)%00%(upstream:short)%00%(objectname)%00%(upstream:track)%00%(upstream:remotename)%00%(upstream:remoteref) refs/heads/main refs/remotes/main [3ms]
2026-01-30 18:54:56.453 [info] > git for-each-ref --sort -committerdate --format %(refname)%00%(objectname)%00%(*objectname) [2ms]
2026-01-30 18:54:56.472 [info] > git status -z -uall [31ms]
2026-01-30 18:55:02.277 [info] > git push -u origin main [1322ms]
2026-01-30 18:55:02.278 [info] remote: Permission to notarkhit/dotfiles.git denied to avinavarcher12.
fatal: unable to access 'https://github.com/notarkhit/dotfiles.git/': The requested URL returned error: 403
2026-01-30 18:55:08.490 [info] > git config --get commit.template [11ms]
2026-01-30 18:55:08.491 [info] > git for-each-ref --format=%(refname)%00%(upstream:short)%00%(objectname)%00%(upstream:track)%00%(upstream:remotename)%00%(upstream:remoteref) refs/heads/main refs/remotes/main [2ms]
2026-01-30 18:55:08.515 [info] > git for-each-ref --sort -committerdate --format %(refname)%00%(objectname)%00%(*objectname) [2ms]
2026-01-30 18:55:08.531 [info] > git status -z -uall [30ms]
2026-01-30 18:55:08.558 [info] > git config --get commit.template [13ms]
2026-01-30 18:55:08.560 [info] > git for-each-ref --format=%(refname)%00%(upstream:short)%00%(objectname)%00%(upstream:track)%00%(upstream:remotename)%00%(upstream:remoteref) refs/heads/main refs/remotes/main [3ms]
2026-01-30 18:55:08.584 [info] > git for-each-ref --sort -committerdate --format %(refname)%00%(objectname)%00%(*objectname) [3ms]
2026-01-30 18:55:08.600 [info] > git status -z -uall [30ms]
2026-01-30 18:55:24.467 [info] > git config --get commit.template [16ms]
2026-01-30 18:55:24.468 [info] > git for-each-ref --format=%(refname)%00%(upstream:short)%00%(objectname)%00%(upstream:track)%00%(upstream:remotename)%00%(upstream:remoteref) refs/heads/main refs/remotes/main [3ms]
2026-01-30 18:55:24.495 [info] > git for-each-ref --sort -committerdate --format %(refname)%00%(objectname)%00%(*objectname) [3ms]
2026-01-30 18:55:24.512 [info] > git status -z -uall [34ms]
2026-01-30 18:55:29.532 [info] > git config --get commit.template [8ms]
2026-01-30 18:55:29.533 [info] > git for-each-ref --format=%(refname)%00%(upstream:short)%00%(objectname)%00%(upstream:track)%00%(upstream:remotename)%00%(upstream:remoteref) refs/heads/main refs/remotes/main [2ms]
2026-01-30 18:55:29.549 [info] > git for-each-ref --sort -committerdate --format %(refname)%00%(objectname)%00%(*objectname) [2ms]
2026-01-30 18:55:29.567 [info] > git status -z -uall [27ms]
2026-01-30 18:55:32.744 [info] > git log --format=%H%n%aN%n%aE%n%at%n%ct%n%P%n%D%n%B -z --shortstat --diff-merges=first-parent -n50 --skip=0 --topo-order --decorate=full --stdin [13ms]
2026-01-30 18:55:34.588 [info] > git config --get commit.template [9ms]
2026-01-30 18:55:34.590 [info] > git for-each-ref --format=%(refname)%00%(upstream:short)%00%(objectname)%00%(upstream:track)%00%(upstream:remotename)%00%(upstream:remoteref) refs/heads/main refs/remotes/main [2ms]
2026-01-30 18:55:34.607 [info] > git for-each-ref --sort -committerdate --format %(refname)%00%(objectname)%00%(*objectname) [3ms]
2026-01-30 18:55:34.625 [info] > git status -z -uall [28ms]
2026-01-30 18:55:39.649 [info] > git config --get commit.template [9ms]
2026-01-30 18:55:39.650 [info] > git for-each-ref --format=%(refname)%00%(upstream:short)%00%(objectname)%00%(upstream:track)%00%(upstream:remotename)%00%(upstream:remoteref) refs/heads/main refs/remotes/main [2ms]
2026-01-30 18:55:39.667 [info] > git for-each-ref --sort -committerdate --format %(refname)%00%(objectname)%00%(*objectname) [2ms]
2026-01-30 18:55:39.686 [info] > git status -z -uall [29ms]
2026-01-30 18:55:44.705 [info] > git config --get commit.template [3ms]
2026-01-30 18:55:44.715 [info] > git for-each-ref --format=%(refname)%00%(upstream:short)%00%(objectname)%00%(upstream:track)%00%(upstream:remotename)%00%(upstream:remoteref) refs/heads/main refs/remotes/main [2ms]
2026-01-30 18:55:44.733 [info] > git for-each-ref --sort -committerdate --format %(refname)%00%(objectname)%00%(*objectname) [3ms]
2026-01-30 18:55:44.751 [info] > git status -z -uall [28ms]
2026-01-30 18:55:56.909 [info] > git -c user.useConfigOnly=true commit --quiet --allow-empty-message --file - --allow-empty [11ms]
2026-01-30 18:55:56.919 [info] > git config --get commit.template [2ms]
2026-01-30 18:55:56.940 [info] > git config --get commit.template [10ms]
2026-01-30 18:55:56.941 [info] > git for-each-ref --format=%(refname)%00%(upstream:short)%00%(objectname)%00%(upstream:track)%00%(upstream:remotename)%00%(upstream:remoteref) refs/heads/main refs/remotes/main [2ms]
2026-01-30 18:55:56.962 [info] > git for-each-ref --sort -committerdate --format %(refname)%00%(objectname)%00%(*objectname) [3ms]
2026-01-30 18:55:56.978 [info] > git status -z -uall [29ms]
2026-01-30 18:55:57.029 [info] > git log --format=%H%n%aN%n%aE%n%at%n%ct%n%P%n%D%n%B -z --shortstat --diff-merges=first-parent -n50 --skip=0 --topo-order --decorate=full --stdin [13ms]
2026-01-30 18:55:57.075 [info] > git config --get commit.template [9ms]
2026-01-30 18:55:57.077 [info] > git for-each-ref --format=%(refname)%00%(upstream:short)%00%(objectname)%00%(upstream:track)%00%(upstream:remotename)%00%(upstream:remoteref) refs/heads/main refs/remotes/main [3ms]
2026-01-30 18:55:57.098 [info] > git for-each-ref --sort -committerdate --format %(refname)%00%(objectname)%00%(*objectname) [3ms]
2026-01-30 18:55:57.115 [info] > git status -z -uall [30ms]
2026-01-30 18:55:58.222 [info] > git ls-files --stage -- .config/hypr/hyprland.conf [2ms]
2026-01-30 18:55:58.230 [info] > git cat-file -s 306f4d7ab20a18265bc277c4d299fde60d4bafb2 [2ms]
2026-01-30 18:55:58.241 [info] > git show --textconv :.config/hypr/hyprland.conf [2ms]
2026-01-30 18:55:58.857 [info] > git config --get commit.template [10ms]
2026-01-30 18:55:58.858 [info] > git for-each-ref --format=%(refname)%00%(upstream:short)%00%(objectname)%00%(upstream:track)%00%(upstream:remotename)%00%(upstream:remoteref) refs/heads/main refs/remotes/main [2ms]
2026-01-30 18:55:58.878 [info] > git for-each-ref --sort -committerdate --format %(refname)%00%(objectname)%00%(*objectname) [4ms]
2026-01-30 18:55:58.895 [info] > git status -z -uall [28ms]
2026-01-30 18:56:05.802 [info] > git config --get commit.template [10ms]
2026-01-30 18:56:05.803 [info] > git for-each-ref --format=%(refname)%00%(upstream:short)%00%(objectname)%00%(upstream:track)%00%(upstream:remotename)%00%(upstream:remoteref) refs/heads/main refs/remotes/main [2ms]
2026-01-30 18:56:05.821 [info] > git for-each-ref --sort -committerdate --format %(refname)%00%(objectname)%00%(*objectname) [2ms]
2026-01-30 18:56:05.839 [info] > git status -z -uall [29ms]
2026-01-30 18:56:10.862 [info] > git config --get commit.template [9ms]
2026-01-30 18:56:10.864 [info] > git for-each-ref --format=%(refname)%00%(upstream:short)%00%(objectname)%00%(upstream:track)%00%(upstream:remotename)%00%(upstream:remoteref) refs/heads/main refs/remotes/main [3ms]
2026-01-30 18:56:10.882 [info] > git for-each-ref --sort -committerdate --format %(refname)%00%(objectname)%00%(*objectname) [3ms]
2026-01-30 18:56:10.899 [info] > git status -z -uall [28ms]
