2026-01-30 18:29:32.322 [info] Reading sessions from keychain...
2026-01-30 18:29:32.322 [info] Getting sessions for all scopes...
2026-01-30 18:29:32.322 [info] Got 0 sessions for ...
2026-01-30 18:29:32.322 [info] Getting sessions for all scopes...
2026-01-30 18:29:32.322 [info] Got 0 sessions for ...
2026-01-30 18:29:32.322 [info] Getting sessions for all scopes...
2026-01-30 18:29:32.322 [info] Got 0 sessions for ...
2026-01-30 18:29:32.322 [info] Getting sessions for all scopes...
2026-01-30 18:29:32.322 [info] Got 0 sessions for ...
2026-01-30 18:29:32.322 [info] Getting sessions for all scopes...
2026-01-30 18:29:32.322 [info] Got 0 sessions for ...
2026-01-30 18:29:32.322 [info] Getting sessions for all scopes...
2026-01-30 18:29:32.322 [info] Got 0 sessions for ...
2026-01-30 18:29:32.322 [info] Getting sessions for all scopes...
2026-01-30 18:29:32.322 [info] Got 0 sessions for ...
2026-01-30 18:29:32.322 [info] Getting sessions for all scopes...
2026-01-30 18:29:32.322 [info] Got 0 sessions for ...
2026-01-30 18:29:32.322 [info] Getting sessions for all scopes...
2026-01-30 18:29:32.322 [info] Got 0 sessions for ...
2026-01-30 18:29:32.322 [info] Getting sessions for all scopes...
2026-01-30 18:29:32.322 [info] Got 0 sessions for ...
2026-01-30 18:29:32.322 [info] Getting sessions for all scopes...
2026-01-30 18:29:32.322 [info] Got 0 sessions for ...
2026-01-30 18:29:32.322 [info] Getting sessions for all scopes...
2026-01-30 18:29:32.322 [info] Got 0 sessions for ...
2026-01-30 18:29:32.322 [info] Getting sessions for all scopes...
2026-01-30 18:29:32.322 [info] Got 0 sessions for ...
2026-01-30 18:29:32.322 [info] Getting sessions for all scopes...
2026-01-30 18:29:32.322 [info] Got 0 sessions for ...
2026-01-30 18:29:32.322 [info] Getting sessions for all scopes...
2026-01-30 18:29:32.322 [info] Got 0 sessions for ...
2026-01-30 18:29:34.222 [info] Getting sessions for all scopes...
2026-01-30 18:29:34.222 [info] Got 0 sessions for ...
2026-01-30 18:30:20.041 [info] Reading sessions from keychain...
2026-01-30 18:30:20.041 [info] Getting sessions for all scopes...
2026-01-30 18:30:20.054 [info] Got 0 sessions for ...
2026-01-30 18:30:20.054 [info] Getting sessions for all scopes...
2026-01-30 18:30:20.054 [info] Got 0 sessions for ...
2026-01-30 18:30:20.054 [info] Getting sessions for all scopes...
2026-01-30 18:30:20.054 [info] Got 0 sessions for ...
2026-01-30 18:30:20.054 [info] Getting sessions for all scopes...
2026-01-30 18:30:20.054 [info] Got 0 sessions for ...
2026-01-30 18:30:20.055 [info] Getting sessions for all scopes...
2026-01-30 18:30:20.055 [info] Got 0 sessions for ...
2026-01-30 18:30:20.055 [info] Getting sessions for all scopes...
2026-01-30 18:30:20.055 [info] Got 0 sessions for ...
2026-01-30 18:30:20.055 [info] Getting sessions for all scopes...
2026-01-30 18:30:20.055 [info] Got 0 sessions for ...
2026-01-30 18:30:20.055 [info] Getting sessions for all scopes...
2026-01-30 18:30:20.055 [info] Got 0 sessions for ...
2026-01-30 18:30:20.056 [info] Getting sessions for all scopes...
2026-01-30 18:30:20.056 [info] Got 0 sessions for ...
2026-01-30 18:30:20.073 [info] Getting sessions for all scopes...
2026-01-30 18:30:20.073 [info] Got 0 sessions for ...
2026-01-30 18:30:20.073 [info] Getting sessions for all scopes...
2026-01-30 18:30:20.073 [info] Got 0 sessions for ...
2026-01-30 18:30:20.074 [info] Getting sessions for all scopes...
2026-01-30 18:30:20.074 [info] Got 0 sessions for ...
2026-01-30 18:30:20.074 [info] Getting sessions for all scopes...
2026-01-30 18:30:20.074 [info] Got 0 sessions for ...
2026-01-30 18:30:20.074 [info] Getting sessions for all scopes...
2026-01-30 18:30:20.074 [info] Got 0 sessions for ...
2026-01-30 18:30:20.074 [info] Getting sessions for all scopes...
2026-01-30 18:30:20.074 [info] Got 0 sessions for ...
2026-01-30 18:30:21.417 [info] Getting sessions for all scopes...
2026-01-30 18:30:21.417 [info] Got 0 sessions for ...
2026-01-30 18:30:29.958 [info] Getting sessions for read:user,repo,user:email,workflow...
2026-01-30 18:30:29.958 [info] Got 0 sessions for read:user,repo,user:email,workflow...
2026-01-30 18:30:30.399 [info] Getting sessions for read:user,repo,user:email,workflow...
2026-01-30 18:30:30.399 [info] Got 0 sessions for read:user,repo,user:email,workflow...
2026-01-30 18:30:30.472 [info] Getting sessions for read:user,repo,user:email,workflow...
2026-01-30 18:30:30.472 [info] Got 0 sessions for read:user,repo,user:email,workflow...
2026-01-30 18:36:30.877 [info] Getting sessions for read:user,repo,user:email,workflow...
2026-01-30 18:36:30.885 [info] Got 0 sessions for read:user,repo,user:email,workflow...
2026-01-30 18:36:34.746 [info] Logging in with 'any' account...
2026-01-30 18:36:34.746 [info] Logging in for the following scopes: read:user repo user:email workflow
2026-01-30 18:36:34.772 [info] Trying device code flow... (read:user repo user:email workflow)
2026-01-30 18:38:14.033 [info] Getting user info...
2026-01-30 18:38:14.497 [info] Got account info!
2026-01-30 18:38:14.497 [info] Storing 1 sessions...
2026-01-30 18:38:30.575 [info] Reading sessions from keychain...
2026-01-30 18:38:30.575 [info] Stored 1 sessions!
2026-01-30 18:38:30.576 [info] Login success!
2026-01-30 18:38:30.594 [info] Getting sessions for all scopes...
2026-01-30 18:38:30.602 [info] Got stored sessions!
2026-01-30 18:38:30.602 [info] Got 1 verified sessions.
2026-01-30 18:38:30.602 [info] Got 1 sessions for ...
2026-01-30 18:38:30.602 [info] Getting sessions for all scopes...
2026-01-30 18:38:30.602 [info] Got 1 sessions for ...
2026-01-30 18:38:30.656 [info] Getting sessions for all scopes...
2026-01-30 18:38:30.657 [info] Got 1 sessions for ...
2026-01-30 18:38:30.657 [info] Getting sessions for all scopes...
2026-01-30 18:38:30.657 [info] Got 1 sessions for ...
2026-01-30 18:38:30.685 [info] Getting sessions for read:user,repo,user:email,workflow...
2026-01-30 18:38:30.685 [info] Got 1 sessions for read:user,repo,user:email,workflow...
2026-01-30 18:54:14.865 [info] Getting sessions for read:user,repo,user:email,workflow...
2026-01-30 18:54:14.865 [info] Got 1 sessions for read:user,repo,user:email,workflow...
2026-01-30 18:54:44.805 [info] Getting sessions for read:user,repo,user:email,workflow...
2026-01-30 18:54:44.805 [info] Got 1 sessions for read:user,repo,user:email,workflow...
2026-01-30 18:55:01.585 [info] Getting sessions for read:user,repo,user:email,workflow...
2026-01-30 18:55:01.585 [info] Got 1 sessions for read:user,repo,user:email,workflow...
