2026-02-25 10:32:13.725 [info] [main] Log level: Info
2026-02-25 10:32:13.725 [info] [main] Validating found git in: "git"
2026-02-25 10:32:13.725 [info] [main] Using git "2.53.0" from "git"
2026-02-25 10:32:13.725 [info] [Model][doInitialScan] Initial repository scan started
2026-02-25 10:32:13.725 [info] > git rev-parse --show-toplevel [7ms]
2026-02-25 10:32:13.725 [info] > git rev-parse --git-dir --git-common-dir --show-superproject-working-tree [4ms]
2026-02-25 10:32:13.725 [info] [Model][openRepository] Opened repository (path): /home/avi
2026-02-25 10:32:13.725 [info] [Model][openRepository] Opened repository (real path): /home/avi
2026-02-25 10:32:13.725 [info] [Model][openRepository] Opened repository (kind): repository
2026-02-25 10:32:13.725 [info] > git rev-parse --show-toplevel [2ms]
2026-02-25 10:32:13.725 [info] > git config --get commit.template [5ms]
2026-02-25 10:32:13.726 [info] > git rev-parse --show-toplevel [11ms]
2026-02-25 10:32:13.731 [info] > git for-each-ref --format=%(refname)%00%(upstream:short)%00%(objectname)%00%(upstream:track)%00%(upstream:remotename)%00%(upstream:remoteref) refs/heads/main refs/remotes/main [6ms]
2026-02-25 10:32:13.741 [info] > git rev-parse --show-toplevel [11ms]
2026-02-25 10:32:13.766 [info] > git for-each-ref --sort -committerdate --format %(refname)%00%(objectname)%00%(*objectname) [26ms]
2026-02-25 10:32:13.772 [info] > git status -z -uall [36ms]
2026-02-25 10:32:13.772 [info] > git rev-parse --show-toplevel [6ms]
2026-02-25 10:32:13.801 [info] > git for-each-ref --format=%(refname)%00%(upstream:short)%00%(objectname)%00%(upstream:track)%00%(upstream:remotename)%00%(upstream:remoteref) refs/heads/main refs/remotes/main [13ms]
2026-02-25 10:32:13.810 [info] > git config --get --local branch.main.vscode-merge-base [4ms]
2026-02-25 10:32:13.810 [warning] [Git][config] git config failed: Failed to execute git
2026-02-25 10:32:13.814 [info] > git config --get commit.template [13ms]
2026-02-25 10:32:13.814 [info] > git rev-parse --show-toplevel [16ms]
2026-02-25 10:32:13.814 [info] fatal: this operation must be run in a work tree
2026-02-25 10:32:13.824 [info] > git reflog main --grep-reflog=branch: Created from *. [10ms]
2026-02-25 10:32:13.828 [info] > git for-each-ref --format=%(refname)%00%(upstream:short)%00%(objectname)%00%(upstream:track)%00%(upstream:remotename)%00%(upstream:remoteref) refs/heads/main refs/remotes/main [4ms]
2026-02-25 10:32:13.835 [info] > git rev-parse --show-toplevel [15ms]
2026-02-25 10:32:13.839 [info] > git symbolic-ref --short refs/remotes/origin/HEAD [11ms]
2026-02-25 10:32:13.843 [info] > git rev-parse --show-toplevel [4ms]
2026-02-25 10:32:13.843 [info] > git for-each-ref --sort -committerdate --format %(refname)%00%(objectname)%00%(*objectname) [8ms]
2026-02-25 10:32:13.848 [info] > git status -z -uall [17ms]
2026-02-25 10:32:13.848 [info] > git for-each-ref --format=%(refname)%00%(upstream:short)%00%(objectname)%00%(upstream:track)%00%(upstream:remotename)%00%(upstream:remoteref) refs/heads/origin/main refs/remotes/origin/main [6ms]
2026-02-25 10:32:13.852 [info] > git rev-parse --show-toplevel [5ms]
2026-02-25 10:32:13.860 [info] > git config --add --local branch.main.vscode-merge-base origin/main [8ms]
2026-02-25 10:32:13.865 [info] > git rev-parse --show-toplevel [6ms]
2026-02-25 10:32:13.871 [info] > git config --get commit.template [6ms]
2026-02-25 10:32:13.872 [info] > git rev-parse --show-toplevel [1ms]
2026-02-25 10:32:13.880 [info] > git for-each-ref --format=%(refname)%00%(upstream:short)%00%(objectname)%00%(upstream:track)%00%(upstream:remotename)%00%(upstream:remoteref) refs/heads/main refs/remotes/main [4ms]
2026-02-25 10:32:13.886 [info] > git rev-parse --show-toplevel [7ms]
2026-02-25 10:32:13.890 [info] > git for-each-ref --sort -committerdate --format %(refname)%00%(objectname)%00%(*objectname) [4ms]
2026-02-25 10:32:13.891 [info] > git rev-parse --show-toplevel [1ms]
2026-02-25 10:32:13.895 [info] > git rev-parse --show-toplevel [1ms]
2026-02-25 10:32:13.899 [info] > git status -z -uall [16ms]
2026-02-25 10:32:13.911 [info] > git rev-parse --git-dir --git-common-dir --show-superproject-working-tree [13ms]
2026-02-25 10:32:13.932 [info] [Model][openRepository] Opened repository (path): /home/avi/.oh-my-zsh
2026-02-25 10:32:13.932 [info] [Model][openRepository] Opened repository (real path): /home/avi/.oh-my-zsh
2026-02-25 10:32:13.932 [info] [Model][openRepository] Opened repository (kind): repository
2026-02-25 10:32:13.942 [info] > git rev-parse --show-toplevel [3ms]
2026-02-25 10:32:13.942 [info] > git config --get commit.template [6ms]
2026-02-25 10:32:13.951 [info] > git rev-parse --show-toplevel [4ms]
2026-02-25 10:32:13.956 [info] > git for-each-ref --format=%(refname)%00%(upstream:short)%00%(objectname)%00%(upstream:track)%00%(upstream:remotename)%00%(upstream:remoteref) refs/heads/master refs/remotes/master [4ms]
2026-02-25 10:32:13.956 [info] > git rev-parse --show-toplevel [1ms]
2026-02-25 10:32:13.972 [info] > git rev-parse --show-toplevel [3ms]
2026-02-25 10:32:13.973 [info] > git for-each-ref --sort -committerdate --format %(refname)%00%(objectname)%00%(*objectname) [8ms]
2026-02-25 10:32:13.977 [info] > git rev-parse --show-toplevel [1ms]
2026-02-25 10:32:13.981 [info] > git rev-parse --show-toplevel [1ms]
2026-02-25 10:32:13.985 [info] > git rev-parse --show-toplevel [1ms]
2026-02-25 10:32:13.988 [info] > git rev-parse --show-toplevel [1ms]
2026-02-25 10:32:13.992 [info] > git rev-parse --show-toplevel [1ms]
2026-02-25 10:32:13.995 [info] > git rev-parse --show-toplevel [0ms]
2026-02-25 10:32:13.999 [info] > git rev-parse --show-toplevel [1ms]
2026-02-25 10:32:14.003 [info] > git rev-parse --show-toplevel [1ms]
2026-02-25 10:32:14.007 [info] > git rev-parse --show-toplevel [1ms]
2026-02-25 10:32:14.013 [info] > git rev-parse --git-dir --git-common-dir --show-superproject-working-tree [3ms]
2026-02-25 10:32:14.016 [info] [Model][openRepository] Opened repository (path): /home/avi/WinSur-dark-cursors
2026-02-25 10:32:14.016 [info] [Model][openRepository] Opened repository (real path): /home/avi/WinSur-dark-cursors
2026-02-25 10:32:14.016 [info] [Model][openRepository] Opened repository (kind): repository
2026-02-25 10:32:14.024 [info] > git config --get commit.template [4ms]
2026-02-25 10:32:14.025 [info] > git rev-parse --show-toplevel [2ms]
2026-02-25 10:32:14.032 [info] > git for-each-ref --format=%(refname)%00%(upstream:short)%00%(objectname)%00%(upstream:track)%00%(upstream:remotename)%00%(upstream:remoteref) refs/heads/master refs/remotes/master [3ms]
2026-02-25 10:32:14.035 [warning] [Git][revParse] Unable to read file: ENOENT: no such file or directory, open '/home/avi/WinSur-dark-cursors/.git/refs/remotes/origin/master'
2026-02-25 10:32:14.035 [info] > git rev-parse --show-toplevel [3ms]
2026-02-25 10:32:14.039 [info] > git rev-parse refs/remotes/origin/master [4ms]
2026-02-25 10:32:14.048 [info] > git rev-parse --show-toplevel [10ms]
2026-02-25 10:32:14.052 [info] > git for-each-ref --sort -committerdate --format %(refname)%00%(objectname)%00%(*objectname) [4ms]
2026-02-25 10:32:14.053 [info] > git rev-parse --show-toplevel [2ms]
2026-02-25 10:32:14.088 [info] > git status -z -uall [128ms]
2026-02-25 10:32:14.088 [info] > git rev-parse --git-dir --git-common-dir --show-superproject-working-tree [31ms]
2026-02-25 10:32:14.113 [info] > git status -z -uall [70ms]
2026-02-25 10:32:14.113 [info] > git for-each-ref --format=%(refname)%00%(upstream:short)%00%(objectname)%00%(upstream:track)%00%(upstream:remotename)%00%(upstream:remoteref) refs/heads/master refs/remotes/master [19ms]
2026-02-25 10:32:14.139 [info] > git for-each-ref --format=%(refname)%00%(upstream:short)%00%(objectname)%00%(upstream:track)%00%(upstream:remotename)%00%(upstream:remoteref) refs/heads/master refs/remotes/master [17ms]
2026-02-25 10:32:14.144 [info] > git config --get --local branch.master.vscode-merge-base [28ms]
2026-02-25 10:32:14.148 [info] > git config --get commit.template [36ms]
2026-02-25 10:32:14.150 [info] > git for-each-ref --format=%(refname)%00%(upstream:short)%00%(objectname)%00%(upstream:track)%00%(upstream:remotename)%00%(upstream:remoteref) refs/heads/origin/master refs/remotes/origin/master [2ms]
2026-02-25 10:32:14.155 [info] > git config --get --local branch.master.vscode-merge-base [11ms]
2026-02-25 10:32:14.155 [warning] [Git][config] git config failed: Failed to execute git
2026-02-25 10:32:14.159 [info] > git config --get commit.template [20ms]
2026-02-25 10:32:14.168 [info] > git reflog master --grep-reflog=branch: Created from *. [9ms]
2026-02-25 10:32:14.172 [info] > git merge-base refs/heads/master refs/remotes/origin/master [17ms]
2026-02-25 10:32:14.181 [info] > git symbolic-ref --short refs/remotes/origin/HEAD [9ms]
2026-02-25 10:32:14.184 [info] > git for-each-ref --format=%(refname)%00%(upstream:short)%00%(objectname)%00%(upstream:track)%00%(upstream:remotename)%00%(upstream:remoteref) refs/heads/master refs/remotes/master [17ms]
2026-02-25 10:32:14.188 [info] [Model][openRepository] Opened repository (path): /home/avi/powerlevel10k
2026-02-25 10:32:14.188 [info] [Model][openRepository] Opened repository (real path): /home/avi/powerlevel10k
2026-02-25 10:32:14.188 [info] [Model][openRepository] Opened repository (kind): repository
2026-02-25 10:32:14.207 [info] > git for-each-ref --format=%(refname)%00%(upstream:short)%00%(objectname)%00%(upstream:track)%00%(upstream:remotename)%00%(upstream:remoteref) refs/heads/origin/master refs/remotes/origin/master [23ms]
2026-02-25 10:32:14.212 [info] > git for-each-ref --format=%(refname)%00%(upstream:short)%00%(objectname)%00%(upstream:track)%00%(upstream:remotename)%00%(upstream:remoteref) refs/heads/master refs/remotes/master [32ms]
2026-02-25 10:32:14.212 [info] > git diff --raw --numstat --diff-filter=ADMR -z --find-renames=50% e0766905519fbc7982a590a195ee7c3e8bb594e8...refs/remotes/origin/master -- [36ms]
2026-02-25 10:32:14.218 [warning] [Git][revParse] Unable to read file: ENOENT: no such file or directory, open '/home/avi/WinSur-dark-cursors/.git/refs/remotes/origin/master'
2026-02-25 10:32:14.219 [info] > git config --add --local branch.master.vscode-merge-base origin/master [7ms]
2026-02-25 10:32:14.219 [info] > git rev-parse --show-toplevel [24ms]
2026-02-25 10:32:14.219 [info] > git config --get commit.template [27ms]
2026-02-25 10:32:14.231 [info] > git rev-parse refs/remotes/origin/master [13ms]
2026-02-25 10:32:14.249 [info] > git config --get commit.template [24ms]
2026-02-25 10:32:14.250 [info] > git for-each-ref --format=%(refname)%00%(upstream:short)%00%(objectname)%00%(upstream:track)%00%(upstream:remotename)%00%(upstream:remoteref) refs/heads/master refs/remotes/master [5ms]
2026-02-25 10:32:14.250 [info] > git for-each-ref --sort -committerdate --format %(refname)%00%(objectname)%00%(*objectname) [9ms]
2026-02-25 10:32:14.251 [info] > git rev-parse --git-dir --git-common-dir --show-superproject-working-tree [20ms]
2026-02-25 10:32:14.263 [warning] [Git][revParse] Unable to read file: ENOENT: no such file or directory, open '/home/avi/powerlevel10k/.git/refs/remotes/origin/master'
2026-02-25 10:32:14.269 [info] > git status -z -uall [32ms]
2026-02-25 10:32:14.270 [info] > git check-ignore -v -z --stdin [1ms]
2026-02-25 10:32:14.271 [info] > git rev-parse refs/remotes/origin/master [8ms]
2026-02-25 10:32:14.278 [info] > git for-each-ref --format=%(refname)%00%(upstream:short)%00%(objectname)%00%(upstream:track)%00%(upstream:remotename)%00%(upstream:remoteref) refs/heads/master refs/remotes/master [19ms]
2026-02-25 10:32:14.284 [warning] [Git][revParse] Unable to read file: ENOENT: no such file or directory, open '/home/avi/WinSur-dark-cursors/.git/refs/remotes/origin/master'
2026-02-25 10:32:14.285 [info] > git for-each-ref --sort -committerdate --format %(refname)%00%(objectname)%00%(*objectname) [7ms]
2026-02-25 10:32:14.286 [info] > git rev-parse refs/remotes/origin/master [2ms]
2026-02-25 10:32:14.295 [info] > git status -z -uall [21ms]
2026-02-25 10:32:14.316 [info] [Model][openRepository] Opened repository (path): /home/avi/rar
2026-02-25 10:32:14.316 [info] [Model][openRepository] Opened repository (real path): /home/avi/rar
2026-02-25 10:32:14.316 [info] [Model][openRepository] Opened repository (kind): repository
2026-02-25 10:32:14.334 [info] > git status -z -uall [44ms]
2026-02-25 10:32:14.334 [info] > git for-each-ref --format=%(refname)%00%(upstream:short)%00%(objectname)%00%(upstream:track)%00%(upstream:remotename)%00%(upstream:remoteref) refs/heads/master refs/remotes/master [34ms]
2026-02-25 10:32:14.339 [info] > git for-each-ref --sort -committerdate --format %(refname)%00%(objectname)%00%(*objectname) [45ms]
2026-02-25 10:32:14.351 [info] > git merge-base refs/heads/master refs/remotes/origin/master [6ms]
2026-02-25 10:32:14.356 [info] > git config --get --local branch.master.vscode-merge-base [18ms]
2026-02-25 10:32:14.361 [info] > git rev-parse --show-toplevel [30ms]
2026-02-25 10:32:14.361 [info] > git config --get commit.template [35ms]
2026-02-25 10:32:14.361 [info] > git config --get commit.template [40ms]
2026-02-25 10:32:14.368 [info] > git for-each-ref --format=%(refname)%00%(upstream:short)%00%(objectname)%00%(upstream:track)%00%(upstream:remotename)%00%(upstream:remoteref) refs/heads/origin/master refs/remotes/origin/master [7ms]
2026-02-25 10:32:14.375 [info] > git diff --raw --numstat --diff-filter=ADMR -z --find-renames=50% 022b4aa0a1f8f90d4cd88ed1a16dc7bcd5f87cc8...refs/remotes/origin/master -- [19ms]
2026-02-25 10:32:14.376 [info] > git merge-base refs/heads/master refs/remotes/origin/master [26ms]
2026-02-25 10:32:14.390 [info] > git diff --raw --numstat --diff-filter=ADMR -z --find-renames=50% 022b4aa0a1f8f90d4cd88ed1a16dc7bcd5f87cc8...refs/remotes/origin/master -- [10ms]
2026-02-25 10:32:14.391 [info] > git merge-base refs/heads/master refs/remotes/origin/master [16ms]
2026-02-25 10:32:14.395 [info] > git rev-parse --show-toplevel [28ms]
2026-02-25 10:32:14.400 [info] > git for-each-ref --format=%(refname)%00%(upstream:short)%00%(objectname)%00%(upstream:track)%00%(upstream:remotename)%00%(upstream:remoteref) refs/heads/master refs/remotes/master [10ms]
2026-02-25 10:32:14.400 [info] > git for-each-ref --format=%(refname)%00%(upstream:short)%00%(objectname)%00%(upstream:track)%00%(upstream:remotename)%00%(upstream:remoteref) refs/heads/master refs/remotes/master [14ms]
2026-02-25 10:32:14.404 [warning] [Git][revParse] Unable to read file: ENOENT: no such file or directory, open '/home/avi/rar/.git/refs/remotes/origin/master'
2026-02-25 10:32:14.407 [warning] [Git][revParse] Unable to read file: ENOENT: no such file or directory, open '/home/avi/powerlevel10k/.git/refs/remotes/origin/master'
2026-02-25 10:32:14.410 [info] > git diff --raw --numstat --diff-filter=ADMR -z --find-renames=50% b97926675aba2d8465325d786cc69de9d9fdec84...refs/remotes/origin/master -- [15ms]
2026-02-25 10:32:14.411 [info] > git rev-parse refs/remotes/origin/master [4ms]
2026-02-25 10:32:14.418 [info] > git rev-parse refs/remotes/origin/master [14ms]
2026-02-25 10:32:14.426 [info] > git rev-parse --git-dir --git-common-dir --show-superproject-working-tree [26ms]
2026-02-25 10:32:14.427 [info] > git status -z -uall [13ms]
2026-02-25 10:32:14.427 [info] > git status -z -uall [5ms]
2026-02-25 10:32:14.427 [info] > git for-each-ref --sort -committerdate --format %(refname)%00%(objectname)%00%(*objectname) [9ms]
2026-02-25 10:32:14.430 [info] > git for-each-ref --sort -committerdate --format %(refname)%00%(objectname)%00%(*objectname) [4ms]
2026-02-25 10:32:14.444 [info] > git for-each-ref --format=%(refname)%00%(upstream:short)%00%(objectname)%00%(upstream:track)%00%(upstream:remotename)%00%(upstream:remoteref) refs/heads/master refs/remotes/master [8ms]
2026-02-25 10:32:14.449 [info] > git config --get --local branch.master.vscode-merge-base [1ms]
2026-02-25 10:32:14.450 [warning] [Git][config] git config failed: Failed to execute git
2026-02-25 10:32:14.453 [info] > git config --get commit.template [9ms]
2026-02-25 10:32:14.457 [info] [Model][openRepository] Opened repository (path): /home/avi/snapd
2026-02-25 10:32:14.457 [info] [Model][openRepository] Opened repository (real path): /home/avi/snapd
2026-02-25 10:32:14.457 [info] [Model][openRepository] Opened repository (kind): repository
2026-02-25 10:32:14.470 [info] > git reflog master --grep-reflog=branch: Created from *. [17ms]
2026-02-25 10:32:14.474 [info] > git symbolic-ref --short refs/remotes/origin/HEAD [1ms]
2026-02-25 10:32:14.479 [info] > git rev-parse --show-toplevel [10ms]
2026-02-25 10:32:14.479 [info] > git config --get commit.template [13ms]
2026-02-25 10:32:14.479 [info] > git for-each-ref --format=%(refname)%00%(upstream:short)%00%(objectname)%00%(upstream:track)%00%(upstream:remotename)%00%(upstream:remoteref) refs/heads/master refs/remotes/master [18ms]
2026-02-25 10:32:14.488 [warning] [Git][revParse] Unable to read file: ENOENT: no such file or directory, open '/home/avi/rar/.git/refs/remotes/origin/master'
2026-02-25 10:32:14.488 [info] > git for-each-ref --format=%(refname)%00%(upstream:short)%00%(objectname)%00%(upstream:track)%00%(upstream:remotename)%00%(upstream:remoteref) refs/heads/origin/master refs/remotes/origin/master [9ms]
2026-02-25 10:32:14.495 [info] > git rev-parse refs/remotes/origin/master [7ms]
2026-02-25 10:32:14.502 [info] > git rev-parse --git-dir --git-common-dir --show-superproject-working-tree [18ms]
2026-02-25 10:32:14.503 [info] > git status -z -uall [4ms]
2026-02-25 10:32:14.504 [info] > git for-each-ref --format=%(refname)%00%(upstream:short)%00%(objectname)%00%(upstream:track)%00%(upstream:remotename)%00%(upstream:remoteref) refs/heads/master refs/remotes/master [9ms]
2026-02-25 10:32:14.504 [info] > git config --add --local branch.master.vscode-merge-base origin/master [13ms]
2026-02-25 10:32:14.504 [info] > git for-each-ref --sort -committerdate --format %(refname)%00%(objectname)%00%(*objectname) [2ms] (cancelled)
2026-02-25 10:32:14.508 [warning] [Git][revParse] Unable to read file: ENOENT: no such file or directory, open '/home/avi/snapd/.git/refs/remotes/origin/master'
2026-02-25 10:32:14.513 [info] > git config --get commit.template [1ms]
2026-02-25 10:32:14.513 [info] > git rev-parse refs/remotes/origin/master [5ms]
2026-02-25 10:32:14.521 [info] > git status -z -uall [5ms]
2026-02-25 10:32:14.526 [info] > git for-each-ref --sort -committerdate --format %(refname)%00%(objectname)%00%(*objectname) [6ms]
2026-02-25 10:32:14.537 [info] [Model][openRepository] Opened repository (path): /home/avi/yay
2026-02-25 10:32:14.537 [info] [Model][openRepository] Opened repository (real path): /home/avi/yay
2026-02-25 10:32:14.537 [info] [Model][openRepository] Opened repository (kind): repository
2026-02-25 10:32:14.550 [info] > git for-each-ref --format=%(refname)%00%(upstream:short)%00%(objectname)%00%(upstream:track)%00%(upstream:remotename)%00%(upstream:remoteref) refs/heads/master refs/remotes/master [18ms]
2026-02-25 10:32:14.555 [info] > git for-each-ref --format=%(refname)%00%(upstream:short)%00%(objectname)%00%(upstream:track)%00%(upstream:remotename)%00%(upstream:remoteref) refs/heads/master refs/remotes/master [30ms]
2026-02-25 10:32:14.560 [warning] [Git][revParse] Unable to read file: ENOENT: no such file or directory, open '/home/avi/rar/.git/refs/remotes/origin/master'
2026-02-25 10:32:14.561 [info] > git config --get --local branch.master.vscode-merge-base [6ms]
2026-02-25 10:32:14.561 [warning] [Git][config] git config failed: Failed to execute git
2026-02-25 10:32:14.565 [info] > git rev-parse --show-toplevel [15ms]
2026-02-25 10:32:14.565 [info] [Model][doInitialScan] Initial repository scan completed - repositories (7), closed repositories (0), parent repositories (0), unsafe repositories (0)
2026-02-25 10:32:14.566 [info] > git config --get commit.template [19ms]
2026-02-25 10:32:14.566 [info] > git config --get commit.template [25ms]
2026-02-25 10:32:14.568 [info] > git reflog master --grep-reflog=branch: Created from *. [3ms]
2026-02-25 10:32:14.572 [info] > git rev-parse refs/remotes/origin/master [12ms]
2026-02-25 10:32:14.594 [info] > git status -z -uall [19ms]
2026-02-25 10:32:14.595 [info] > git symbolic-ref --short refs/remotes/origin/HEAD [23ms]
2026-02-25 10:32:14.601 [info] > git for-each-ref --format=%(refname)%00%(upstream:short)%00%(objectname)%00%(upstream:track)%00%(upstream:remotename)%00%(upstream:remoteref) refs/heads/master refs/remotes/master [15ms]
2026-02-25 10:32:14.601 [info] > git for-each-ref --format=%(refname)%00%(upstream:short)%00%(objectname)%00%(upstream:track)%00%(upstream:remotename)%00%(upstream:remoteref) refs/heads/master refs/remotes/master [19ms]
2026-02-25 10:32:14.601 [info] > git for-each-ref --sort -committerdate --format %(refname)%00%(objectname)%00%(*objectname) [22ms]
2026-02-25 10:32:14.616 [warning] [Git][revParse] Unable to read file: ENOENT: no such file or directory, open '/home/avi/yay/.git/refs/remotes/origin/master'
2026-02-25 10:32:14.620 [warning] [Git][revParse] Unable to read file: ENOENT: no such file or directory, open '/home/avi/snapd/.git/refs/remotes/origin/master'
2026-02-25 10:32:14.620 [info] > git merge-base refs/heads/master refs/remotes/origin/master [14ms]
2026-02-25 10:32:14.624 [info] > git for-each-ref --format=%(refname)%00%(upstream:short)%00%(objectname)%00%(upstream:track)%00%(upstream:remotename)%00%(upstream:remoteref) refs/heads/origin/master refs/remotes/origin/master [25ms]
2026-02-25 10:32:14.632 [info] > git config --add --local branch.master.vscode-merge-base origin/master [3ms]
2026-02-25 10:32:14.632 [info] > git diff --raw --numstat --diff-filter=ADMR -z --find-renames=50% a15c06ecadcc31c7e659ff27f59592ef2325a68b...refs/remotes/origin/master -- [8ms]
2026-02-25 10:32:14.632 [info] > git rev-parse refs/remotes/origin/master [12ms]
2026-02-25 10:32:14.633 [info] > git rev-parse refs/remotes/origin/master [17ms]
2026-02-25 10:32:14.642 [info] > git merge-base refs/heads/master refs/remotes/origin/master [31ms]
2026-02-25 10:32:14.653 [info] > git status -z -uall [15ms]
2026-02-25 10:32:14.653 [info] > git for-each-ref --sort -committerdate --format %(refname)%00%(objectname)%00%(*objectname) [11ms]
2026-02-25 10:32:14.671 [info] > git for-each-ref --format=%(refname)%00%(upstream:short)%00%(objectname)%00%(upstream:track)%00%(upstream:remotename)%00%(upstream:remoteref) refs/heads/master refs/remotes/master [11ms]
2026-02-25 10:32:14.675 [info] > git config --get commit.template [24ms]
2026-02-25 10:32:14.675 [info] > git diff --raw --numstat --diff-filter=ADMR -z --find-renames=50% a15c06ecadcc31c7e659ff27f59592ef2325a68b...refs/remotes/origin/master -- [29ms]
2026-02-25 10:32:14.678 [info] > git config --get --local branch.master.vscode-merge-base [3ms]
2026-02-25 10:32:14.682 [info] > git config --get commit.template [11ms]
2026-02-25 10:32:14.689 [info] > git for-each-ref --format=%(refname)%00%(upstream:short)%00%(objectname)%00%(upstream:track)%00%(upstream:remotename)%00%(upstream:remoteref) refs/heads/origin/master refs/remotes/origin/master [7ms]
2026-02-25 10:32:14.694 [info] > git for-each-ref --format=%(refname)%00%(upstream:short)%00%(objectname)%00%(upstream:track)%00%(upstream:remotename)%00%(upstream:remoteref) refs/heads/master refs/remotes/master [5ms]
2026-02-25 10:32:14.694 [info] > git for-each-ref --format=%(refname)%00%(upstream:short)%00%(objectname)%00%(upstream:track)%00%(upstream:remotename)%00%(upstream:remoteref) refs/heads/master refs/remotes/master [9ms]
2026-02-25 10:32:14.698 [warning] [Git][revParse] Unable to read file: ENOENT: no such file or directory, open '/home/avi/yay/.git/refs/remotes/origin/master'
2026-02-25 10:32:14.701 [warning] [Git][revParse] Unable to read file: ENOENT: no such file or directory, open '/home/avi/snapd/.git/refs/remotes/origin/master'
2026-02-25 10:32:14.701 [info] > git merge-base refs/heads/master refs/remotes/origin/master [8ms]
2026-02-25 10:32:14.706 [info] > git rev-parse refs/remotes/origin/master [4ms]
2026-02-25 10:32:14.713 [info] > git rev-parse refs/remotes/origin/master [15ms]
2026-02-25 10:32:14.721 [info] > git status -z -uall [12ms]
2026-02-25 10:32:14.721 [info] > git status -z -uall [5ms]
2026-02-25 10:32:14.721 [info] > git for-each-ref --sort -committerdate --format %(refname)%00%(objectname)%00%(*objectname) [8ms]
2026-02-25 10:32:14.730 [info] > git diff --raw --numstat --diff-filter=ADMR -z --find-renames=50% 1a092538ebdfa373ddb641ab1fe564a2ed62877d...refs/remotes/origin/master -- [25ms]
2026-02-25 10:32:14.731 [info] > git merge-base refs/heads/master refs/remotes/origin/master [5ms]
2026-02-25 10:32:14.735 [info] > git for-each-ref --sort -committerdate --format %(refname)%00%(objectname)%00%(*objectname) [15ms]
2026-02-25 10:32:14.738 [info] > git diff --raw --numstat --diff-filter=ADMR -z --find-renames=50% 773e6e121654eae297bfc121ad2e2431cac84a94...refs/remotes/origin/master -- [3ms]
2026-02-25 10:32:14.738 [info] > git merge-base refs/heads/master refs/remotes/origin/master [8ms]
2026-02-25 10:32:14.744 [info] > git diff --raw --numstat --diff-filter=ADMR -z --find-renames=50% 773e6e121654eae297bfc121ad2e2431cac84a94...refs/remotes/origin/master -- [2ms]
2026-02-25 10:32:14.859 [info] > git check-ignore -v -z --stdin [1ms]
2026-02-25 10:32:14.871 [info] > git show --textconv :.config/hypr/hyprland.conf [7ms]
2026-02-25 10:32:14.871 [info] > git ls-files --stage -- .config/hypr/hyprland.conf [1ms]
2026-02-25 10:32:14.876 [info] > git cat-file -s 306f4d7ab20a18265bc277c4d299fde60d4bafb2 [1ms]
2026-02-25 10:32:14.888 [info] > git check-ignore -v -z --stdin [1ms]
2026-02-25 10:33:07.014 [info] > git config --get commit.template [6ms]
2026-02-25 10:33:07.014 [info] > git for-each-ref --format=%(refname)%00%(upstream:short)%00%(objectname)%00%(upstream:track)%00%(upstream:remotename)%00%(upstream:remoteref) refs/heads/main refs/remotes/main [1ms]
2026-02-25 10:33:07.023 [info] > git for-each-ref --sort -committerdate --format %(refname)%00%(objectname)%00%(*objectname) [1ms]
2026-02-25 10:33:07.032 [info] > git status -z -uall [13ms]
2026-02-25 10:33:12.047 [info] > git config --get commit.template [5ms]
2026-02-25 10:33:12.048 [info] > git for-each-ref --format=%(refname)%00%(upstream:short)%00%(objectname)%00%(upstream:track)%00%(upstream:remotename)%00%(upstream:remoteref) refs/heads/main refs/remotes/main [1ms]
2026-02-25 10:33:12.056 [info] > git for-each-ref --sort -committerdate --format %(refname)%00%(objectname)%00%(*objectname) [1ms]
2026-02-25 10:33:12.064 [info] > git status -z -uall [12ms]
2026-02-25 10:33:17.081 [info] > git config --get commit.template [5ms]
2026-02-25 10:33:17.082 [info] > git for-each-ref --format=%(refname)%00%(upstream:short)%00%(objectname)%00%(upstream:track)%00%(upstream:remotename)%00%(upstream:remoteref) refs/heads/main refs/remotes/main [2ms]
2026-02-25 10:33:17.099 [info] > git for-each-ref --sort -committerdate --format %(refname)%00%(objectname)%00%(*objectname) [2ms]
2026-02-25 10:33:17.108 [info] > git status -z -uall [15ms]
2026-02-25 10:37:54.528 [info] > git config --get commit.template [4ms]
2026-02-25 10:37:54.552 [info] > git for-each-ref --format=%(refname)%00%(upstream:short)%00%(objectname)%00%(upstream:track)%00%(upstream:remotename)%00%(upstream:remoteref) refs/heads/main refs/remotes/main [10ms]
2026-02-25 10:37:54.572 [info] > git ls-files --stage -- .config/hypr/hyprland.conf [21ms]
2026-02-25 10:37:54.584 [info] > git cat-file -s 306f4d7ab20a18265bc277c4d299fde60d4bafb2 [1ms]
2026-02-25 10:37:54.584 [info] > git for-each-ref --sort -committerdate --format %(refname)%00%(objectname)%00%(*objectname) [14ms]
2026-02-25 10:37:54.585 [info] > git status -z -uall [25ms]
2026-02-25 10:37:54.604 [info] > git show --textconv :.config/hypr/hyprland.conf [1ms]
