2026-03-17 11:42:39.072 [info] Extension host with pid 2924 started
2026-03-17 11:42:39.072 [info] Skipping acquiring lock for /home/avi/.config/Code - OSS/User/workspaceStorage/99cf48dfb6a6fc85de1ba272c3fe4508.
2026-03-17 11:42:39.514 [info] ExtensionService#_doActivateExtension vscode.github-authentication, startup: false, activationEvent: 'onAuthenticationRequest:github'
2026-03-17 11:42:39.545 [info] ExtensionService#_doActivateExtension vscode.emmet, startup: false, activationEvent: 'onLanguage'
2026-03-17 11:42:39.680 [info] ExtensionService#_doActivateExtension vscode.git-base, startup: true, activationEvent: '*', root cause: vscode.git
2026-03-17 11:42:39.843 [info] ExtensionService#_doActivateExtension vscode.terminal-suggest, startup: false, activationEvent: 'onTerminalShellIntegration:*'
2026-03-17 11:42:39.915 [info] ExtensionService#_doActivateExtension vscode.git, startup: true, activationEvent: '*'
2026-03-17 11:42:39.964 [info] ExtensionService#_doActivateExtension vscode.github, startup: true, activationEvent: '*'
2026-03-17 11:42:40.064 [info] Eager extensions activated
2026-03-17 11:42:40.086 [info] ExtensionService#_doActivateExtension vscode.debug-auto-launch, startup: false, activationEvent: 'onStartupFinished'
2026-03-17 11:42:40.089 [info] ExtensionService#_doActivateExtension vscode.merge-conflict, startup: false, activationEvent: 'onStartupFinished'
2026-03-17 11:44:38.743 [error] Error: Git error
	at ChildProcess.o (/usr/lib/code/extensions/git/dist/main.js:59:619)
	at ChildProcess.emit (node:events:531:35)
	at ChildProcess._handle.onexit (node:internal/child_process:293:12)
2026-03-17 11:44:38.743 [error] Error: Git error
	at ChildProcess.o (/usr/lib/code/extensions/git/dist/main.js:59:619)
	at ChildProcess.emit (node:events:531:35)
	at ChildProcess._handle.onexit (node:internal/child_process:293:12)
2026-03-17 11:44:38.743 [error] Error: Git error
	at ChildProcess.o (/usr/lib/code/extensions/git/dist/main.js:59:619)
	at ChildProcess.emit (node:events:531:35)
	at ChildProcess._handle.onexit (node:internal/child_process:293:12)
2026-03-17 11:44:38.743 [error] Error: Git error
	at ChildProcess.o (/usr/lib/code/extensions/git/dist/main.js:59:619)
	at ChildProcess.emit (node:events:531:35)
	at ChildProcess._handle.onexit (node:internal/child_process:293:12)
2026-03-17 11:44:38.743 [error] Error: Git error
	at ChildProcess.o (/usr/lib/code/extensions/git/dist/main.js:59:619)
	at ChildProcess.emit (node:events:531:35)
	at ChildProcess._handle.onexit (node:internal/child_process:293:12)
2026-03-17 11:44:38.743 [error] Error: Git error
	at ChildProcess.o (/usr/lib/code/extensions/git/dist/main.js:59:619)
	at ChildProcess.emit (node:events:531:35)
	at ChildProcess._handle.onexit (node:internal/child_process:293:12)
2026-03-17 11:44:38.743 [error] Error: Git error
	at ChildProcess.o (/usr/lib/code/extensions/git/dist/main.js:59:619)
	at ChildProcess.emit (node:events:531:35)
	at ChildProcess._handle.onexit (node:internal/child_process:293:12)
2026-03-17 11:44:38.743 [error] Error: Git error
	at ChildProcess.o (/usr/lib/code/extensions/git/dist/main.js:59:619)
	at ChildProcess.emit (node:events:531:35)
	at ChildProcess._handle.onexit (node:internal/child_process:293:12)
2026-03-17 11:44:38.743 [error] Error: Git error
	at ChildProcess.o (/usr/lib/code/extensions/git/dist/main.js:59:619)
	at ChildProcess.emit (node:events:531:35)
	at ChildProcess._handle.onexit (node:internal/child_process:293:12)
2026-03-17 11:44:38.743 [error] Error: Git error
	at ChildProcess.o (/usr/lib/code/extensions/git/dist/main.js:59:619)
	at ChildProcess.emit (node:events:531:35)
	at ChildProcess._handle.onexit (node:internal/child_process:293:12)
2026-03-17 11:44:38.743 [error] Error: Git error
	at ChildProcess.o (/usr/lib/code/extensions/git/dist/main.js:59:619)
	at ChildProcess.emit (node:events:531:35)
	at ChildProcess._handle.onexit (node:internal/child_process:293:12)
2026-03-17 11:44:38.743 [error] Error: Git error
	at ChildProcess.o (/usr/lib/code/extensions/git/dist/main.js:59:619)
	at ChildProcess.emit (node:events:531:35)
	at ChildProcess._handle.onexit (node:internal/child_process:293:12)
2026-03-17 11:44:38.743 [error] Error: Git error
	at ChildProcess.o (/usr/lib/code/extensions/git/dist/main.js:59:619)
	at ChildProcess.emit (node:events:531:35)
	at ChildProcess._handle.onexit (node:internal/child_process:293:12)
2026-03-17 11:44:38.743 [error] Error: Git error
	at ChildProcess.o (/usr/lib/code/extensions/git/dist/main.js:59:619)
	at ChildProcess.emit (node:events:531:35)
	at ChildProcess._handle.onexit (node:internal/child_process:293:12)
2026-03-17 11:44:39.745 [error] Error: Git error
	at ChildProcess.o (/usr/lib/code/extensions/git/dist/main.js:59:619)
	at ChildProcess.emit (node:events:531:35)
	at ChildProcess._handle.onexit (node:internal/child_process:293:12)
2026-03-17 11:44:39.746 [error] Error: Git error
	at ChildProcess.o (/usr/lib/code/extensions/git/dist/main.js:59:619)
	at ChildProcess.emit (node:events:531:35)
	at ChildProcess._handle.onexit (node:internal/child_process:293:12)
2026-03-17 11:44:39.747 [error] Error: Git error
	at ChildProcess.o (/usr/lib/code/extensions/git/dist/main.js:59:619)
	at ChildProcess.emit (node:events:531:35)
	at ChildProcess._handle.onexit (node:internal/child_process:293:12)
2026-03-17 11:44:39.747 [error] Error: Git error
	at ChildProcess.o (/usr/lib/code/extensions/git/dist/main.js:59:619)
	at ChildProcess.emit (node:events:531:35)
	at ChildProcess._handle.onexit (node:internal/child_process:293:12)
2026-03-17 11:44:39.748 [error] Error: Git error
	at ChildProcess.o (/usr/lib/code/extensions/git/dist/main.js:59:619)
	at ChildProcess.emit (node:events:531:35)
	at ChildProcess._handle.onexit (node:internal/child_process:293:12)
2026-03-17 11:44:39.748 [error] Error: Git error
	at ChildProcess.o (/usr/lib/code/extensions/git/dist/main.js:59:619)
	at ChildProcess.emit (node:events:531:35)
	at ChildProcess._handle.onexit (node:internal/child_process:293:12)
2026-03-17 11:44:39.749 [error] Error: Git error
	at ChildProcess.o (/usr/lib/code/extensions/git/dist/main.js:59:619)
	at ChildProcess.emit (node:events:531:35)
	at ChildProcess._handle.onexit (node:internal/child_process:293:12)
2026-03-17 11:44:39.750 [error] Error: Git error
	at ChildProcess.o (/usr/lib/code/extensions/git/dist/main.js:59:619)
	at ChildProcess.emit (node:events:531:35)
	at ChildProcess._handle.onexit (node:internal/child_process:293:12)
2026-03-17 11:44:39.750 [error] Error: Git error
	at ChildProcess.o (/usr/lib/code/extensions/git/dist/main.js:59:619)
	at ChildProcess.emit (node:events:531:35)
	at ChildProcess._handle.onexit (node:internal/child_process:293:12)
2026-03-17 11:44:39.751 [error] Error: Git error
	at ChildProcess.o (/usr/lib/code/extensions/git/dist/main.js:59:619)
	at ChildProcess.emit (node:events:531:35)
	at ChildProcess._handle.onexit (node:internal/child_process:293:12)
2026-03-17 11:44:39.751 [error] Error: Git error
	at ChildProcess.o (/usr/lib/code/extensions/git/dist/main.js:59:619)
	at ChildProcess.emit (node:events:531:35)
	at ChildProcess._handle.onexit (node:internal/child_process:293:12)
2026-03-17 11:44:39.752 [error] Error: Git error
	at ChildProcess.o (/usr/lib/code/extensions/git/dist/main.js:59:619)
	at ChildProcess.emit (node:events:531:35)
	at ChildProcess._handle.onexit (node:internal/child_process:293:12)
2026-03-17 11:44:39.752 [error] Error: Git error
	at ChildProcess.o (/usr/lib/code/extensions/git/dist/main.js:59:619)
	at ChildProcess.emit (node:events:531:35)
	at ChildProcess._handle.onexit (node:internal/child_process:293:12)
2026-03-17 11:44:39.753 [error] Error: Git error
	at ChildProcess.o (/usr/lib/code/extensions/git/dist/main.js:59:619)
	at ChildProcess.emit (node:events:531:35)
	at ChildProcess._handle.onexit (node:internal/child_process:293:12)
2026-03-17 11:44:43.167 [error] Error: Git error
	at ChildProcess.o (/usr/lib/code/extensions/git/dist/main.js:59:619)
	at ChildProcess.emit (node:events:531:35)
	at ChildProcess._handle.onexit (node:internal/child_process:293:12)
2026-03-17 11:44:43.167 [error] Error: Git error
	at ChildProcess.o (/usr/lib/code/extensions/git/dist/main.js:59:619)
	at ChildProcess.emit (node:events:531:35)
	at ChildProcess._handle.onexit (node:internal/child_process:293:12)
2026-03-17 11:44:44.167 [error] Error: Git error
	at ChildProcess.o (/usr/lib/code/extensions/git/dist/main.js:59:619)
	at ChildProcess.emit (node:events:531:35)
	at ChildProcess._handle.onexit (node:internal/child_process:293:12)
2026-03-17 11:44:44.168 [error] Error: Git error
	at ChildProcess.o (/usr/lib/code/extensions/git/dist/main.js:59:619)
	at ChildProcess.emit (node:events:531:35)
	at ChildProcess._handle.onexit (node:internal/child_process:293:12)
2026-03-17 11:53:37.738 [info] Extension host terminating: renderer closed the MessagePort
2026-03-17 11:53:37.754 [info] Extension host with pid 2924 exiting with code 0
