2026-03-18 10:21:01.657 [info] Reading sessions from keychain...
2026-03-18 10:21:01.657 [info] Getting sessions for all scopes...
2026-03-18 10:21:01.745 [info] Got stored sessions!
2026-03-18 10:21:01.745 [info] Got 1 verified sessions.
2026-03-18 10:21:01.745 [info] Got 1 sessions for ...
2026-03-18 10:21:01.745 [info] Getting sessions for all scopes...
2026-03-18 10:21:01.745 [info] Got 1 sessions for ...
2026-03-18 10:21:01.813 [info] Getting sessions for all scopes...
2026-03-18 10:21:01.813 [info] Got 1 sessions for ...
2026-03-18 10:21:01.914 [info] Getting sessions for all scopes...
2026-03-18 10:21:01.914 [info] Got 1 sessions for ...
2026-03-18 10:21:02.220 [info] Getting sessions for read:user,repo,user:email,workflow...
2026-03-18 10:21:02.220 [info] Got 1 sessions for read:user,repo,user:email,workflow...
2026-03-18 10:21:03.469 [info] Getting sessions for all scopes...
2026-03-18 10:21:03.469 [info] Got 1 sessions for ...
2026-03-18 10:22:20.938 [info] Getting sessions for all scopes...
2026-03-18 10:22:20.938 [info] Got 1 sessions for ...
2026-03-18 10:22:20.939 [info] Getting sessions for all scopes...
2026-03-18 10:22:20.939 [info] Got 1 sessions for ...
2026-03-18 10:22:26.553 [info] Getting sessions for all scopes...
2026-03-18 10:22:26.553 [info] Got 1 sessions for ...
2026-03-18 10:22:26.554 [info] Getting sessions for all scopes...
2026-03-18 10:22:26.554 [info] Got 1 sessions for ...
