2026-02-25 10:37:55.009 [info] Extension host with pid 15187 started
2026-02-25 10:37:55.021 [info] ExtensionService#_doActivateExtension vscode.github-authentication, startup: false, activationEvent: 'onAuthenticationRequest:github'
2026-02-25 10:37:55.044 [info] ExtensionService#_doActivateExtension vscode.emmet, startup: false, activationEvent: 'onLanguage'
2026-02-25 10:37:55.077 [info] ExtensionService#_doActivateExtension vscode.git-base, startup: true, activationEvent: '*', root cause: vscode.git
2026-02-25 10:37:55.082 [info] ExtensionService#_doActivateExtension vscode.git, startup: true, activationEvent: '*'
2026-02-25 10:37:55.125 [info] ExtensionService#_doActivateExtension vscode.github, startup: true, activationEvent: '*'
2026-02-25 10:37:55.200 [info] Eager extensions activated
2026-02-25 10:37:55.201 [info] ExtensionService#_doActivateExtension vscode.debug-auto-launch, startup: false, activationEvent: 'onStartupFinished'
2026-02-25 10:37:55.202 [info] ExtensionService#_doActivateExtension vscode.merge-conflict, startup: false, activationEvent: 'onStartupFinished'
2026-02-25 10:38:11.171 [info] Extension host terminating: renderer closed the MessagePort
2026-02-25 10:38:11.175 [info] Extension host with pid 15187 exiting with code 0
2026-02-25 10:38:12.119 [info] Extension host with pid 15311 started
2026-02-25 10:38:12.119 [info] Skipping acquiring lock for /home/avi/.config/Code - OSS/User/workspaceStorage/cc947f52ab1ccb083c78cfff0e3f5e6c.
2026-02-25 10:38:12.130 [info] ExtensionService#_doActivateExtension vscode.github-authentication, startup: false, activationEvent: 'onAuthenticationRequest:github'
2026-02-25 10:38:12.154 [info] ExtensionService#_doActivateExtension vscode.emmet, startup: false, activationEvent: 'onLanguage'
2026-02-25 10:38:12.187 [info] ExtensionService#_doActivateExtension vscode.git-base, startup: true, activationEvent: '*', root cause: vscode.git
2026-02-25 10:38:12.192 [info] ExtensionService#_doActivateExtension vscode.git, startup: true, activationEvent: '*'
2026-02-25 10:38:12.235 [info] ExtensionService#_doActivateExtension vscode.github, startup: true, activationEvent: '*'
2026-02-25 10:38:12.315 [info] Eager extensions activated
2026-02-25 10:38:12.316 [info] ExtensionService#_doActivateExtension vscode.debug-auto-launch, startup: false, activationEvent: 'onStartupFinished'
2026-02-25 10:38:12.318 [info] ExtensionService#_doActivateExtension vscode.merge-conflict, startup: false, activationEvent: 'onStartupFinished'
2026-02-25 10:39:01.375 [info] Extension host terminating: renderer closed the MessagePort
2026-02-25 10:39:01.381 [info] Extension host with pid 15311 exiting with code 0
2026-02-25 10:39:02.543 [info] Extension host with pid 18425 started
2026-02-25 10:39:02.543 [info] Skipping acquiring lock for /home/avi/.config/Code - OSS/User/workspaceStorage/99cf48dfb6a6fc85de1ba272c3fe4508.
2026-02-25 10:39:02.710 [info] ExtensionService#_doActivateExtension vscode.github-authentication, startup: false, activationEvent: 'onAuthenticationRequest:github'
2026-02-25 10:39:02.734 [info] ExtensionService#_doActivateExtension vscode.emmet, startup: false, activationEvent: 'onLanguage'
2026-02-25 10:39:02.786 [info] ExtensionService#_doActivateExtension vscode.git-base, startup: true, activationEvent: '*', root cause: vscode.git
2026-02-25 10:39:02.805 [info] ExtensionService#_doActivateExtension vscode.git, startup: true, activationEvent: '*'
2026-02-25 10:39:02.857 [info] ExtensionService#_doActivateExtension vscode.github, startup: true, activationEvent: '*'
2026-02-25 10:39:02.956 [info] Eager extensions activated
2026-02-25 10:39:02.978 [info] ExtensionService#_doActivateExtension vscode.debug-auto-launch, startup: false, activationEvent: 'onStartupFinished'
2026-02-25 10:39:02.980 [info] ExtensionService#_doActivateExtension vscode.merge-conflict, startup: false, activationEvent: 'onStartupFinished'
2026-02-25 10:39:02.997 [info] ExtensionService#_doActivateExtension vscode.terminal-suggest, startup: false, activationEvent: 'onTerminalShellIntegration:*'
2026-02-25 10:40:06.029 [info] Extension host terminating: renderer closed the MessagePort
2026-02-25 10:40:06.036 [info] Extension host with pid 18425 exiting with code 0
