2026-03-18 10:21:01.989 [info] [main] Log level: Info
2026-03-18 10:21:01.989 [info] [main] Validating found git in: "git"
2026-03-18 10:21:01.989 [info] [main] Using git "2.53.0" from "git"
2026-03-18 10:21:01.989 [info] [Model][doInitialScan] Initial repository scan started
2026-03-18 10:21:01.989 [info] > git rev-parse --show-toplevel [2ms]
2026-03-18 10:21:01.989 [info] > git rev-parse --git-dir --git-common-dir --show-superproject-working-tree [3ms]
2026-03-18 10:21:01.998 [info] [Model][openRepository] Opened repository (path): /home/avi
2026-03-18 10:21:01.998 [info] [Model][openRepository] Opened repository (real path): /home/avi
2026-03-18 10:21:01.998 [info] [Model][openRepository] Opened repository (kind): repository
2026-03-18 10:21:02.016 [info] > git rev-parse --show-toplevel [10ms]
2026-03-18 10:21:02.017 [info] > git config --get commit.template [13ms]
2026-03-18 10:21:02.026 [info] > git for-each-ref --format=%(refname)%00%(upstream:short)%00%(objectname)%00%(upstream:track)%00%(upstream:remotename)%00%(upstream:remoteref) refs/heads/main refs/remotes/main [4ms]
2026-03-18 10:21:02.037 [info] > git rev-parse --git-dir --git-common-dir --show-superproject-working-tree [11ms]
2026-03-18 10:21:02.037 [info] > git for-each-ref --sort -committerdate --format %(refname)%00%(objectname)%00%(*objectname) [3ms]
2026-03-18 10:21:02.044 [info] > git status -z -uall [14ms]
2026-03-18 10:21:02.066 [info] > git for-each-ref --format=%(refname)%00%(upstream:short)%00%(objectname)%00%(upstream:track)%00%(upstream:remotename)%00%(upstream:remoteref) refs/heads/main refs/remotes/main [5ms]
2026-03-18 10:21:02.091 [info] [Model][openRepository] Opened repository (path): /home/avi/.config
2026-03-18 10:21:02.091 [info] [Model][openRepository] Opened repository (real path): /home/avi/.config
2026-03-18 10:21:02.091 [info] [Model][openRepository] Opened repository (kind): repository
2026-03-18 10:21:02.100 [info] > git config --get --local branch.main.vscode-merge-base [30ms]
2026-03-18 10:21:02.104 [info] > git config --get commit.template [38ms]
2026-03-18 10:21:02.112 [info] > git for-each-ref --format=%(refname)%00%(upstream:short)%00%(objectname)%00%(upstream:track)%00%(upstream:remotename)%00%(upstream:remoteref) refs/heads/origin/main refs/remotes/origin/main [7ms]
2026-03-18 10:21:02.113 [info] > git rev-parse --show-toplevel [14ms]
2026-03-18 10:21:02.113 [info] > git config --get commit.template [17ms]
2026-03-18 10:21:02.133 [info] > git rev-parse --show-toplevel [6ms]
2026-03-18 10:21:02.133 [info] > git for-each-ref --format=%(refname)%00%(upstream:short)%00%(objectname)%00%(upstream:track)%00%(upstream:remotename)%00%(upstream:remoteref) refs/heads/main refs/remotes/main [9ms]
2026-03-18 10:21:02.144 [info] > git status -z -uall [8ms]
2026-03-18 10:21:02.144 [info] > git for-each-ref --format=%(refname)%00%(upstream:short)%00%(objectname)%00%(upstream:track)%00%(upstream:remotename)%00%(upstream:remoteref) refs/heads/main refs/remotes/main [12ms]
2026-03-18 10:21:02.152 [info] > git rev-parse --show-toplevel [8ms]
2026-03-18 10:21:02.153 [info] fatal: this operation must be run in a work tree
2026-03-18 10:21:02.153 [info] > git for-each-ref --sort -committerdate --format %(refname)%00%(objectname)%00%(*objectname) [14ms]
2026-03-18 10:21:02.159 [info] > git for-each-ref --sort -committerdate --format %(refname)%00%(objectname)%00%(*objectname) [8ms]
2026-03-18 10:21:02.160 [info] > git rev-parse --show-toplevel [2ms]
2026-03-18 10:21:02.164 [info] > git rev-parse --show-toplevel [1ms]
2026-03-18 10:21:02.169 [info] > git status -z -uall [22ms]
2026-03-18 10:21:02.181 [info] > git for-each-ref --format=%(refname)%00%(upstream:short)%00%(objectname)%00%(upstream:track)%00%(upstream:remotename)%00%(upstream:remoteref) refs/heads/main refs/remotes/main [4ms]
2026-03-18 10:21:02.185 [info] > git rev-parse --show-toplevel [16ms]
2026-03-18 10:21:02.190 [info] > git config --get commit.template [9ms]
2026-03-18 10:21:02.195 [info] > git rev-parse --show-toplevel [6ms]
2026-03-18 10:21:02.195 [info] > git config --get --local branch.main.vscode-merge-base [10ms]
2026-03-18 10:21:02.196 [warning] [Git][config] git config failed: Failed to execute git
2026-03-18 10:21:02.209 [info] > git for-each-ref --format=%(refname)%00%(upstream:short)%00%(objectname)%00%(upstream:track)%00%(upstream:remotename)%00%(upstream:remoteref) refs/heads/main refs/remotes/main [5ms]
2026-03-18 10:21:02.216 [info] > git reflog main --grep-reflog=branch: Created from *. [17ms]
2026-03-18 10:21:02.221 [info] > git for-each-ref --sort -committerdate --format %(refname)%00%(objectname)%00%(*objectname) [5ms]
2026-03-18 10:21:02.221 [info] > git rev-parse --show-toplevel [13ms]
2026-03-18 10:21:02.228 [info] > git symbolic-ref --short refs/remotes/dotfiles/HEAD [8ms]
2026-03-18 10:21:02.228 [info] fatal: ref refs/remotes/dotfiles/HEAD is not a symbolic ref
2026-03-18 10:21:02.228 [warning] [Repository][getDefaultBranch] Failed to get default branch details: Failed to execute git.
2026-03-18 10:21:02.228 [info] > git rev-parse --show-toplevel [3ms]
2026-03-18 10:21:02.233 [info] > git status -z -uall [21ms]
2026-03-18 10:21:02.235 [info] > git rev-parse --show-toplevel [3ms]
2026-03-18 10:21:02.249 [info] > git rev-parse --show-toplevel [10ms]
2026-03-18 10:21:02.255 [info] > git rev-parse --git-dir --git-common-dir --show-superproject-working-tree [2ms]
2026-03-18 10:21:02.270 [info] [Model][openRepository] Opened repository (path): /home/avi/.oh-my-zsh
2026-03-18 10:21:02.270 [info] [Model][openRepository] Opened repository (real path): /home/avi/.oh-my-zsh
2026-03-18 10:21:02.270 [info] [Model][openRepository] Opened repository (kind): repository
2026-03-18 10:21:02.279 [info] > git config --get commit.template [5ms]
2026-03-18 10:21:02.280 [info] > git rev-parse --show-toplevel [2ms]
2026-03-18 10:21:02.287 [info] > git for-each-ref --format=%(refname)%00%(upstream:short)%00%(objectname)%00%(upstream:track)%00%(upstream:remotename)%00%(upstream:remoteref) refs/heads/master refs/remotes/master [4ms]
2026-03-18 10:21:02.287 [info] > git rev-parse --show-toplevel [1ms]
2026-03-18 10:21:02.298 [info] > git rev-parse --show-toplevel [7ms]
2026-03-18 10:21:02.301 [info] > git for-each-ref --sort -committerdate --format %(refname)%00%(objectname)%00%(*objectname) [3ms]
2026-03-18 10:21:02.302 [info] > git rev-parse --show-toplevel [1ms]
2026-03-18 10:21:02.306 [info] > git rev-parse --show-toplevel [1ms]
2026-03-18 10:21:02.310 [info] > git rev-parse --show-toplevel [1ms]
2026-03-18 10:21:02.313 [info] > git rev-parse --show-toplevel [0ms]
2026-03-18 10:21:02.317 [info] > git rev-parse --show-toplevel [1ms]
2026-03-18 10:21:02.321 [info] > git rev-parse --show-toplevel [1ms]
2026-03-18 10:21:02.324 [info] > git rev-parse --show-toplevel [1ms]
2026-03-18 10:21:02.327 [info] > git rev-parse --show-toplevel [0ms]
2026-03-18 10:21:02.331 [info] > git rev-parse --show-toplevel [1ms]
2026-03-18 10:21:02.337 [info] > git rev-parse --show-toplevel [3ms]
2026-03-18 10:21:02.343 [info] > git rev-parse --git-dir --git-common-dir --show-superproject-working-tree [2ms]
2026-03-18 10:21:02.349 [info] [Model][openRepository] Opened repository (path): /home/avi/WinSur-dark-cursors
2026-03-18 10:21:02.349 [info] [Model][openRepository] Opened repository (real path): /home/avi/WinSur-dark-cursors
2026-03-18 10:21:02.349 [info] [Model][openRepository] Opened repository (kind): repository
2026-03-18 10:21:02.358 [info] > git config --get commit.template [4ms]
2026-03-18 10:21:02.359 [info] > git rev-parse --show-toplevel [2ms]
2026-03-18 10:21:02.368 [info] > git for-each-ref --format=%(refname)%00%(upstream:short)%00%(objectname)%00%(upstream:track)%00%(upstream:remotename)%00%(upstream:remoteref) refs/heads/master refs/remotes/master [5ms]
2026-03-18 10:21:02.372 [warning] [Git][revParse] Unable to read file: ENOENT: no such file or directory, open '/home/avi/WinSur-dark-cursors/.git/refs/remotes/origin/master'
2026-03-18 10:21:02.373 [info] > git rev-parse --git-dir --git-common-dir --show-superproject-working-tree [6ms]
2026-03-18 10:21:02.373 [info] > git rev-parse refs/remotes/origin/master [1ms]
2026-03-18 10:21:02.382 [info] > git for-each-ref --sort -committerdate --format %(refname)%00%(objectname)%00%(*objectname) [2ms]
2026-03-18 10:21:02.426 [info] > git status -z -uall [132ms]
2026-03-18 10:21:02.452 [info] [Model][openRepository] Opened repository (path): /home/avi/bash-git
2026-03-18 10:21:02.452 [info] [Model][openRepository] Opened repository (real path): /home/avi/bash-git
2026-03-18 10:21:02.452 [info] [Model][openRepository] Opened repository (kind): repository
2026-03-18 10:21:02.466 [info] > git status -z -uall [88ms]
2026-03-18 10:21:02.466 [info] > git for-each-ref --format=%(refname)%00%(upstream:short)%00%(objectname)%00%(upstream:track)%00%(upstream:remotename)%00%(upstream:remoteref) refs/heads/master refs/remotes/master [33ms]
2026-03-18 10:21:02.494 [info] > git for-each-ref --format=%(refname)%00%(upstream:short)%00%(objectname)%00%(upstream:track)%00%(upstream:remotename)%00%(upstream:remoteref) refs/heads/master refs/remotes/master [18ms]
2026-03-18 10:21:02.498 [info] > git config --get --local branch.master.vscode-merge-base [28ms]
2026-03-18 10:21:02.501 [info] > git rev-parse --show-toplevel [36ms]
2026-03-18 10:21:02.502 [info] > git config --get commit.template [40ms]
2026-03-18 10:21:02.502 [info] > git config --get commit.template [44ms]
2026-03-18 10:21:02.522 [info] > git for-each-ref --format=%(refname)%00%(upstream:short)%00%(objectname)%00%(upstream:track)%00%(upstream:remotename)%00%(upstream:remoteref) refs/heads/origin/master refs/remotes/origin/master [21ms]
2026-03-18 10:21:02.527 [info] > git config --get --local branch.master.vscode-merge-base [29ms]
2026-03-18 10:21:02.530 [info] > git config --get commit.template [37ms]
2026-03-18 10:21:02.547 [info] > git for-each-ref --format=%(refname)%00%(upstream:short)%00%(objectname)%00%(upstream:track)%00%(upstream:remotename)%00%(upstream:remoteref) refs/heads/origin/master refs/remotes/origin/master [17ms]
2026-03-18 10:21:02.552 [info] > git merge-base refs/heads/master refs/remotes/origin/master [25ms]
2026-03-18 10:21:02.556 [info] > git rev-parse --show-toplevel [47ms]
2026-03-18 10:21:02.564 [info] > git diff --raw --numstat --diff-filter=ADMR -z --find-renames=50% e0766905519fbc7982a590a195ee7c3e8bb594e8...refs/remotes/origin/master -- [8ms]
2026-03-18 10:21:02.565 [info] > git merge-base refs/heads/master refs/remotes/origin/master [14ms]
2026-03-18 10:21:02.568 [info] > git for-each-ref --format=%(refname)%00%(upstream:short)%00%(objectname)%00%(upstream:track)%00%(upstream:remotename)%00%(upstream:remoteref) refs/heads/master refs/remotes/master [25ms]
2026-03-18 10:21:02.568 [info] > git for-each-ref --format=%(refname)%00%(upstream:short)%00%(objectname)%00%(upstream:track)%00%(upstream:remotename)%00%(upstream:remoteref) refs/heads/master refs/remotes/master [28ms]
2026-03-18 10:21:02.572 [warning] [Git][revParse] Unable to read file: ENOENT: no such file or directory, open '/home/avi/bash-git/.git/refs/remotes/origin/master'
2026-03-18 10:21:02.573 [info] > git rev-parse --show-toplevel [10ms]
2026-03-18 10:21:02.573 [info] > git for-each-ref --format=%(refname)%00%(upstream:short)%00%(objectname)%00%(upstream:track)%00%(upstream:remotename)%00%(upstream:remoteref) refs/heads/master refs/remotes/master [13ms]
2026-03-18 10:21:02.580 [warning] [Git][revParse] Unable to read file: ENOENT: no such file or directory, open '/home/avi/WinSur-dark-cursors/.git/refs/remotes/origin/master'
2026-03-18 10:21:02.583 [info] > git diff --raw --numstat --diff-filter=ADMR -z --find-renames=50% 022b4aa0a1f8f90d4cd88ed1a16dc7bcd5f87cc8...refs/remotes/origin/master -- [15ms]
2026-03-18 10:21:02.584 [info] > git rev-parse refs/remotes/origin/master [4ms]
2026-03-18 10:21:02.593 [info] > git rev-parse --show-toplevel [16ms]
2026-03-18 10:21:02.593 [info] > git rev-parse refs/remotes/origin/master [21ms]
2026-03-18 10:21:02.616 [info] > git status -z -uall [27ms]
2026-03-18 10:21:02.616 [info] > git status -z -uall [19ms]
2026-03-18 10:21:02.616 [info] > git for-each-ref --sort -committerdate --format %(refname)%00%(objectname)%00%(*objectname) [15ms]
2026-03-18 10:21:02.624 [info] > git for-each-ref --sort -committerdate --format %(refname)%00%(objectname)%00%(*objectname) [31ms]
2026-03-18 10:21:02.631 [info] > git for-each-ref --format=%(refname)%00%(upstream:short)%00%(objectname)%00%(upstream:track)%00%(upstream:remotename)%00%(upstream:remoteref) refs/heads/master refs/remotes/master [9ms]
2026-03-18 10:21:02.635 [info] > git rev-parse --git-dir --git-common-dir --show-superproject-working-tree [19ms]
2026-03-18 10:21:02.635 [info] > git for-each-ref --sort -committerdate --format %(refname)%00%(objectname)%00%(*objectname) [23ms]
2026-03-18 10:21:02.645 [info] > git status -z -uall [36ms]
2026-03-18 10:21:02.645 [info] > git check-ignore -v -z --stdin [5ms]
2026-03-18 10:21:02.646 [info] > git check-ignore -v -z --stdin [3ms]
2026-03-18 10:21:02.647 [info] > git config --get --local branch.master.vscode-merge-base [12ms]
2026-03-18 10:21:02.650 [info] > git config --get commit.template [20ms]
2026-03-18 10:21:02.653 [info] > git for-each-ref --format=%(refname)%00%(upstream:short)%00%(objectname)%00%(upstream:track)%00%(upstream:remotename)%00%(upstream:remoteref) refs/heads/origin/master refs/remotes/origin/master [2ms]
2026-03-18 10:21:02.662 [info] > git for-each-ref --format=%(refname)%00%(upstream:short)%00%(objectname)%00%(upstream:track)%00%(upstream:remotename)%00%(upstream:remoteref) refs/heads/master refs/remotes/master [2ms]
2026-03-18 10:21:02.662 [info] > git merge-base refs/heads/master refs/remotes/origin/master [6ms]
2026-03-18 10:21:02.669 [warning] [Git][revParse] Unable to read file: ENOENT: no such file or directory, open '/home/avi/bash-git/.git/refs/remotes/origin/master'
2026-03-18 10:21:02.669 [info] > git diff --raw --numstat --diff-filter=ADMR -z --find-renames=50% aea57649bee138f0d5fee0d4c24f1177e36596b0...refs/remotes/origin/master -- [4ms]
2026-03-18 10:21:02.672 [info] [Model][openRepository] Opened repository (path): /home/avi/powerlevel10k
2026-03-18 10:21:02.672 [info] [Model][openRepository] Opened repository (real path): /home/avi/powerlevel10k
2026-03-18 10:21:02.672 [info] [Model][openRepository] Opened repository (kind): repository
2026-03-18 10:21:02.680 [info] > git rev-parse refs/remotes/origin/master [11ms]
2026-03-18 10:21:02.688 [info] > git status -z -uall [5ms]
2026-03-18 10:21:02.688 [info] > git rev-parse --show-toplevel [9ms]
2026-03-18 10:21:02.688 [info] > git config --get commit.template [12ms]
2026-03-18 10:21:02.692 [info] > git for-each-ref --sort -committerdate --format %(refname)%00%(objectname)%00%(*objectname) [6ms]
2026-03-18 10:21:02.699 [info] > git rev-parse --git-dir --git-common-dir --show-superproject-working-tree [7ms]
2026-03-18 10:21:02.703 [info] > git for-each-ref --format=%(refname)%00%(upstream:short)%00%(objectname)%00%(upstream:track)%00%(upstream:remotename)%00%(upstream:remoteref) refs/heads/master refs/remotes/master [4ms]
2026-03-18 10:21:02.707 [warning] [Git][revParse] Unable to read file: ENOENT: no such file or directory, open '/home/avi/powerlevel10k/.git/refs/remotes/origin/master'
2026-03-18 10:21:02.711 [info] [Model][openRepository] Opened repository (path): /home/avi/rar
2026-03-18 10:21:02.711 [info] [Model][openRepository] Opened repository (real path): /home/avi/rar
2026-03-18 10:21:02.711 [info] [Model][openRepository] Opened repository (kind): repository
2026-03-18 10:21:02.720 [info] > git rev-parse refs/remotes/origin/master [13ms]
2026-03-18 10:21:02.731 [info] > git rev-parse --show-toplevel [12ms]
2026-03-18 10:21:02.731 [info] > git config --get commit.template [15ms]
2026-03-18 10:21:02.735 [info] > git for-each-ref --sort -committerdate --format %(refname)%00%(objectname)%00%(*objectname) [6ms]
2026-03-18 10:21:02.740 [info] > git rev-parse --show-toplevel [5ms]
2026-03-18 10:21:02.744 [info] > git status -z -uall [20ms]
2026-03-18 10:21:02.763 [info] > git for-each-ref --format=%(refname)%00%(upstream:short)%00%(objectname)%00%(upstream:track)%00%(upstream:remotename)%00%(upstream:remoteref) refs/heads/master refs/remotes/master [24ms]
2026-03-18 10:21:02.771 [warning] [Git][revParse] Unable to read file: ENOENT: no such file or directory, open '/home/avi/rar/.git/refs/remotes/origin/master'
2026-03-18 10:21:02.771 [info] > git for-each-ref --format=%(refname)%00%(upstream:short)%00%(objectname)%00%(upstream:track)%00%(upstream:remotename)%00%(upstream:remoteref) refs/heads/master refs/remotes/master [21ms]
2026-03-18 10:21:02.774 [info] > git rev-parse --git-dir --git-common-dir --show-superproject-working-tree [31ms]
2026-03-18 10:21:02.775 [info] > git config --get --local branch.master.vscode-merge-base [1ms]
2026-03-18 10:21:02.778 [info] > git rev-parse refs/remotes/origin/master [8ms]
2026-03-18 10:21:02.784 [info] > git config --get commit.template [16ms]
2026-03-18 10:21:02.785 [info] > git status -z -uall [4ms]
2026-03-18 10:21:02.785 [info] > git for-each-ref --format=%(refname)%00%(upstream:short)%00%(objectname)%00%(upstream:track)%00%(upstream:remotename)%00%(upstream:remoteref) refs/heads/origin/master refs/remotes/origin/master [7ms]
2026-03-18 10:21:02.792 [info] > git for-each-ref --sort -committerdate --format %(refname)%00%(objectname)%00%(*objectname) [7ms]
2026-03-18 10:21:02.803 [info] > git for-each-ref --format=%(refname)%00%(upstream:short)%00%(objectname)%00%(upstream:track)%00%(upstream:remotename)%00%(upstream:remoteref) refs/heads/master refs/remotes/master [6ms]
2026-03-18 10:21:02.806 [info] > git for-each-ref --format=%(refname)%00%(upstream:short)%00%(objectname)%00%(upstream:track)%00%(upstream:remotename)%00%(upstream:remoteref) refs/heads/master refs/remotes/master [15ms]
2026-03-18 10:21:02.806 [info] > git merge-base refs/heads/master refs/remotes/origin/master [18ms]
2026-03-18 10:21:02.813 [warning] [Git][revParse] Unable to read file: ENOENT: no such file or directory, open '/home/avi/powerlevel10k/.git/refs/remotes/origin/master'
2026-03-18 10:21:02.813 [info] > git config --get --local branch.master.vscode-merge-base [7ms]
2026-03-18 10:21:02.816 [info] > git config --get commit.template [14ms]
2026-03-18 10:21:02.819 [info] [Model][openRepository] Opened repository (path): /home/avi/snapd
2026-03-18 10:21:02.819 [info] [Model][openRepository] Opened repository (real path): /home/avi/snapd
2026-03-18 10:21:02.819 [info] [Model][openRepository] Opened repository (kind): repository
2026-03-18 10:21:02.826 [info] > git for-each-ref --format=%(refname)%00%(upstream:short)%00%(objectname)%00%(upstream:track)%00%(upstream:remotename)%00%(upstream:remoteref) refs/heads/origin/master refs/remotes/origin/master [10ms]
2026-03-18 10:21:02.830 [info] > git rev-parse refs/remotes/origin/master [17ms]
2026-03-18 10:21:02.837 [info] > git diff --raw --numstat --diff-filter=ADMR -z --find-renames=50% b97926675aba2d8465325d786cc69de9d9fdec84...refs/remotes/origin/master -- [28ms]
2026-03-18 10:21:02.842 [info] > git status -z -uall [9ms]
2026-03-18 10:21:02.842 [info] > git for-each-ref --sort -committerdate --format %(refname)%00%(objectname)%00%(*objectname) [5ms]
2026-03-18 10:21:02.842 [info] > git merge-base refs/heads/master refs/remotes/origin/master [12ms]
2026-03-18 10:21:02.845 [info] > git rev-parse --show-toplevel [19ms]
2026-03-18 10:21:02.845 [info] > git config --get commit.template [22ms]
2026-03-18 10:21:02.852 [info] > git diff --raw --numstat --diff-filter=ADMR -z --find-renames=50% a15c06ecadcc31c7e659ff27f59592ef2325a68b...refs/remotes/origin/master -- [7ms]
2026-03-18 10:21:02.853 [info] > git for-each-ref --format=%(refname)%00%(upstream:short)%00%(objectname)%00%(upstream:track)%00%(upstream:remotename)%00%(upstream:remoteref) refs/heads/master refs/remotes/master [12ms]
2026-03-18 10:21:02.860 [warning] [Git][revParse] Unable to read file: ENOENT: no such file or directory, open '/home/avi/rar/.git/refs/remotes/origin/master'
2026-03-18 10:21:02.861 [info] > git rev-parse --git-dir --git-common-dir --show-superproject-working-tree [11ms]
2026-03-18 10:21:02.862 [info] > git rev-parse refs/remotes/origin/master [2ms]
2026-03-18 10:21:02.868 [info] > git for-each-ref --format=%(refname)%00%(upstream:short)%00%(objectname)%00%(upstream:track)%00%(upstream:remotename)%00%(upstream:remoteref) refs/heads/master refs/remotes/master [11ms]
2026-03-18 10:21:02.872 [warning] [Git][revParse] Unable to read file: ENOENT: no such file or directory, open '/home/avi/snapd/.git/refs/remotes/origin/master'
2026-03-18 10:21:02.872 [info] > git status -z -uall [8ms]
2026-03-18 10:21:02.872 [info] > git for-each-ref --sort -committerdate --format %(refname)%00%(objectname)%00%(*objectname) [5ms]
2026-03-18 10:21:02.874 [info] > git rev-parse refs/remotes/origin/master [2ms]
2026-03-18 10:21:02.881 [info] > git status -z -uall [4ms]
2026-03-18 10:21:02.882 [info] > git for-each-ref --sort -committerdate --format %(refname)%00%(objectname)%00%(*objectname) [2ms]
2026-03-18 10:21:02.894 [info] > git for-each-ref --format=%(refname)%00%(upstream:short)%00%(objectname)%00%(upstream:track)%00%(upstream:remotename)%00%(upstream:remoteref) refs/heads/master refs/remotes/master [7ms]
2026-03-18 10:21:02.901 [info] [Model][openRepository] Opened repository (path): /home/avi/yay
2026-03-18 10:21:02.901 [info] [Model][openRepository] Opened repository (real path): /home/avi/yay
2026-03-18 10:21:02.901 [info] [Model][openRepository] Opened repository (kind): repository
2026-03-18 10:21:02.908 [info] > git config --get --local branch.master.vscode-merge-base [10ms]
2026-03-18 10:21:02.911 [info] > git config --get commit.template [19ms]
2026-03-18 10:21:02.912 [info] > git rev-parse --show-toplevel [5ms]
2026-03-18 10:21:02.912 [info] [Model][doInitialScan] Initial repository scan completed - repositories (9), closed repositories (0), parent repositories (0), unsafe repositories (0)
2026-03-18 10:21:02.912 [info] > git config --get commit.template [8ms]
2026-03-18 10:21:02.916 [info] > git for-each-ref --format=%(refname)%00%(upstream:short)%00%(objectname)%00%(upstream:track)%00%(upstream:remotename)%00%(upstream:remoteref) refs/heads/origin/master refs/remotes/origin/master [6ms]
2026-03-18 10:21:02.925 [info] > git for-each-ref --format=%(refname)%00%(upstream:short)%00%(objectname)%00%(upstream:track)%00%(upstream:remotename)%00%(upstream:remoteref) refs/heads/master refs/remotes/master [10ms]
2026-03-18 10:21:02.930 [warning] [Git][revParse] Unable to read file: ENOENT: no such file or directory, open '/home/avi/snapd/.git/refs/remotes/origin/master'
2026-03-18 10:21:02.940 [info] > git merge-base refs/heads/master refs/remotes/origin/master [20ms]
2026-03-18 10:21:02.946 [info] > git rev-parse refs/remotes/origin/master [16ms]
2026-03-18 10:21:02.953 [info] > git for-each-ref --format=%(refname)%00%(upstream:short)%00%(objectname)%00%(upstream:track)%00%(upstream:remotename)%00%(upstream:remoteref) refs/heads/master refs/remotes/master [28ms]
2026-03-18 10:21:02.960 [warning] [Git][revParse] Unable to read file: ENOENT: no such file or directory, open '/home/avi/yay/.git/refs/remotes/origin/master'
2026-03-18 10:21:02.960 [info] > git status -z -uall [11ms]
2026-03-18 10:21:02.960 [info] > git diff --raw --numstat --diff-filter=ADMR -z --find-renames=50% 773e6e121654eae297bfc121ad2e2431cac84a94...refs/remotes/origin/master -- [16ms]
2026-03-18 10:21:02.961 [info] > git rev-parse refs/remotes/origin/master [1ms]
2026-03-18 10:21:02.969 [info] > git for-each-ref --sort -committerdate --format %(refname)%00%(objectname)%00%(*objectname) [16ms]
2026-03-18 10:21:02.971 [info] > git status -z -uall [6ms]
2026-03-18 10:21:02.971 [info] > git for-each-ref --sort -committerdate --format %(refname)%00%(objectname)%00%(*objectname) [2ms]
2026-03-18 10:21:02.985 [info] > git for-each-ref --format=%(refname)%00%(upstream:short)%00%(objectname)%00%(upstream:track)%00%(upstream:remotename)%00%(upstream:remoteref) refs/heads/master refs/remotes/master [7ms]
2026-03-18 10:21:02.990 [info] > git config --get --local branch.master.vscode-merge-base [1ms]
2026-03-18 10:21:02.994 [info] > git config --get commit.template [11ms]
2026-03-18 10:21:02.999 [info] > git for-each-ref --format=%(refname)%00%(upstream:short)%00%(objectname)%00%(upstream:track)%00%(upstream:remotename)%00%(upstream:remoteref) refs/heads/origin/master refs/remotes/origin/master [5ms]
2026-03-18 10:21:03.005 [info] > git merge-base refs/heads/master refs/remotes/origin/master [2ms]
2026-03-18 10:21:03.009 [info] > git for-each-ref --format=%(refname)%00%(upstream:short)%00%(objectname)%00%(upstream:track)%00%(upstream:remotename)%00%(upstream:remoteref) refs/heads/master refs/remotes/master [10ms]
2026-03-18 10:21:03.013 [warning] [Git][revParse] Unable to read file: ENOENT: no such file or directory, open '/home/avi/yay/.git/refs/remotes/origin/master'
2026-03-18 10:21:03.013 [info] > git diff --raw --numstat --diff-filter=ADMR -z --find-renames=50% 1a092538ebdfa373ddb641ab1fe564a2ed62877d...refs/remotes/origin/master -- [4ms]
2026-03-18 10:21:03.014 [info] > git rev-parse refs/remotes/origin/master [1ms]
2026-03-18 10:21:03.020 [info] > git status -z -uall [3ms]
2026-03-18 10:21:03.021 [info] > git for-each-ref --sort -committerdate --format %(refname)%00%(objectname)%00%(*objectname) [1ms]
2026-03-18 10:21:03.210 [info] > git check-ignore -v -z --stdin [4ms]
2026-03-18 10:21:03.210 [info] > git check-ignore -v -z --stdin [2ms]
2026-03-18 10:21:03.215 [info] > git check-ignore -v -z --stdin [1ms]
2026-03-18 10:21:03.224 [info] > git show --textconv :hypr/hyprland.conf [4ms]
2026-03-18 10:21:03.225 [info] > git ls-files --stage -- hypr/hyprland.conf [1ms]
2026-03-18 10:21:03.230 [info] > git cat-file -s 8e72e3253a60ef57cf60684308ac4370fcd8afc8 [2ms]
2026-03-18 10:21:47.303 [info] > git config --get commit.template [5ms]
2026-03-18 10:21:47.304 [info] > git for-each-ref --format=%(refname)%00%(upstream:short)%00%(objectname)%00%(upstream:track)%00%(upstream:remotename)%00%(upstream:remoteref) refs/heads/main refs/remotes/main [2ms]
2026-03-18 10:21:47.312 [info] > git for-each-ref --sort -committerdate --format %(refname)%00%(objectname)%00%(*objectname) [1ms]
2026-03-18 10:21:47.314 [info] > git status -z -uall [7ms]
2026-03-18 10:21:54.505 [info] > git config --get commit.template [5ms]
2026-03-18 10:21:54.506 [info] > git for-each-ref --format=%(refname)%00%(upstream:short)%00%(objectname)%00%(upstream:track)%00%(upstream:remotename)%00%(upstream:remoteref) refs/heads/main refs/remotes/main [2ms]
2026-03-18 10:21:54.514 [info] > git for-each-ref --sort -committerdate --format %(refname)%00%(objectname)%00%(*objectname) [1ms]
2026-03-18 10:21:54.516 [info] > git status -z -uall [6ms]
2026-03-18 10:21:59.533 [info] > git config --get commit.template [5ms]
2026-03-18 10:21:59.534 [info] > git for-each-ref --format=%(refname)%00%(upstream:short)%00%(objectname)%00%(upstream:track)%00%(upstream:remotename)%00%(upstream:remoteref) refs/heads/main refs/remotes/main [1ms]
2026-03-18 10:21:59.542 [info] > git for-each-ref --sort -committerdate --format %(refname)%00%(objectname)%00%(*objectname) [1ms]
2026-03-18 10:21:59.544 [info] > git status -z -uall [6ms]
2026-03-18 10:22:01.563 [info] > git config --get commit.template [6ms]
2026-03-18 10:22:01.564 [info] > git for-each-ref --format=%(refname)%00%(upstream:short)%00%(objectname)%00%(upstream:track)%00%(upstream:remotename)%00%(upstream:remoteref) refs/heads/main refs/remotes/main [2ms]
2026-03-18 10:22:01.571 [info] > git for-each-ref --sort -committerdate --format %(refname)%00%(objectname)%00%(*objectname) [1ms]
2026-03-18 10:22:01.581 [info] > git status -z -uall [14ms]
2026-03-18 10:22:01.898 [info] > git check-ignore -v -z --stdin [2ms]
2026-03-18 10:22:04.558 [info] > git config --get commit.template [6ms]
2026-03-18 10:22:04.559 [info] > git for-each-ref --format=%(refname)%00%(upstream:short)%00%(objectname)%00%(upstream:track)%00%(upstream:remotename)%00%(upstream:remoteref) refs/heads/main refs/remotes/main [2ms]
2026-03-18 10:22:04.567 [info] > git for-each-ref --sort -committerdate --format %(refname)%00%(objectname)%00%(*objectname) [1ms]
2026-03-18 10:22:04.569 [info] > git status -z -uall [6ms]
2026-03-18 10:22:10.921 [info] > git config --get commit.template [6ms]
2026-03-18 10:22:10.921 [info] > git for-each-ref --format=%(refname)%00%(upstream:short)%00%(objectname)%00%(upstream:track)%00%(upstream:remotename)%00%(upstream:remoteref) refs/heads/main refs/remotes/main [1ms]
2026-03-18 10:22:10.930 [info] > git for-each-ref --sort -committerdate --format %(refname)%00%(objectname)%00%(*objectname) [1ms]
2026-03-18 10:22:10.931 [info] > git status -z -uall [6ms]
2026-03-18 10:22:11.032 [info] > git blame --root --incremental 1080875dad9bc8763455b2a66a6a729eb2cbffb7 -- hypr/hyprland.conf [1ms]
2026-03-18 10:22:13.363 [info] > git config --get commit.template [5ms]
2026-03-18 10:22:13.364 [info] > git for-each-ref --format=%(refname)%00%(upstream:short)%00%(objectname)%00%(upstream:track)%00%(upstream:remotename)%00%(upstream:remoteref) refs/heads/main refs/remotes/main [1ms]
2026-03-18 10:22:13.372 [info] > git for-each-ref --sort -committerdate --format %(refname)%00%(objectname)%00%(*objectname) [1ms]
2026-03-18 10:22:13.381 [info] > git status -z -uall [13ms]
2026-03-18 10:22:13.696 [info] > git check-ignore -v -z --stdin [2ms]
2026-03-18 10:22:15.945 [info] > git config --get commit.template [5ms]
2026-03-18 10:22:15.946 [info] > git for-each-ref --format=%(refname)%00%(upstream:short)%00%(objectname)%00%(upstream:track)%00%(upstream:remotename)%00%(upstream:remoteref) refs/heads/main refs/remotes/main [2ms]
2026-03-18 10:22:15.954 [info] > git for-each-ref --sort -committerdate --format %(refname)%00%(objectname)%00%(*objectname) [1ms]
2026-03-18 10:22:15.956 [info] > git status -z -uall [6ms]
2026-03-18 10:22:18.396 [info] > git config --get commit.template [5ms]
2026-03-18 10:22:18.397 [info] > git for-each-ref --format=%(refname)%00%(upstream:short)%00%(objectname)%00%(upstream:track)%00%(upstream:remotename)%00%(upstream:remoteref) refs/heads/main refs/remotes/main [1ms]
2026-03-18 10:22:18.413 [info] > git for-each-ref --sort -committerdate --format %(refname)%00%(objectname)%00%(*objectname) [1ms]
2026-03-18 10:22:18.423 [info] > git status -z -uall [14ms]
2026-03-18 10:22:18.742 [info] > git check-ignore -v -z --stdin [2ms]
2026-03-18 10:22:26.463 [info] > git config --get commit.template [4ms]
2026-03-18 10:22:26.464 [info] > git config --get commit.template [2ms]
2026-03-18 10:22:26.473 [info] > git for-each-ref --format=%(refname)%00%(upstream:short)%00%(objectname)%00%(upstream:track)%00%(upstream:remotename)%00%(upstream:remoteref) refs/heads/main refs/remotes/main [4ms]
2026-03-18 10:22:26.481 [info] > git for-each-ref --format=%(refname)%00%(upstream:short)%00%(objectname)%00%(upstream:track)%00%(upstream:remotename)%00%(upstream:remoteref) refs/heads/main refs/remotes/main [9ms]
2026-03-18 10:22:26.489 [info] > git status -z -uall [12ms]
2026-03-18 10:22:26.489 [info] > git for-each-ref --sort -committerdate --format %(refname)%00%(objectname)%00%(*objectname) [9ms]
2026-03-18 10:22:26.492 [info] > git for-each-ref --sort -committerdate --format %(refname)%00%(objectname)%00%(*objectname) [4ms]
2026-03-18 10:22:26.499 [info] > git status -z -uall [14ms]
2026-03-18 10:22:26.813 [info] > git check-ignore -v -z --stdin [1ms]
2026-03-18 10:22:30.019 [info] > git check-ignore -v -z --stdin [2ms]
2026-03-18 10:22:31.508 [info] > git config --get commit.template [9ms]
2026-03-18 10:22:31.509 [info] > git for-each-ref --format=%(refname)%00%(upstream:short)%00%(objectname)%00%(upstream:track)%00%(upstream:remotename)%00%(upstream:remoteref) refs/heads/main refs/remotes/main [6ms]
2026-03-18 10:22:31.515 [info] > git config --get commit.template [7ms]
2026-03-18 10:22:31.518 [info] > git status -z -uall [7ms]
2026-03-18 10:22:31.518 [info] > git for-each-ref --sort -committerdate --format %(refname)%00%(objectname)%00%(*objectname) [4ms]
2026-03-18 10:22:31.519 [info] > git for-each-ref --format=%(refname)%00%(upstream:short)%00%(objectname)%00%(upstream:track)%00%(upstream:remotename)%00%(upstream:remoteref) refs/heads/main refs/remotes/main [2ms]
2026-03-18 10:22:31.526 [info] > git for-each-ref --sort -committerdate --format %(refname)%00%(objectname)%00%(*objectname) [1ms]
2026-03-18 10:22:31.535 [info] > git status -z -uall [13ms]
2026-03-18 10:22:31.677 [info] > git check-ignore -v -z --stdin [3ms]
2026-03-18 10:22:31.850 [info] > git check-ignore -v -z --stdin [2ms]
2026-03-18 10:22:34.964 [info] > git check-ignore -v -z --stdin [25ms]
2026-03-18 10:22:34.965 [info] > git check-ignore -v -z --stdin [21ms]
2026-03-18 10:22:34.965 [info] > git check-ignore -v -z --stdin [17ms]
2026-03-18 10:22:34.965 [info] > git check-ignore -v -z --stdin [14ms]
2026-03-18 10:22:34.965 [info] > git check-ignore -v -z --stdin [11ms]
2026-03-18 10:22:34.965 [info] > git check-ignore -v -z --stdin [8ms]
2026-03-18 10:22:34.965 [info] > git check-ignore -v -z --stdin [5ms]
2026-03-18 10:22:34.965 [info] > git check-ignore -v -z --stdin [2ms]
2026-03-18 10:22:36.532 [info] > git config --get commit.template [6ms]
2026-03-18 10:22:36.533 [info] > git for-each-ref --format=%(refname)%00%(upstream:short)%00%(objectname)%00%(upstream:track)%00%(upstream:remotename)%00%(upstream:remoteref) refs/heads/main refs/remotes/main [2ms]
2026-03-18 10:22:36.544 [info] > git status -z -uall [7ms]
2026-03-18 10:22:36.544 [info] > git for-each-ref --sort -committerdate --format %(refname)%00%(objectname)%00%(*objectname) [4ms]
2026-03-18 10:22:36.545 [info] > git config --get commit.template [1ms]
2026-03-18 10:22:36.551 [info] > git for-each-ref --format=%(refname)%00%(upstream:short)%00%(objectname)%00%(upstream:track)%00%(upstream:remotename)%00%(upstream:remoteref) refs/heads/main refs/remotes/main [1ms]
2026-03-18 10:22:36.559 [info] > git for-each-ref --sort -committerdate --format %(refname)%00%(objectname)%00%(*objectname) [1ms]
2026-03-18 10:22:36.567 [info] > git status -z -uall [13ms]
2026-03-18 10:22:36.883 [info] > git check-ignore -v -z --stdin [2ms]
2026-03-18 10:22:41.557 [info] > git config --get commit.template [5ms]
2026-03-18 10:22:41.558 [info] > git for-each-ref --format=%(refname)%00%(upstream:short)%00%(objectname)%00%(upstream:track)%00%(upstream:remotename)%00%(upstream:remoteref) refs/heads/main refs/remotes/main [2ms]
2026-03-18 10:22:41.566 [info] > git for-each-ref --sort -committerdate --format %(refname)%00%(objectname)%00%(*objectname) [1ms]
2026-03-18 10:22:41.568 [info] > git status -z -uall [6ms]
2026-03-18 10:22:41.575 [info] > git config --get commit.template [3ms]
2026-03-18 10:22:41.576 [info] > git for-each-ref --format=%(refname)%00%(upstream:short)%00%(objectname)%00%(upstream:track)%00%(upstream:remotename)%00%(upstream:remoteref) refs/heads/main refs/remotes/main [1ms]
2026-03-18 10:22:41.582 [info] > git for-each-ref --sort -committerdate --format %(refname)%00%(objectname)%00%(*objectname) [1ms]
2026-03-18 10:22:41.591 [info] > git status -z -uall [13ms]
2026-03-18 10:22:41.907 [info] > git check-ignore -v -z --stdin [1ms]
2026-03-18 10:22:46.581 [info] > git config --get commit.template [5ms]
2026-03-18 10:22:46.582 [info] > git for-each-ref --format=%(refname)%00%(upstream:short)%00%(objectname)%00%(upstream:track)%00%(upstream:remotename)%00%(upstream:remoteref) refs/heads/main refs/remotes/main [2ms]
2026-03-18 10:22:46.601 [info] > git status -z -uall [8ms]
2026-03-18 10:22:46.601 [info] > git for-each-ref --sort -committerdate --format %(refname)%00%(objectname)%00%(*objectname) [5ms]
2026-03-18 10:22:46.601 [info] > git config --get commit.template [1ms]
2026-03-18 10:22:46.607 [info] > git for-each-ref --format=%(refname)%00%(upstream:short)%00%(objectname)%00%(upstream:track)%00%(upstream:remotename)%00%(upstream:remoteref) refs/heads/main refs/remotes/main [1ms]
2026-03-18 10:22:46.615 [info] > git for-each-ref --sort -committerdate --format %(refname)%00%(objectname)%00%(*objectname) [1ms]
2026-03-18 10:22:46.623 [info] > git status -z -uall [13ms]
2026-03-18 10:22:46.937 [info] > git check-ignore -v -z --stdin [2ms]
