2026-03-17 08:17:46.801 [info] Reading sessions from keychain...
2026-03-17 08:17:46.801 [info] Getting sessions for all scopes...
2026-03-17 08:17:46.989 [info] Got stored sessions!
2026-03-17 08:17:46.989 [info] Got 1 verified sessions.
2026-03-17 08:17:46.989 [info] Got 1 sessions for ...
2026-03-17 08:17:46.989 [info] Getting sessions for all scopes...
2026-03-17 08:17:46.989 [info] Got 1 sessions for ...
2026-03-17 08:17:47.036 [info] Getting sessions for all scopes...
2026-03-17 08:17:47.036 [info] Got 1 sessions for ...
2026-03-17 08:17:47.257 [info] Getting sessions for all scopes...
2026-03-17 08:17:47.257 [info] Got 1 sessions for ...
2026-03-17 08:17:47.309 [info] Getting sessions for read:user,repo,user:email,workflow...
2026-03-17 08:17:47.309 [info] Got 1 sessions for read:user,repo,user:email,workflow...
2026-03-17 08:17:48.082 [info] Getting sessions for all scopes...
2026-03-17 08:17:48.082 [info] Got 1 sessions for ...
2026-03-17 08:17:58.455 [info] Getting sessions for all scopes...
2026-03-17 08:17:58.455 [info] Got 1 sessions for ...
2026-03-17 08:17:58.456 [info] Getting sessions for all scopes...
2026-03-17 08:17:58.456 [info] Got 1 sessions for ...
2026-03-17 08:19:30.146 [info] Getting sessions for all scopes...
2026-03-17 08:19:30.146 [info] Got 1 sessions for ...
2026-03-17 08:19:30.148 [info] Getting sessions for all scopes...
2026-03-17 08:19:30.148 [info] Got 1 sessions for ...
2026-03-17 08:20:26.245 [info] Getting sessions for all scopes...
2026-03-17 08:20:26.245 [info] Got 1 sessions for ...
2026-03-17 08:20:26.246 [info] Getting sessions for all scopes...
2026-03-17 08:20:26.246 [info] Got 1 sessions for ...
2026-03-17 08:21:56.230 [info] Getting sessions for all scopes...
2026-03-17 08:21:56.230 [info] Got 1 sessions for ...
2026-03-17 08:21:56.231 [info] Getting sessions for all scopes...
2026-03-17 08:21:56.231 [info] Got 1 sessions for ...
