2026-02-03 22:27:53.508 [info] [main] Log level: Info
2026-02-03 22:27:53.508 [info] [main] Validating found git in: "git"
2026-02-03 22:27:53.508 [info] [main] Using git "2.53.0" from "git"
2026-02-03 22:27:53.508 [info] [Model][doInitialScan] Initial repository scan started
2026-02-03 22:27:53.508 [info] > git rev-parse --show-toplevel [3ms]
2026-02-03 22:27:53.508 [info] > git rev-parse --git-dir --git-common-dir --show-superproject-working-tree [91ms]
2026-02-03 22:27:53.508 [info] [Model][openRepository] Opened repository (path): /home/avi
2026-02-03 22:27:53.508 [info] [Model][openRepository] Opened repository (real path): /home/avi
2026-02-03 22:27:53.508 [info] [Model][openRepository] Opened repository (kind): repository
2026-02-03 22:27:53.508 [info] > git rev-parse --show-toplevel [11ms]
2026-02-03 22:27:53.508 [info] > git config --get commit.template [15ms]
2026-02-03 22:27:53.508 [info] > git for-each-ref --format=%(refname)%00%(upstream:short)%00%(objectname)%00%(upstream:track)%00%(upstream:remotename)%00%(upstream:remoteref) refs/heads/main refs/remotes/main [4ms]
2026-02-03 22:27:53.538 [info] > git for-each-ref --sort -committerdate --format %(refname)%00%(objectname)%00%(*objectname) [31ms]
2026-02-03 22:27:53.557 [info] > git status -z -uall [56ms]
2026-02-03 22:27:53.586 [info] > git for-each-ref --format=%(refname)%00%(upstream:short)%00%(objectname)%00%(upstream:track)%00%(upstream:remotename)%00%(upstream:remoteref) refs/heads/main refs/remotes/main [9ms]
2026-02-03 22:27:53.596 [info] > git config --get --local branch.main.vscode-merge-base [3ms]
2026-02-03 22:27:53.596 [warning] [Git][config] git config failed: Failed to execute git
2026-02-03 22:27:53.601 [info] > git config --get commit.template [15ms]
2026-02-03 22:27:53.608 [info] > git reflog main --grep-reflog=branch: Created from *. [7ms]
2026-02-03 22:27:53.613 [info] > git for-each-ref --format=%(refname)%00%(upstream:short)%00%(objectname)%00%(upstream:track)%00%(upstream:remotename)%00%(upstream:remoteref) refs/heads/main refs/remotes/main [6ms]
2026-02-03 22:27:53.625 [info] > git symbolic-ref --short refs/remotes/origin/HEAD [13ms]
2026-02-03 22:27:53.625 [info] fatal: ref refs/remotes/origin/HEAD is not a symbolic ref
2026-02-03 22:27:53.625 [warning] [Repository][getDefaultBranch] Failed to get default branch details: Failed to execute git.
2026-02-03 22:27:53.626 [info] > git for-each-ref --sort -committerdate --format %(refname)%00%(objectname)%00%(*objectname) [3ms]
2026-02-03 22:27:53.640 [info] > git status -z -uall [22ms]
2026-02-03 22:27:53.641 [info] > git rev-parse --show-toplevel [7ms]
2026-02-03 22:27:53.650 [info] > git rev-parse --show-toplevel [1ms]
2026-02-03 22:27:53.657 [info] > git rev-parse --show-toplevel [2ms]
2026-02-03 22:27:53.664 [info] > git rev-parse --show-toplevel [2ms]
2026-02-03 22:27:53.664 [info] fatal: this operation must be run in a work tree
2026-02-03 22:27:53.670 [info] > git rev-parse --show-toplevel [1ms]
2026-02-03 22:27:53.677 [info] > git rev-parse --show-toplevel [2ms]
2026-02-03 22:27:53.683 [info] > git rev-parse --show-toplevel [2ms]
2026-02-03 22:27:53.689 [info] > git rev-parse --show-toplevel [1ms]
2026-02-03 22:27:53.696 [info] > git rev-parse --show-toplevel [2ms]
2026-02-03 22:27:53.702 [info] > git rev-parse --show-toplevel [1ms]
2026-02-03 22:27:53.708 [info] > git rev-parse --show-toplevel [1ms]
2026-02-03 22:27:53.715 [info] > git rev-parse --show-toplevel [2ms]
2026-02-03 22:27:53.733 [info] > git rev-parse --git-dir --git-common-dir --show-superproject-working-tree [14ms]
2026-02-03 22:27:53.739 [info] [Model][openRepository] Opened repository (path): /home/avi/.oh-my-zsh
2026-02-03 22:27:53.739 [info] [Model][openRepository] Opened repository (real path): /home/avi/.oh-my-zsh
2026-02-03 22:27:53.739 [info] [Model][openRepository] Opened repository (kind): repository
2026-02-03 22:27:53.754 [info] > git rev-parse --show-toplevel [4ms]
2026-02-03 22:27:53.754 [info] > git config --get commit.template [9ms]
2026-02-03 22:27:53.768 [info] > git rev-parse --show-toplevel [7ms]
2026-02-03 22:27:53.773 [info] > git for-each-ref --format=%(refname)%00%(upstream:short)%00%(objectname)%00%(upstream:track)%00%(upstream:remotename)%00%(upstream:remoteref) refs/heads/master refs/remotes/master [7ms]
2026-02-03 22:27:53.774 [info] > git rev-parse --show-toplevel [1ms]
2026-02-03 22:27:53.789 [info] > git rev-parse --show-toplevel [10ms]
2026-02-03 22:27:53.795 [info] > git for-each-ref --sort -committerdate --format %(refname)%00%(objectname)%00%(*objectname) [6ms]
2026-02-03 22:27:53.796 [info] > git rev-parse --show-toplevel [1ms]
2026-02-03 22:27:53.802 [info] > git rev-parse --show-toplevel [1ms]
2026-02-03 22:27:53.808 [info] > git rev-parse --show-toplevel [1ms]
2026-02-03 22:27:53.815 [info] > git rev-parse --show-toplevel [2ms]
2026-02-03 22:27:53.821 [info] > git rev-parse --show-toplevel [2ms]
2026-02-03 22:27:53.826 [info] > git rev-parse --show-toplevel [1ms]
2026-02-03 22:27:53.832 [info] > git rev-parse --show-toplevel [1ms]
2026-02-03 22:27:53.837 [info] > git rev-parse --show-toplevel [1ms]
2026-02-03 22:27:53.843 [info] > git rev-parse --show-toplevel [2ms]
2026-02-03 22:27:53.851 [info] > git rev-parse --git-dir --git-common-dir --show-superproject-working-tree [4ms]
2026-02-03 22:27:53.855 [info] [Model][openRepository] Opened repository (path): /home/avi/dotfiles
2026-02-03 22:27:53.855 [info] [Model][openRepository] Opened repository (real path): /home/avi/dotfiles
2026-02-03 22:27:53.855 [info] [Model][openRepository] Opened repository (kind): repository
2026-02-03 22:27:53.866 [info] > git rev-parse --show-toplevel [2ms]
2026-02-03 22:27:53.866 [info] > git config --get commit.template [6ms]
2026-02-03 22:27:53.885 [info] > git rev-parse --show-toplevel [12ms]
2026-02-03 22:27:53.890 [info] > git for-each-ref --format=%(refname)%00%(upstream:short)%00%(objectname)%00%(upstream:track)%00%(upstream:remotename)%00%(upstream:remoteref) refs/heads/main refs/remotes/main [10ms]
2026-02-03 22:27:53.890 [warning] [Git][getBranch] No such branch: main
2026-02-03 22:27:53.903 [info] > git status -z -uall [6ms]
2026-02-03 22:27:53.903 [info] > git rev-parse --git-dir --git-common-dir --show-superproject-working-tree [14ms]
2026-02-03 22:27:53.908 [info] [Model][openRepository] Opened repository (path): /home/avi/powerlevel10k
2026-02-03 22:27:53.908 [info] [Model][openRepository] Opened repository (real path): /home/avi/powerlevel10k
2026-02-03 22:27:53.908 [info] [Model][openRepository] Opened repository (kind): repository
2026-02-03 22:27:53.960 [info] > git status -z -uall [175ms]
2026-02-03 22:27:53.988 [info] > git for-each-ref --sort -committerdate --format %(refname)%00%(objectname)%00%(*objectname) [86ms]
2026-02-03 22:27:54.036 [info] > git check-ignore -v -z --stdin [17ms]
2026-02-03 22:27:54.037 [info] > git for-each-ref --format=%(refname)%00%(upstream:short)%00%(objectname)%00%(upstream:track)%00%(upstream:remotename)%00%(upstream:remoteref) refs/heads/main refs/remotes/main [43ms]
2026-02-03 22:27:54.037 [warning] [Git][getBranch] No such branch: main
2026-02-03 22:27:54.038 [error] [GitHistoryProvider][resolveHEADMergeBase] Failed to resolve merge base for main: Error: No such branch: main.
2026-02-03 22:27:54.038 [info] > git for-each-ref --format=%(refname)%00%(upstream:short)%00%(objectname)%00%(upstream:track)%00%(upstream:remotename)%00%(upstream:remoteref) refs/heads/master refs/remotes/master [69ms]
2026-02-03 22:27:54.044 [info] > git rev-parse --show-toplevel [85ms]
2026-02-03 22:27:54.044 [info] > git config --get commit.template [89ms]
2026-02-03 22:27:54.056 [info] > git config --get --local branch.master.vscode-merge-base [13ms]
2026-02-03 22:27:54.062 [info] > git config --get commit.template [28ms]
2026-02-03 22:27:54.062 [info] > git config --get commit.template [34ms]
2026-02-03 22:27:54.069 [info] > git for-each-ref --format=%(refname)%00%(upstream:short)%00%(objectname)%00%(upstream:track)%00%(upstream:remotename)%00%(upstream:remoteref) refs/heads/origin/master refs/remotes/origin/master [8ms]
2026-02-03 22:27:54.076 [info] > git rev-parse --show-toplevel [21ms]
2026-02-03 22:27:54.091 [info] > git merge-base refs/heads/master refs/remotes/origin/master [16ms]
2026-02-03 22:27:54.096 [info] > git for-each-ref --format=%(refname)%00%(upstream:short)%00%(objectname)%00%(upstream:track)%00%(upstream:remotename)%00%(upstream:remoteref) refs/heads/master refs/remotes/master [28ms]
2026-02-03 22:27:54.102 [warning] [Git][revParse] Unable to read file: ENOENT: no such file or directory, open '/home/avi/powerlevel10k/.git/refs/remotes/origin/master'
2026-02-03 22:27:54.122 [info] > git rev-parse --git-dir --git-common-dir --show-superproject-working-tree [31ms]
2026-02-03 22:27:54.127 [info] [Model][openRepository] Opened repository (path): /home/avi/yay
2026-02-03 22:27:54.127 [info] [Model][openRepository] Opened repository (real path): /home/avi/yay
2026-02-03 22:27:54.127 [info] [Model][openRepository] Opened repository (kind): repository
2026-02-03 22:27:54.128 [info] [Model][doInitialScan] Initial repository scan completed - repositories (5), closed repositories (0), parent repositories (0), unsafe repositories (0)
2026-02-03 22:27:54.128 [info] > git for-each-ref --format=%(refname)%00%(upstream:short)%00%(objectname)%00%(upstream:track)%00%(upstream:remotename)%00%(upstream:remoteref) refs/heads/main refs/remotes/main [42ms]
2026-02-03 22:27:54.128 [warning] [Git][getBranch] No such branch: main
2026-02-03 22:27:54.138 [info] > git for-each-ref --format=%(refname)%00%(upstream:short)%00%(objectname)%00%(upstream:track)%00%(upstream:remotename)%00%(upstream:remoteref) refs/heads/master refs/remotes/master [57ms]
2026-02-03 22:27:54.146 [info] > git status -z -uall [13ms]
2026-02-03 22:27:54.146 [info] > git for-each-ref --sort -committerdate --format %(refname)%00%(objectname)%00%(*objectname) [8ms]
2026-02-03 22:27:54.149 [info] > git rev-parse refs/remotes/origin/master [47ms]
2026-02-03 22:27:54.161 [info] > git diff --name-status -z --diff-filter=ADMR --find-renames=50% e0766905519fbc7982a590a195ee7c3e8bb594e8...refs/remotes/origin/master -- [65ms]
2026-02-03 22:27:54.166 [info] > git for-each-ref --sort -committerdate --format %(refname)%00%(objectname)%00%(*objectname) [6ms]
2026-02-03 22:27:54.166 [info] > git config --get commit.template [21ms]
2026-02-03 22:27:54.184 [info] > git status -z -uall [29ms]
2026-02-03 22:27:54.184 [info] > git for-each-ref --format=%(refname)%00%(upstream:short)%00%(objectname)%00%(upstream:track)%00%(upstream:remotename)%00%(upstream:remoteref) refs/heads/master refs/remotes/master [10ms]
2026-02-03 22:27:54.217 [warning] [Git][revParse] Unable to read file: ENOENT: no such file or directory, open '/home/avi/yay/.git/refs/remotes/origin/master'
2026-02-03 22:27:54.223 [info] > git status -z -uall [44ms]
2026-02-03 22:27:54.223 [info] > git for-each-ref --format=%(refname)%00%(upstream:short)%00%(objectname)%00%(upstream:track)%00%(upstream:remotename)%00%(upstream:remoteref) refs/heads/master refs/remotes/master [30ms]
2026-02-03 22:27:54.229 [info] > git for-each-ref --sort -committerdate --format %(refname)%00%(objectname)%00%(*objectname) [45ms]
2026-02-03 22:27:54.231 [info] > git config --get --local branch.master.vscode-merge-base [3ms]
2026-02-03 22:27:54.236 [info] > git config --get commit.template [14ms]
2026-02-03 22:27:54.236 [info] > git rev-parse refs/remotes/origin/master [19ms]
2026-02-03 22:27:54.252 [info] > git status -z -uall [10ms]
2026-02-03 22:27:54.253 [info] > git for-each-ref --sort -committerdate --format %(refname)%00%(objectname)%00%(*objectname) [6ms]
2026-02-03 22:27:54.264 [info] > git for-each-ref --format=%(refname)%00%(upstream:short)%00%(objectname)%00%(upstream:track)%00%(upstream:remotename)%00%(upstream:remoteref) refs/heads/origin/master refs/remotes/origin/master [27ms]
2026-02-03 22:27:54.282 [info] > git merge-base refs/heads/master refs/remotes/origin/master [13ms]
2026-02-03 22:27:54.288 [info] > git for-each-ref --format=%(refname)%00%(upstream:short)%00%(objectname)%00%(upstream:track)%00%(upstream:remotename)%00%(upstream:remoteref) refs/heads/master refs/remotes/master [27ms]
2026-02-03 22:27:54.298 [info] > git config --get --local branch.master.vscode-merge-base [5ms]
2026-02-03 22:27:54.303 [info] > git diff --name-status -z --diff-filter=ADMR --find-renames=50% b97926675aba2d8465325d786cc69de9d9fdec84...refs/remotes/origin/master -- [15ms]
2026-02-03 22:27:54.304 [info] > git config --get commit.template [23ms]
2026-02-03 22:27:54.304 [info] > git for-each-ref --format=%(refname)%00%(upstream:short)%00%(objectname)%00%(upstream:track)%00%(upstream:remotename)%00%(upstream:remoteref) refs/heads/master refs/remotes/master [28ms]
2026-02-03 22:27:54.310 [warning] [Git][revParse] Unable to read file: ENOENT: no such file or directory, open '/home/avi/powerlevel10k/.git/refs/remotes/origin/master'
2026-02-03 22:27:54.311 [info] > git for-each-ref --format=%(refname)%00%(upstream:short)%00%(objectname)%00%(upstream:track)%00%(upstream:remotename)%00%(upstream:remoteref) refs/heads/origin/master refs/remotes/origin/master [8ms]
2026-02-03 22:27:54.325 [info] > git rev-parse refs/remotes/origin/master [15ms]
2026-02-03 22:27:54.337 [info] > git for-each-ref --format=%(refname)%00%(upstream:short)%00%(objectname)%00%(upstream:track)%00%(upstream:remotename)%00%(upstream:remoteref) refs/heads/master refs/remotes/master [15ms]
2026-02-03 22:27:54.337 [info] > git merge-base refs/heads/master refs/remotes/origin/master [21ms]
2026-02-03 22:27:54.348 [warning] [Git][revParse] Unable to read file: ENOENT: no such file or directory, open '/home/avi/yay/.git/refs/remotes/origin/master'
2026-02-03 22:27:54.349 [info] > git status -z -uall [19ms]
2026-02-03 22:27:54.349 [info] > git for-each-ref --sort -committerdate --format %(refname)%00%(objectname)%00%(*objectname) [13ms]
2026-02-03 22:27:54.353 [info] > git rev-parse refs/remotes/origin/master [5ms]
2026-02-03 22:27:54.366 [info] > git diff --name-status -z --diff-filter=ADMR --find-renames=50% 1a092538ebdfa373ddb641ab1fe564a2ed62877d...refs/remotes/origin/master -- [23ms]
2026-02-03 22:27:54.369 [info] > git status -z -uall [10ms]
2026-02-03 22:27:54.369 [info] > git for-each-ref --sort -committerdate --format %(refname)%00%(objectname)%00%(*objectname) [3ms]
2026-02-03 22:27:54.455 [info] > git show --textconv :.config/hypr/hyprland.conf [7ms]
2026-02-03 22:27:54.456 [info] > git ls-files --stage -- .config/hypr/hyprland.conf [2ms]
2026-02-03 22:27:54.462 [info] > git cat-file -s 306f4d7ab20a18265bc277c4d299fde60d4bafb2 [1ms]
2026-02-03 22:27:54.531 [info] > git check-ignore -v -z --stdin [2ms]
