2026-01-30 18:42:09.090 [info] [main] Log level: Info
2026-01-30 18:42:09.090 [info] [main] Validating found git in: "git"
2026-01-30 18:42:09.090 [info] [main] Using git "2.52.0" from "git"
2026-01-30 18:42:09.090 [info] [Model][doInitialScan] Initial repository scan started
2026-01-30 18:42:09.090 [info] > git rev-parse --show-toplevel [8ms]
2026-01-30 18:42:09.090 [info] > git rev-parse --git-dir --git-common-dir --show-superproject-working-tree [4ms]
2026-01-30 18:42:09.090 [info] [Model][openRepository] Opened repository (path): /home/avi/dotfiles
2026-01-30 18:42:09.090 [info] [Model][openRepository] Opened repository (real path): /home/avi/dotfiles
2026-01-30 18:42:09.090 [info] [Model][openRepository] Opened repository (kind): repository
2026-01-30 18:42:09.090 [info] [Model][doInitialScan] Initial repository scan completed - repositories (1), closed repositories (0), parent repositories (0), unsafe repositories (0)
2026-01-30 18:42:09.090 [info] > git config --get commit.template [11ms]
2026-01-30 18:42:09.090 [info] > git for-each-ref --format=%(refname)%00%(upstream:short)%00%(objectname)%00%(upstream:track)%00%(upstream:remotename)%00%(upstream:remoteref) refs/heads/main refs/remotes/main [3ms]
2026-01-30 18:42:09.090 [warning] [Git][getBranch] No such branch: main
2026-01-30 18:42:09.090 [info] > git status -z -uall [9ms]
2026-01-30 18:42:09.090 [info] > git for-each-ref --sort -committerdate --format %(refname)%00%(objectname)%00%(*objectname) [16ms]
2026-01-30 18:42:09.090 [info] > git for-each-ref --format=%(refname)%00%(upstream:short)%00%(objectname)%00%(upstream:track)%00%(upstream:remotename)%00%(upstream:remoteref) refs/heads/main refs/remotes/main [11ms]
2026-01-30 18:42:09.090 [warning] [Git][getBranch] No such branch: main
2026-01-30 18:42:09.090 [error] [GitHistoryProvider][resolveHEADMergeBase] Failed to resolve merge base for main: Error: No such branch: main.
2026-01-30 18:42:09.092 [info] > git config --get commit.template [43ms]
2026-01-30 18:42:09.113 [info] > git for-each-ref --format=%(refname)%00%(upstream:short)%00%(objectname)%00%(upstream:track)%00%(upstream:remotename)%00%(upstream:remoteref) refs/heads/main refs/remotes/main [2ms]
2026-01-30 18:42:09.113 [warning] [Git][getBranch] No such branch: main
2026-01-30 18:42:09.127 [info] > git status -z -uall [8ms]
2026-01-30 18:42:09.128 [info] > git for-each-ref --sort -committerdate --format %(refname)%00%(objectname)%00%(*objectname) [2ms]
