2026-01-30 18:42:08.728 [info] Reading sessions from keychain...
2026-01-30 18:42:08.728 [info] Getting sessions for all scopes...
2026-01-30 18:42:08.728 [info] Got stored sessions!
2026-01-30 18:42:08.728 [info] Got 1 verified sessions.
2026-01-30 18:42:08.728 [info] Got 1 sessions for ...
2026-01-30 18:42:08.728 [info] Getting sessions for all scopes...
2026-01-30 18:42:08.728 [info] Got 1 sessions for ...
2026-01-30 18:42:08.728 [info] Getting sessions for all scopes...
2026-01-30 18:42:08.728 [info] Got 1 sessions for ...
2026-01-30 18:42:08.728 [info] Getting sessions for all scopes...
2026-01-30 18:42:08.728 [info] Got 1 sessions for ...
2026-01-30 18:42:08.728 [info] Getting sessions for all scopes...
2026-01-30 18:42:08.728 [info] Got 1 sessions for ...
2026-01-30 18:42:08.728 [info] Getting sessions for all scopes...
2026-01-30 18:42:08.728 [info] Got 1 sessions for ...
2026-01-30 18:42:08.728 [info] Getting sessions for all scopes...
2026-01-30 18:42:08.728 [info] Got 1 sessions for ...
2026-01-30 18:42:08.728 [info] Getting sessions for all scopes...
2026-01-30 18:42:08.728 [info] Got 1 sessions for ...
2026-01-30 18:42:08.728 [info] Getting sessions for all scopes...
2026-01-30 18:42:08.728 [info] Got 1 sessions for ...
2026-01-30 18:42:08.728 [info] Getting sessions for all scopes...
2026-01-30 18:42:08.728 [info] Got 1 sessions for ...
2026-01-30 18:42:08.728 [info] Getting sessions for all scopes...
2026-01-30 18:42:08.728 [info] Got 1 sessions for ...
2026-01-30 18:42:08.728 [info] Getting sessions for all scopes...
2026-01-30 18:42:08.728 [info] Got 1 sessions for ...
2026-01-30 18:42:08.728 [info] Getting sessions for all scopes...
2026-01-30 18:42:08.728 [info] Got 1 sessions for ...
2026-01-30 18:42:08.728 [info] Getting sessions for all scopes...
2026-01-30 18:42:08.728 [info] Got 1 sessions for ...
2026-01-30 18:42:09.135 [info] Getting sessions for read:user,repo,user:email,workflow...
2026-01-30 18:42:09.135 [info] Got 1 sessions for read:user,repo,user:email,workflow...
2026-01-30 18:42:10.077 [info] Getting sessions for all scopes...
2026-01-30 18:42:10.077 [info] Got 1 sessions for ...
