2026-01-30 18:29:31.658 [info] ChatSessionStore: Migrating 0 chat sessions from storage service to file system
2026-01-30 18:29:31.779 [info] Started local extension host with pid 129690.
2026-01-30 18:29:31.802 [info] Started initializing default profile extensions in extensions installation folder. file:///home/avi/.vscode-oss/extensions
2026-01-30 18:29:31.937 [info] Completed initializing default profile extensions in extensions installation folder. file:///home/avi/.vscode-oss/extensions
2026-01-30 18:29:34.845 [info] [perf] Render performance baseline is 21ms
2026-01-30 18:30:18.731 [info] ChatSessionStore: Migrating 0 chat sessions from storage service to file system
2026-01-30 18:30:18.992 [info] Started local extension host with pid 133728.
2026-01-30 18:30:21.695 [info] [perf] Render performance baseline is 38ms
2026-01-30 18:42:58.492 [error] [Extension Host] GET /repos/avinavarcher12/avi - 404 with id 5240:352D20:A37101:B7AC57:697CAE5A in 562ms
2026-01-30 18:43:01.186 [error] An unknown error occurred. Please consult the log for more details.
2026-01-30 18:56:06.871 [error] TreeError [DebugRepl] Tree input not set: Error: TreeError [DebugRepl] Tree input not set
    at ep.C (vscode-file://vscode-app/usr/lib/code/out/vs/workbench/workbench.desktop.main.js:436:29377)
    at ep.updateChildren (vscode-file://vscode-app/usr/lib/code/out/vs/workbench/workbench.desktop.main.js:436:29158)
    at Sce.value (vscode-file://vscode-app/usr/lib/code/out/vs/workbench/workbench.desktop.main.js:2648:33701)
    at E.C (vscode-file://vscode-app/usr/lib/code/out/vs/workbench/workbench.desktop.main.js:29:2349)
    at E.D (vscode-file://vscode-app/usr/lib/code/out/vs/workbench/workbench.desktop.main.js:29:2419)
    at E.fire (vscode-file://vscode-app/usr/lib/code/out/vs/workbench/workbench.desktop.main.js:29:2637)
    at bTe.setVisible (vscode-file://vscode-app/usr/lib/code/out/vs/workbench/workbench.desktop.main.js:580:2730)
    at vscode-file://vscode-app/usr/lib/code/out/vs/workbench/workbench.desktop.main.js:602:13950
    at Array.map (<anonymous>)
    at jd.setVisible (vscode-file://vscode-app/usr/lib/code/out/vs/workbench/workbench.desktop.main.js:602:13941)
