2026-02-03 22:27:53.112 [info] Reading sessions from keychain...
2026-02-03 22:27:53.112 [info] Getting sessions for all scopes...
2026-02-03 22:27:53.151 [info] Got stored sessions!
2026-02-03 22:27:53.151 [info] Got 1 verified sessions.
2026-02-03 22:27:53.151 [info] Got 1 sessions for ...
2026-02-03 22:27:53.151 [info] Getting sessions for all scopes...
2026-02-03 22:27:53.151 [info] Got 1 sessions for ...
2026-02-03 22:27:53.151 [info] Getting sessions for all scopes...
2026-02-03 22:27:53.151 [info] Got 1 sessions for ...
2026-02-03 22:27:53.151 [info] Getting sessions for all scopes...
2026-02-03 22:27:53.151 [info] Got 1 sessions for ...
2026-02-03 22:27:53.152 [info] Getting sessions for all scopes...
2026-02-03 22:27:53.152 [info] Got 1 sessions for ...
2026-02-03 22:27:53.152 [info] Getting sessions for all scopes...
2026-02-03 22:27:53.152 [info] Got 1 sessions for ...
2026-02-03 22:27:53.152 [info] Getting sessions for all scopes...
2026-02-03 22:27:53.152 [info] Got 1 sessions for ...
2026-02-03 22:27:53.185 [info] Getting sessions for all scopes...
2026-02-03 22:27:53.185 [info] Got 1 sessions for ...
2026-02-03 22:27:53.186 [info] Getting sessions for all scopes...
2026-02-03 22:27:53.186 [info] Got 1 sessions for ...
2026-02-03 22:27:53.186 [info] Getting sessions for all scopes...
2026-02-03 22:27:53.186 [info] Got 1 sessions for ...
2026-02-03 22:27:53.186 [info] Getting sessions for all scopes...
2026-02-03 22:27:53.186 [info] Got 1 sessions for ...
2026-02-03 22:27:53.186 [info] Getting sessions for all scopes...
2026-02-03 22:27:53.186 [info] Got 1 sessions for ...
2026-02-03 22:27:53.186 [info] Getting sessions for all scopes...
2026-02-03 22:27:53.186 [info] Got 1 sessions for ...
2026-02-03 22:27:53.682 [info] Getting sessions for read:user,repo,user:email,workflow...
2026-02-03 22:27:53.682 [info] Got 1 sessions for read:user,repo,user:email,workflow...
2026-02-03 22:27:53.733 [info] Getting sessions for all scopes...
2026-02-03 22:27:53.733 [info] Got 1 sessions for ...
2026-02-03 22:27:54.704 [info] Getting sessions for all scopes...
2026-02-03 22:27:54.704 [info] Got 1 sessions for ...
