2026-02-25 10:37:55.194 [info] [main] Log level: Info
2026-02-25 10:37:55.194 [info] [main] Validating found git in: "git"
2026-02-25 10:37:55.194 [info] [main] Using git "2.53.0" from "git"
2026-02-25 10:37:55.194 [info] [Model][doInitialScan] Initial repository scan started
2026-02-25 10:37:55.194 [info] [Model][doInitialScan] Initial repository scan completed - repositories (0), closed repositories (0), parent repositories (0), unsafe repositories (0)
2026-02-25 10:38:12.281 [info] [main] Log level: Info
2026-02-25 10:38:12.281 [info] [main] Validating found git in: "git"
2026-02-25 10:38:12.281 [info] [main] Using git "2.53.0" from "git"
2026-02-25 10:38:12.281 [info] [Model][doInitialScan] Initial repository scan started
2026-02-25 10:38:12.281 [info] > git rev-parse --show-toplevel [7ms]
2026-02-25 10:38:12.285 [info] > git rev-parse --show-toplevel [1ms]
2026-02-25 10:38:12.286 [info] [Model][doInitialScan] Initial repository scan completed - repositories (0), closed repositories (0), parent repositories (1), unsafe repositories (0)
2026-02-25 10:38:14.118 [info] > git rev-parse --show-toplevel [1ms]
2026-02-25 10:38:21.395 [info] > git rev-parse --show-toplevel [2ms]
2026-02-25 10:38:21.400 [info] > git rev-parse --git-dir --git-common-dir --show-superproject-working-tree [2ms]
2026-02-25 10:38:21.410 [info] [Model][openRepository] Opened repository (path): /home/avi
2026-02-25 10:38:21.410 [info] [Model][openRepository] Opened repository (real path): /home/avi
2026-02-25 10:38:21.410 [info] [Model][openRepository] Opened repository (kind): repository
2026-02-25 10:38:21.418 [info] > git config --get commit.template [2ms]
2026-02-25 10:38:21.424 [info] > git for-each-ref --format=%(refname)%00%(upstream:short)%00%(objectname)%00%(upstream:track)%00%(upstream:remotename)%00%(upstream:remoteref) refs/heads/main refs/remotes/main [2ms]
2026-02-25 10:38:21.432 [info] > git for-each-ref --sort -committerdate --format %(refname)%00%(objectname)%00%(*objectname) [1ms]
2026-02-25 10:38:21.440 [info] > git status -z -uall [13ms]
2026-02-25 10:38:21.459 [info] > git for-each-ref --format=%(refname)%00%(upstream:short)%00%(objectname)%00%(upstream:track)%00%(upstream:remotename)%00%(upstream:remoteref) refs/heads/main refs/remotes/main [4ms]
2026-02-25 10:38:21.464 [info] > git config --get --local branch.main.vscode-merge-base [2ms]
2026-02-25 10:38:21.467 [info] > git config --get commit.template [8ms]
2026-02-25 10:38:21.471 [info] > git for-each-ref --format=%(refname)%00%(upstream:short)%00%(objectname)%00%(upstream:track)%00%(upstream:remotename)%00%(upstream:remoteref) refs/heads/origin/main refs/remotes/origin/main [4ms]
2026-02-25 10:38:21.472 [info] > git for-each-ref --format=%(refname)%00%(upstream:short)%00%(objectname)%00%(upstream:track)%00%(upstream:remotename)%00%(upstream:remoteref) refs/heads/main refs/remotes/main [2ms]
2026-02-25 10:38:21.485 [info] > git for-each-ref --sort -committerdate --format %(refname)%00%(objectname)%00%(*objectname) [8ms]
2026-02-25 10:38:21.487 [info] > git status -z -uall [12ms]
2026-02-25 10:38:21.924 [info] > git check-ignore -v -z --stdin [1ms]
2026-02-25 10:38:24.864 [info] > git log --format=%H%n%aN%n%aE%n%at%n%ct%n%P%n%D%n%B -z --shortstat --diff-merges=first-parent -n50 --skip=0 --topo-order --decorate=full --stdin [56ms]
2026-02-25 10:38:25.373 [info] > git check-ignore -v -z --stdin [1ms]
2026-02-25 10:38:30.577 [info] > git diff --raw --numstat --diff-filter=ADMR -z --find-renames=50% e1ec6b74901655d4e1dc1c11599697a132846fe6...5c509dabd7440041738231083d0fc1f3365c163b -- [1ms]
2026-02-25 10:39:02.903 [info] [main] Log level: Info
2026-02-25 10:39:02.903 [info] [main] Validating found git in: "git"
2026-02-25 10:39:02.903 [info] [main] Using git "2.53.0" from "git"
2026-02-25 10:39:02.903 [info] [Model][doInitialScan] Initial repository scan started
2026-02-25 10:39:02.903 [info] > git rev-parse --show-toplevel [3ms]
2026-02-25 10:39:02.910 [info] > git rev-parse --git-dir --git-common-dir --show-superproject-working-tree [3ms]
2026-02-25 10:39:02.927 [info] [Model][openRepository] Opened repository (path): /home/avi
2026-02-25 10:39:02.927 [info] [Model][openRepository] Opened repository (real path): /home/avi
2026-02-25 10:39:02.927 [info] [Model][openRepository] Opened repository (kind): repository
2026-02-25 10:39:02.945 [info] > git rev-parse --show-toplevel [5ms]
2026-02-25 10:39:02.946 [info] > git config --get commit.template [8ms]
2026-02-25 10:39:02.961 [info] > git rev-parse --show-toplevel [11ms]
2026-02-25 10:39:02.966 [info] > git for-each-ref --format=%(refname)%00%(upstream:short)%00%(objectname)%00%(upstream:track)%00%(upstream:remotename)%00%(upstream:remoteref) refs/heads/main refs/remotes/main [6ms]
2026-02-25 10:39:02.977 [info] > git for-each-ref --sort -committerdate --format %(refname)%00%(objectname)%00%(*objectname) [2ms]
2026-02-25 10:39:02.977 [info] > git rev-parse --show-toplevel [12ms]
2026-02-25 10:39:03.063 [info] > git status -z -uall [92ms]
2026-02-25 10:39:03.095 [info] > git for-each-ref --format=%(refname)%00%(upstream:short)%00%(objectname)%00%(upstream:track)%00%(upstream:remotename)%00%(upstream:remoteref) refs/heads/main refs/remotes/main [17ms]
2026-02-25 10:39:03.098 [info] > git rev-parse --show-toplevel [36ms]
2026-02-25 10:39:03.105 [info] > git config --get --local branch.main.vscode-merge-base [7ms]
2026-02-25 10:39:03.110 [info] > git config --get commit.template [16ms]
2026-02-25 10:39:03.112 [info] > git for-each-ref --format=%(refname)%00%(upstream:short)%00%(objectname)%00%(upstream:track)%00%(upstream:remotename)%00%(upstream:remoteref) refs/heads/origin/main refs/remotes/origin/main [2ms]
2026-02-25 10:39:03.113 [info] > git rev-parse --show-toplevel [9ms]
2026-02-25 10:39:03.113 [info] fatal: this operation must be run in a work tree
2026-02-25 10:39:03.122 [info] > git for-each-ref --format=%(refname)%00%(upstream:short)%00%(objectname)%00%(upstream:track)%00%(upstream:remotename)%00%(upstream:remoteref) refs/heads/main refs/remotes/main [5ms]
2026-02-25 10:39:03.135 [info] > git for-each-ref --sort -committerdate --format %(refname)%00%(objectname)%00%(*objectname) [5ms]
2026-02-25 10:39:03.136 [info] > git rev-parse --show-toplevel [15ms]
2026-02-25 10:39:03.142 [info] > git status -z -uall [16ms]
2026-02-25 10:39:03.142 [info] > git rev-parse --show-toplevel [2ms]
2026-02-25 10:39:03.149 [info] > git rev-parse --show-toplevel [2ms]
2026-02-25 10:39:03.153 [info] > git rev-parse --show-toplevel [1ms]
2026-02-25 10:39:03.158 [info] > git rev-parse --show-toplevel [1ms]
2026-02-25 10:39:03.171 [info] > git rev-parse --show-toplevel [8ms]
2026-02-25 10:39:03.177 [info] > git rev-parse --show-toplevel [1ms]
2026-02-25 10:39:03.181 [info] > git rev-parse --show-toplevel [1ms]
2026-02-25 10:39:03.188 [info] > git rev-parse --git-dir --git-common-dir --show-superproject-working-tree [3ms]
2026-02-25 10:39:03.197 [info] [Model][openRepository] Opened repository (path): /home/avi/.oh-my-zsh
2026-02-25 10:39:03.197 [info] [Model][openRepository] Opened repository (real path): /home/avi/.oh-my-zsh
2026-02-25 10:39:03.197 [info] [Model][openRepository] Opened repository (kind): repository
2026-02-25 10:39:03.208 [info] > git rev-parse --show-toplevel [1ms]
2026-02-25 10:39:03.208 [info] > git config --get commit.template [7ms]
2026-02-25 10:39:03.246 [info] > git rev-parse --show-toplevel [6ms]
2026-02-25 10:39:03.252 [info] > git for-each-ref --format=%(refname)%00%(upstream:short)%00%(objectname)%00%(upstream:track)%00%(upstream:remotename)%00%(upstream:remoteref) refs/heads/master refs/remotes/master [7ms]
2026-02-25 10:39:03.254 [info] > git rev-parse --show-toplevel [3ms]
2026-02-25 10:39:03.266 [info] > git rev-parse --show-toplevel [9ms]
2026-02-25 10:39:03.270 [info] > git for-each-ref --sort -committerdate --format %(refname)%00%(objectname)%00%(*objectname) [4ms]
2026-02-25 10:39:03.271 [info] > git rev-parse --show-toplevel [1ms]
2026-02-25 10:39:03.276 [info] > git rev-parse --show-toplevel [1ms]
2026-02-25 10:39:03.281 [info] > git rev-parse --show-toplevel [1ms]
2026-02-25 10:39:03.285 [info] > git rev-parse --show-toplevel [1ms]
2026-02-25 10:39:03.289 [info] > git rev-parse --show-toplevel [1ms]
2026-02-25 10:39:03.296 [info] > git status -z -uall [35ms]
2026-02-25 10:39:03.296 [info] > git rev-parse --show-toplevel [4ms]
2026-02-25 10:39:03.334 [info] > git for-each-ref --format=%(refname)%00%(upstream:short)%00%(objectname)%00%(upstream:track)%00%(upstream:remotename)%00%(upstream:remoteref) refs/heads/master refs/remotes/master [31ms]
2026-02-25 10:39:03.340 [info] > git config --get --local branch.master.vscode-merge-base [2ms]
2026-02-25 10:39:03.343 [info] > git config --get commit.template [20ms]
2026-02-25 10:39:03.344 [info] > git rev-parse --show-toplevel [24ms]
2026-02-25 10:39:03.350 [info] > git for-each-ref --format=%(refname)%00%(upstream:short)%00%(objectname)%00%(upstream:track)%00%(upstream:remotename)%00%(upstream:remoteref) refs/heads/origin/master refs/remotes/origin/master [7ms]
2026-02-25 10:39:03.358 [info] > git rev-parse --show-toplevel [9ms]
2026-02-25 10:39:03.363 [info] > git for-each-ref --format=%(refname)%00%(upstream:short)%00%(objectname)%00%(upstream:track)%00%(upstream:remotename)%00%(upstream:remoteref) refs/heads/master refs/remotes/master [5ms]
2026-02-25 10:39:03.363 [info] > git merge-base refs/heads/master refs/remotes/origin/master [8ms]
2026-02-25 10:39:03.367 [info] > git rev-parse --show-toplevel [5ms]
2026-02-25 10:39:03.372 [info] > git diff --raw --numstat --diff-filter=ADMR -z --find-renames=50% e0766905519fbc7982a590a195ee7c3e8bb594e8...refs/remotes/origin/master -- [5ms]
2026-02-25 10:39:03.380 [info] > git rev-parse --git-dir --git-common-dir --show-superproject-working-tree [9ms]
2026-02-25 10:39:03.381 [info] > git for-each-ref --sort -committerdate --format %(refname)%00%(objectname)%00%(*objectname) [1ms]
2026-02-25 10:39:03.388 [info] [Model][openRepository] Opened repository (path): /home/avi/WinSur-dark-cursors
2026-02-25 10:39:03.389 [info] [Model][openRepository] Opened repository (real path): /home/avi/WinSur-dark-cursors
2026-02-25 10:39:03.389 [info] [Model][openRepository] Opened repository (kind): repository
2026-02-25 10:39:03.399 [info] > git config --get commit.template [6ms]
2026-02-25 10:39:03.400 [info] > git rev-parse --show-toplevel [3ms]
2026-02-25 10:39:03.407 [info] > git status -z -uall [31ms]
2026-02-25 10:39:03.408 [info] > git for-each-ref --format=%(refname)%00%(upstream:short)%00%(objectname)%00%(upstream:track)%00%(upstream:remotename)%00%(upstream:remoteref) refs/heads/master refs/remotes/master [5ms]
2026-02-25 10:39:03.414 [warning] [Git][revParse] Unable to read file: ENOENT: no such file or directory, open '/home/avi/WinSur-dark-cursors/.git/refs/remotes/origin/master'
2026-02-25 10:39:03.414 [info] > git rev-parse --show-toplevel [7ms]
2026-02-25 10:39:03.418 [info] > git rev-parse refs/remotes/origin/master [5ms]
2026-02-25 10:39:03.425 [info] > git rev-parse --show-toplevel [8ms]
2026-02-25 10:39:03.432 [info] > git for-each-ref --sort -committerdate --format %(refname)%00%(objectname)%00%(*objectname) [8ms]
2026-02-25 10:39:03.433 [info] > git rev-parse --show-toplevel [2ms]
2026-02-25 10:39:03.437 [info] > git status -z -uall [16ms]
2026-02-25 10:39:03.464 [info] > git for-each-ref --format=%(refname)%00%(upstream:short)%00%(objectname)%00%(upstream:track)%00%(upstream:remotename)%00%(upstream:remoteref) refs/heads/master refs/remotes/master [21ms]
2026-02-25 10:39:03.468 [info] > git rev-parse --git-dir --git-common-dir --show-superproject-working-tree [31ms]
2026-02-25 10:39:03.469 [info] > git config --get --local branch.master.vscode-merge-base [1ms]
2026-02-25 10:39:03.473 [info] > git config --get commit.template [9ms]
2026-02-25 10:39:03.483 [info] > git for-each-ref --format=%(refname)%00%(upstream:short)%00%(objectname)%00%(upstream:track)%00%(upstream:remotename)%00%(upstream:remoteref) refs/heads/master refs/remotes/master [6ms]
2026-02-25 10:39:03.483 [info] > git for-each-ref --format=%(refname)%00%(upstream:short)%00%(objectname)%00%(upstream:track)%00%(upstream:remotename)%00%(upstream:remoteref) refs/heads/origin/master refs/remotes/origin/master [10ms]
2026-02-25 10:39:03.491 [warning] [Git][revParse] Unable to read file: ENOENT: no such file or directory, open '/home/avi/WinSur-dark-cursors/.git/refs/remotes/origin/master'
2026-02-25 10:39:03.492 [info] > git check-ignore -v -z --stdin [10ms]
2026-02-25 10:39:03.493 [info] > git rev-parse refs/remotes/origin/master [2ms]
2026-02-25 10:39:03.502 [info] > git merge-base refs/heads/master refs/remotes/origin/master [15ms]
2026-02-25 10:39:03.507 [info] > git for-each-ref --sort -committerdate --format %(refname)%00%(objectname)%00%(*objectname) [5ms]
2026-02-25 10:39:03.510 [info] [Model][openRepository] Opened repository (path): /home/avi/powerlevel10k
2026-02-25 10:39:03.510 [info] [Model][openRepository] Opened repository (real path): /home/avi/powerlevel10k
2026-02-25 10:39:03.510 [info] [Model][openRepository] Opened repository (kind): repository
2026-02-25 10:39:03.518 [info] > git status -z -uall [21ms]
2026-02-25 10:39:03.518 [info] > git diff --raw --numstat --diff-filter=ADMR -z --find-renames=50% 022b4aa0a1f8f90d4cd88ed1a16dc7bcd5f87cc8...refs/remotes/origin/master -- [12ms]
2026-02-25 10:39:03.520 [info] > git rev-parse --show-toplevel [2ms]
2026-02-25 10:39:03.520 [info] > git config --get commit.template [5ms]
2026-02-25 10:39:03.535 [info] > git rev-parse --git-dir --git-common-dir --show-superproject-working-tree [8ms]
2026-02-25 10:39:03.536 [info] > git for-each-ref --format=%(refname)%00%(upstream:short)%00%(objectname)%00%(upstream:track)%00%(upstream:remotename)%00%(upstream:remoteref) refs/heads/master refs/remotes/master [4ms]
2026-02-25 10:39:03.539 [warning] [Git][revParse] Unable to read file: ENOENT: no such file or directory, open '/home/avi/powerlevel10k/.git/refs/remotes/origin/master'
2026-02-25 10:39:03.540 [info] > git rev-parse refs/remotes/origin/master [1ms]
2026-02-25 10:39:03.552 [info] [Model][openRepository] Opened repository (path): /home/avi/rar
2026-02-25 10:39:03.552 [info] [Model][openRepository] Opened repository (real path): /home/avi/rar
2026-02-25 10:39:03.552 [info] [Model][openRepository] Opened repository (kind): repository
2026-02-25 10:39:03.561 [info] > git status -z -uall [17ms]
2026-02-25 10:39:03.561 [info] > git for-each-ref --sort -committerdate --format %(refname)%00%(objectname)%00%(*objectname) [13ms]
2026-02-25 10:39:03.584 [info] > git for-each-ref --format=%(refname)%00%(upstream:short)%00%(objectname)%00%(upstream:track)%00%(upstream:remotename)%00%(upstream:remoteref) refs/heads/master refs/remotes/master [17ms]
2026-02-25 10:39:03.588 [info] > git rev-parse --show-toplevel [28ms]
2026-02-25 10:39:03.588 [info] > git config --get commit.template [32ms]
2026-02-25 10:39:03.594 [info] > git config --get --local branch.master.vscode-merge-base [6ms]
2026-02-25 10:39:03.597 [info] > git config --get commit.template [14ms]
2026-02-25 10:39:03.601 [info] > git rev-parse --show-toplevel [7ms]
2026-02-25 10:39:03.609 [info] > git for-each-ref --format=%(refname)%00%(upstream:short)%00%(objectname)%00%(upstream:track)%00%(upstream:remotename)%00%(upstream:remoteref) refs/heads/origin/master refs/remotes/origin/master [12ms]
2026-02-25 10:39:03.614 [info] > git rev-parse --git-dir --git-common-dir --show-superproject-working-tree [7ms]
2026-02-25 10:39:03.614 [info] > git for-each-ref --format=%(refname)%00%(upstream:short)%00%(objectname)%00%(upstream:track)%00%(upstream:remotename)%00%(upstream:remoteref) refs/heads/master refs/remotes/master [10ms]
2026-02-25 10:39:03.614 [info] > git for-each-ref --format=%(refname)%00%(upstream:short)%00%(objectname)%00%(upstream:track)%00%(upstream:remotename)%00%(upstream:remoteref) refs/heads/master refs/remotes/master [13ms]
2026-02-25 10:39:03.617 [warning] [Git][revParse] Unable to read file: ENOENT: no such file or directory, open '/home/avi/powerlevel10k/.git/refs/remotes/origin/master'
2026-02-25 10:39:03.620 [warning] [Git][revParse] Unable to read file: ENOENT: no such file or directory, open '/home/avi/rar/.git/refs/remotes/origin/master'
2026-02-25 10:39:03.621 [info] > git merge-base refs/heads/master refs/remotes/origin/master [8ms]
2026-02-25 10:39:03.624 [info] > git rev-parse refs/remotes/origin/master [4ms]
2026-02-25 10:39:03.631 [info] > git rev-parse refs/remotes/origin/master [14ms]
2026-02-25 10:39:03.638 [info] > git status -z -uall [11ms]
2026-02-25 10:39:03.638 [info] > git for-each-ref --sort -committerdate --format %(refname)%00%(objectname)%00%(*objectname) [8ms]
2026-02-25 10:39:03.644 [info] > git diff --raw --numstat --diff-filter=ADMR -z --find-renames=50% b97926675aba2d8465325d786cc69de9d9fdec84...refs/remotes/origin/master -- [20ms]
2026-02-25 10:39:03.649 [info] > git status -z -uall [15ms]
2026-02-25 10:39:03.649 [info] > git for-each-ref --format=%(refname)%00%(upstream:short)%00%(objectname)%00%(upstream:track)%00%(upstream:remotename)%00%(upstream:remoteref) refs/heads/master refs/remotes/master [6ms]
2026-02-25 10:39:03.652 [info] > git for-each-ref --sort -committerdate --format %(refname)%00%(objectname)%00%(*objectname) [15ms]
2026-02-25 10:39:03.654 [info] > git config --get --local branch.master.vscode-merge-base [2ms]
2026-02-25 10:39:03.658 [info] > git config --get commit.template [10ms]
2026-02-25 10:39:03.661 [info] [Model][openRepository] Opened repository (path): /home/avi/snapd
2026-02-25 10:39:03.661 [info] [Model][openRepository] Opened repository (real path): /home/avi/snapd
2026-02-25 10:39:03.661 [info] [Model][openRepository] Opened repository (kind): repository
2026-02-25 10:39:03.669 [info] > git for-each-ref --format=%(refname)%00%(upstream:short)%00%(objectname)%00%(upstream:track)%00%(upstream:remotename)%00%(upstream:remoteref) refs/heads/origin/master refs/remotes/origin/master [11ms]
2026-02-25 10:39:03.679 [info] > git merge-base refs/heads/master refs/remotes/origin/master [6ms]
2026-02-25 10:39:03.682 [info] > git rev-parse --show-toplevel [14ms]
2026-02-25 10:39:03.682 [info] > git config --get commit.template [17ms]
2026-02-25 10:39:03.697 [info] > git diff --raw --numstat --diff-filter=ADMR -z --find-renames=50% a15c06ecadcc31c7e659ff27f59592ef2325a68b...refs/remotes/origin/master -- [15ms]
2026-02-25 10:39:03.697 [info] > git for-each-ref --format=%(refname)%00%(upstream:short)%00%(objectname)%00%(upstream:track)%00%(upstream:remotename)%00%(upstream:remoteref) refs/heads/master refs/remotes/master [19ms]
2026-02-25 10:39:03.709 [warning] [Git][revParse] Unable to read file: ENOENT: no such file or directory, open '/home/avi/rar/.git/refs/remotes/origin/master'
2026-02-25 10:39:03.710 [info] > git rev-parse --git-dir --git-common-dir --show-superproject-working-tree [23ms]
2026-02-25 10:39:03.712 [info] > git for-each-ref --format=%(refname)%00%(upstream:short)%00%(objectname)%00%(upstream:track)%00%(upstream:remotename)%00%(upstream:remoteref) refs/heads/master refs/remotes/master [9ms]
2026-02-25 10:39:03.717 [warning] [Git][revParse] Unable to read file: ENOENT: no such file or directory, open '/home/avi/snapd/.git/refs/remotes/origin/master'
2026-02-25 10:39:03.718 [info] > git rev-parse refs/remotes/origin/master [9ms]
2026-02-25 10:39:03.728 [info] > git status -z -uall [6ms]
2026-02-25 10:39:03.728 [info] > git rev-parse refs/remotes/origin/master [11ms]
2026-02-25 10:39:03.742 [info] > git status -z -uall [6ms]
2026-02-25 10:39:03.743 [info] > git for-each-ref --sort -committerdate --format %(refname)%00%(objectname)%00%(*objectname) [16ms]
2026-02-25 10:39:03.745 [info] > git for-each-ref --sort -committerdate --format %(refname)%00%(objectname)%00%(*objectname) [3ms]
2026-02-25 10:39:03.759 [info] > git for-each-ref --format=%(refname)%00%(upstream:short)%00%(objectname)%00%(upstream:track)%00%(upstream:remotename)%00%(upstream:remoteref) refs/heads/master refs/remotes/master [7ms]
2026-02-25 10:39:03.767 [info] [Model][openRepository] Opened repository (path): /home/avi/yay
2026-02-25 10:39:03.767 [info] [Model][openRepository] Opened repository (real path): /home/avi/yay
2026-02-25 10:39:03.767 [info] [Model][openRepository] Opened repository (kind): repository
2026-02-25 10:39:03.776 [info] > git config --get --local branch.master.vscode-merge-base [13ms]
2026-02-25 10:39:03.780 [info] > git config --get commit.template [21ms]
2026-02-25 10:39:03.782 [info] > git rev-parse --show-toplevel [7ms]
2026-02-25 10:39:03.782 [info] [Model][doInitialScan] Initial repository scan completed - repositories (7), closed repositories (0), parent repositories (0), unsafe repositories (0)
2026-02-25 10:39:03.782 [info] > git config --get commit.template [10ms]
2026-02-25 10:39:03.789 [info] > git for-each-ref --format=%(refname)%00%(upstream:short)%00%(objectname)%00%(upstream:track)%00%(upstream:remotename)%00%(upstream:remoteref) refs/heads/origin/master refs/remotes/origin/master [10ms]
2026-02-25 10:39:03.799 [info] > git for-each-ref --format=%(refname)%00%(upstream:short)%00%(objectname)%00%(upstream:track)%00%(upstream:remotename)%00%(upstream:remoteref) refs/heads/master refs/remotes/master [11ms]
2026-02-25 10:39:03.803 [warning] [Git][revParse] Unable to read file: ENOENT: no such file or directory, open '/home/avi/snapd/.git/refs/remotes/origin/master'
2026-02-25 10:39:03.803 [info] > git for-each-ref --format=%(refname)%00%(upstream:short)%00%(objectname)%00%(upstream:track)%00%(upstream:remotename)%00%(upstream:remoteref) refs/heads/master refs/remotes/master [5ms]
2026-02-25 10:39:03.803 [info] > git merge-base refs/heads/master refs/remotes/origin/master [9ms]
2026-02-25 10:39:03.810 [warning] [Git][revParse] Unable to read file: ENOENT: no such file or directory, open '/home/avi/yay/.git/refs/remotes/origin/master'
2026-02-25 10:39:03.810 [info] > git rev-parse refs/remotes/origin/master [7ms]
2026-02-25 10:39:03.817 [info] > git status -z -uall [4ms]
2026-02-25 10:39:03.818 [info] > git rev-parse refs/remotes/origin/master [8ms]
2026-02-25 10:39:03.825 [info] > git diff --raw --numstat --diff-filter=ADMR -z --find-renames=50% 773e6e121654eae297bfc121ad2e2431cac84a94...refs/remotes/origin/master -- [18ms]
2026-02-25 10:39:03.826 [info] > git status -z -uall [4ms]
2026-02-25 10:39:03.826 [info] > git for-each-ref --sort -committerdate --format %(refname)%00%(objectname)%00%(*objectname) [9ms]
2026-02-25 10:39:03.828 [info] > git for-each-ref --sort -committerdate --format %(refname)%00%(objectname)%00%(*objectname) [3ms]
2026-02-25 10:39:03.841 [info] > git for-each-ref --format=%(refname)%00%(upstream:short)%00%(objectname)%00%(upstream:track)%00%(upstream:remotename)%00%(upstream:remoteref) refs/heads/master refs/remotes/master [7ms]
2026-02-25 10:39:03.846 [info] > git config --get --local branch.master.vscode-merge-base [1ms]
2026-02-25 10:39:03.850 [info] > git config --get commit.template [9ms]
2026-02-25 10:39:03.854 [info] > git for-each-ref --format=%(refname)%00%(upstream:short)%00%(objectname)%00%(upstream:track)%00%(upstream:remotename)%00%(upstream:remoteref) refs/heads/origin/master refs/remotes/origin/master [5ms]
2026-02-25 10:39:03.858 [info] > git for-each-ref --format=%(refname)%00%(upstream:short)%00%(objectname)%00%(upstream:track)%00%(upstream:remotename)%00%(upstream:remoteref) refs/heads/master refs/remotes/master [4ms]
2026-02-25 10:39:03.862 [warning] [Git][revParse] Unable to read file: ENOENT: no such file or directory, open '/home/avi/yay/.git/refs/remotes/origin/master'
2026-02-25 10:39:03.862 [info] > git merge-base refs/heads/master refs/remotes/origin/master [4ms]
2026-02-25 10:39:03.866 [info] > git rev-parse refs/remotes/origin/master [5ms]
2026-02-25 10:39:03.873 [info] > git status -z -uall [4ms]
2026-02-25 10:39:03.873 [info] > git diff --raw --numstat --diff-filter=ADMR -z --find-renames=50% 1a092538ebdfa373ddb641ab1fe564a2ed62877d...refs/remotes/origin/master -- [8ms]
2026-02-25 10:39:03.874 [info] > git for-each-ref --sort -committerdate --format %(refname)%00%(objectname)%00%(*objectname) [2ms]
2026-02-25 10:39:04.034 [info] > git check-ignore -v -z --stdin [2ms]
2026-02-25 10:39:04.072 [info] > git check-ignore -v -z --stdin [1ms]
2026-02-25 10:39:04.081 [info] > git show --textconv :.config/hypr/hyprland.conf [4ms]
2026-02-25 10:39:04.082 [info] > git ls-files --stage -- .config/hypr/hyprland.conf [1ms]
2026-02-25 10:39:04.086 [info] > git cat-file -s 306f4d7ab20a18265bc277c4d299fde60d4bafb2 [1ms]
2026-02-25 10:39:46.144 [info] > git config --get commit.template [5ms]
2026-02-25 10:39:46.145 [info] > git for-each-ref --format=%(refname)%00%(upstream:short)%00%(objectname)%00%(upstream:track)%00%(upstream:remotename)%00%(upstream:remoteref) refs/heads/main refs/remotes/main [1ms]
2026-02-25 10:39:46.152 [info] > git for-each-ref --sort -committerdate --format %(refname)%00%(objectname)%00%(*objectname) [1ms]
2026-02-25 10:39:46.160 [info] > git status -z -uall [12ms]
2026-02-25 10:39:53.332 [info] > git config --get commit.template [5ms]
2026-02-25 10:39:53.333 [info] > git for-each-ref --format=%(refname)%00%(upstream:short)%00%(objectname)%00%(upstream:track)%00%(upstream:remotename)%00%(upstream:remoteref) refs/heads/main refs/remotes/main [1ms]
2026-02-25 10:39:53.341 [info] > git for-each-ref --sort -committerdate --format %(refname)%00%(objectname)%00%(*objectname) [1ms]
2026-02-25 10:39:53.349 [info] > git status -z -uall [12ms]
2026-02-25 10:40:00.830 [info] > git config --get commit.template [5ms]
2026-02-25 10:40:00.831 [info] > git for-each-ref --format=%(refname)%00%(upstream:short)%00%(objectname)%00%(upstream:track)%00%(upstream:remotename)%00%(upstream:remoteref) refs/heads/main refs/remotes/main [1ms]
2026-02-25 10:40:00.839 [info] > git for-each-ref --sort -committerdate --format %(refname)%00%(objectname)%00%(*objectname) [1ms]
2026-02-25 10:40:00.848 [info] > git status -z -uall [13ms]
2026-02-25 10:40:05.862 [info] > git config --get commit.template [5ms]
2026-02-25 10:40:05.863 [info] > git for-each-ref --format=%(refname)%00%(upstream:short)%00%(objectname)%00%(upstream:track)%00%(upstream:remotename)%00%(upstream:remoteref) refs/heads/main refs/remotes/main [2ms]
2026-02-25 10:40:05.871 [info] > git for-each-ref --sort -committerdate --format %(refname)%00%(objectname)%00%(*objectname) [1ms]
2026-02-25 10:40:05.880 [info] > git status -z -uall [14ms]
